{"C:\\Users\\Sharan\\Downloads\\Enterprise-Reimbursement\\backend\\server.js": {"path":"C:\\Users\\Sharan\\Downloads\\Enterprise-Reimbursement\\backend\\server.js","statementMap":{"0":{"start":{"line":2,"column":13},"end":{"line":2,"column":33}},"1":{"start":{"line":3,"column":0},"end":{"line":3,"column":65}},"2":{"start":{"line":5,"column":16},"end":{"line":5,"column":34}},"3":{"start":{"line":6,"column":13},"end":{"line":6,"column":28}},"4":{"start":{"line":7,"column":16},"end":{"line":7,"column":42}},"5":{"start":{"line":8,"column":17},"end":{"line":8,"column":36}},"6":{"start":{"line":9,"column":37},"end":{"line":9,"column":65}},"7":{"start":{"line":10,"column":15},"end":{"line":10,"column":40}},"8":{"start":{"line":12,"column":19},"end":{"line":12,"column":43}},"9":{"start":{"line":13,"column":24},"end":{"line":13,"column":53}},"10":{"start":{"line":14,"column":29},"end":{"line":14,"column":63}},"11":{"start":{"line":15,"column":28},"end":{"line":15,"column":62}},"12":{"start":{"line":16,"column":25},"end":{"line":16,"column":55}},"13":{"start":{"line":17,"column":23},"end":{"line":17,"column":52}},"14":{"start":{"line":19,"column":12},"end":{"line":19,"column":21}},"15":{"start":{"line":20,"column":13},"end":{"line":20,"column":37}},"16":{"start":{"line":21,"column":17},"end":{"line":21,"column":54}},"17":{"start":{"line":24,"column":0},"end":{"line":24,"column":31}},"18":{"start":{"line":27,"column":0},"end":{"line":30,"column":4}},"19":{"start":{"line":32,"column":0},"end":{"line":32,"column":24}},"20":{"start":{"line":33,"column":0},"end":{"line":33,"column":48}},"21":{"start":{"line":35,"column":0},"end":{"line":35,"column":69}},"22":{"start":{"line":38,"column":0},"end":{"line":47,"column":4}},"23":{"start":{"line":50,"column":0},"end":{"line":50,"column":31}},"24":{"start":{"line":51,"column":0},"end":{"line":51,"column":28}},"25":{"start":{"line":55,"column":0},"end":{"line":64,"column":5}},"26":{"start":{"line":56,"column":2},"end":{"line":63,"column":3}},"27":{"start":{"line":57,"column":4},"end":{"line":57,"column":31}},"28":{"start":{"line":58,"column":4},"end":{"line":58,"column":64}},"29":{"start":{"line":60,"column":4},"end":{"line":60,"column":75}},"30":{"start":{"line":61,"column":4},"end":{"line":61,"column":76}},"31":{"start":{"line":62,"column":4},"end":{"line":62,"column":97}},"32":{"start":{"line":67,"column":19},"end":{"line":67,"column":51}},"33":{"start":{"line":68,"column":0},"end":{"line":68,"column":42}},"34":{"start":{"line":69,"column":0},"end":{"line":69,"column":57}},"35":{"start":{"line":70,"column":0},"end":{"line":70,"column":52}},"36":{"start":{"line":71,"column":0},"end":{"line":71,"column":55}},"37":{"start":{"line":72,"column":0},"end":{"line":72,"column":61}},"38":{"start":{"line":73,"column":0},"end":{"line":73,"column":51}},"39":{"start":{"line":76,"column":0},"end":{"line":78,"column":3}},"40":{"start":{"line":77,"column":2},"end":{"line":77,"column":59}},"41":{"start":{"line":80,"column":0},"end":{"line":84,"column":3}},"42":{"start":{"line":81,"column":2},"end":{"line":81,"column":51}},"43":{"start":{"line":82,"column":2},"end":{"line":82,"column":42}},"44":{"start":{"line":83,"column":2},"end":{"line":83,"column":59}}},"fnMap":{"0":{"name":"(anonymous_0)","decl":{"start":{"line":55,"column":1},"end":{"line":55,"column":2}},"loc":{"start":{"line":55,"column":13},"end":{"line":64,"column":1}},"line":55},"1":{"name":"(anonymous_1)","decl":{"start":{"line":76,"column":19},"end":{"line":76,"column":20}},"loc":{"start":{"line":76,"column":33},"end":{"line":78,"column":1}},"line":76},"2":{"name":"(anonymous_2)","decl":{"start":{"line":80,"column":17},"end":{"line":80,"column":18}},"loc":{"start":{"line":80,"column":23},"end":{"line":84,"column":1}},"line":80}},"branchMap":{"0":{"loc":{"start":{"line":20,"column":13},"end":{"line":20,"column":37}},"type":"binary-expr","locations":[{"start":{"line":20,"column":13},"end":{"line":20,"column":29}},{"start":{"line":20,"column":33},"end":{"line":20,"column":37}}],"line":20},"1":{"loc":{"start":{"line":21,"column":17},"end":{"line":21,"column":54}},"type":"binary-expr","locations":[{"start":{"line":21,"column":17},"end":{"line":21,"column":37}},{"start":{"line":21,"column":41},"end":{"line":21,"column":54}}],"line":21},"2":{"loc":{"start":{"line":39,"column":10},"end":{"line":39,"column":95}},"type":"binary-expr","locations":[{"start":{"line":39,"column":10},"end":{"line":39,"column":36}},{"start":{"line":39,"column":40},"end":{"line":39,"column":62}},{"start":{"line":39,"column":66},"end":{"line":39,"column":95}}],"line":39},"3":{"loc":{"start":{"line":67,"column":19},"end":{"line":67,"column":51}},"type":"binary-expr","locations":[{"start":{"line":67,"column":19},"end":{"line":67,"column":41}},{"start":{"line":67,"column":45},"end":{"line":67,"column":51}}],"line":67}},"s":{"0":2,"1":2,"2":2,"3":2,"4":2,"5":2,"6":2,"7":2,"8":2,"9":0,"10":0,"11":0,"12":0,"13":0,"14":0,"15":0,"16":0,"17":0,"18":0,"19":0,"20":0,"21":0,"22":0,"23":0,"24":0,"25":0,"26":0,"27":0,"28":0,"29":0,"30":0,"31":0,"32":0,"33":0,"34":0,"35":0,"36":0,"37":0,"38":0,"39":0,"40":0,"41":0,"42":0,"43":0,"44":0},"f":{"0":0,"1":0,"2":0},"b":{"0":[0,0],"1":[0,0],"2":[0,0,0],"3":[0,0]},"_coverageSchema":"1a1c01bbd47fc00a2c39e90264f33305004495a9","hash":"0c9dfe1ba55f070e9ebb9411cf8a706139a4790c"}
,"C:\\Users\\Sharan\\Downloads\\Enterprise-Reimbursement\\backend\\config\\azureConfig.js": {"path":"C:\\Users\\Sharan\\Downloads\\Enterprise-Reimbursement\\backend\\config\\azureConfig.js","statementMap":{"0":{"start":{"line":2,"column":13},"end":{"line":2,"column":33}},"1":{"start":{"line":3,"column":15},"end":{"line":3,"column":41}},"2":{"start":{"line":4,"column":0},"end":{"line":4,"column":71}},"3":{"start":{"line":8,"column":19},"end":{"line":8,"column":63}},"4":{"start":{"line":9,"column":18},"end":{"line":9,"column":59}},"5":{"start":{"line":9,"column":41},"end":{"line":9,"column":58}},"6":{"start":{"line":11,"column":2},"end":{"line":15,"column":3}},"7":{"start":{"line":12,"column":4},"end":{"line":12,"column":90}},"8":{"start":{"line":13,"column":4},"end":{"line":13,"column":77}},"9":{"start":{"line":14,"column":4},"end":{"line":14,"column":17}},"10":{"start":{"line":16,"column":2},"end":{"line":16,"column":14}},"11":{"start":{"line":19,"column":23},"end":{"line":19,"column":40}},"12":{"start":{"line":21,"column":0},"end":{"line":44,"column":2}}},"fnMap":{"0":{"name":"validateEnvVars","decl":{"start":{"line":7,"column":9},"end":{"line":7,"column":24}},"loc":{"start":{"line":7,"column":27},"end":{"line":17,"column":1}},"line":7},"1":{"name":"(anonymous_1)","decl":{"start":{"line":9,"column":34},"end":{"line":9,"column":35}},"loc":{"start":{"line":9,"column":41},"end":{"line":9,"column":58}},"line":9}},"branchMap":{"0":{"loc":{"start":{"line":11,"column":2},"end":{"line":15,"column":3}},"type":"if","locations":[{"start":{"line":11,"column":2},"end":{"line":15,"column":3}},{"start":{},"end":{}}],"line":11},"1":{"loc":{"start":{"line":22,"column":57},"end":{"line":22,"column":93}},"type":"binary-expr","locations":[{"start":{"line":22,"column":57},"end":{"line":22,"column":87}},{"start":{"line":22,"column":91},"end":{"line":22,"column":93}}],"line":22},"2":{"loc":{"start":{"line":23,"column":12},"end":{"line":23,"column":48}},"type":"binary-expr","locations":[{"start":{"line":23,"column":12},"end":{"line":23,"column":42}},{"start":{"line":23,"column":46},"end":{"line":23,"column":48}}],"line":23},"3":{"loc":{"start":{"line":24,"column":16},"end":{"line":24,"column":56}},"type":"binary-expr","locations":[{"start":{"line":24,"column":16},"end":{"line":24,"column":50}},{"start":{"line":24,"column":54},"end":{"line":24,"column":56}}],"line":24},"4":{"loc":{"start":{"line":31,"column":37},"end":{"line":31,"column":73}},"type":"binary-expr","locations":[{"start":{"line":31,"column":37},"end":{"line":31,"column":67}},{"start":{"line":31,"column":71},"end":{"line":31,"column":73}}],"line":31}},"s":{"0":6,"1":6,"2":6,"3":6,"4":6,"5":12,"6":6,"7":0,"8":0,"9":0,"10":6,"11":6,"12":6},"f":{"0":6,"1":12},"b":{"0":[0,6],"1":[6,0],"2":[6,0],"3":[6,0],"4":[6,0]},"_coverageSchema":"1a1c01bbd47fc00a2c39e90264f33305004495a9","hash":"f356c203d265a8bce3f7ca5ad1cafce5039ec64b"}
,"C:\\Users\\Sharan\\Downloads\\Enterprise-Reimbursement\\backend\\config\\database.js": {"path":"C:\\Users\\Sharan\\Downloads\\Enterprise-Reimbursement\\backend\\config\\database.js","statementMap":{"0":{"start":{"line":1,"column":17},"end":{"line":1,"column":30}},"1":{"start":{"line":2,"column":13},"end":{"line":2,"column":33}},"2":{"start":{"line":3,"column":15},"end":{"line":3,"column":41}},"3":{"start":{"line":4,"column":0},"end":{"line":4,"column":71}},"4":{"start":{"line":8,"column":2},"end":{"line":10,"column":3}},"5":{"start":{"line":9,"column":4},"end":{"line":9,"column":67}},"6":{"start":{"line":11,"column":2},"end":{"line":11,"column":14}},"7":{"start":{"line":14,"column":0},"end":{"line":14,"column":22}},"8":{"start":{"line":18,"column":0},"end":{"line":31,"column":1}},"9":{"start":{"line":19,"column":2},"end":{"line":22,"column":5}},"10":{"start":{"line":24,"column":2},"end":{"line":30,"column":5}},"11":{"start":{"line":33,"column":0},"end":{"line":35,"column":3}},"12":{"start":{"line":34,"column":2},"end":{"line":34,"column":51}},"13":{"start":{"line":37,"column":0},"end":{"line":39,"column":3}},"14":{"start":{"line":38,"column":2},"end":{"line":38,"column":66}},"15":{"start":{"line":43,"column":26},"end":{"line":43,"column":58}},"16":{"start":{"line":45,"column":16},"end":{"line":52,"column":7}},"17":{"start":{"line":53,"column":2},"end":{"line":53,"column":26}},"18":{"start":{"line":55,"column":16},"end":{"line":61,"column":3}},"19":{"start":{"line":63,"column":2},"end":{"line":68,"column":3}},"20":{"start":{"line":64,"column":4},"end":{"line":67,"column":6}},"21":{"start":{"line":72,"column":26},"end":{"line":72,"column":58}},"22":{"start":{"line":73,"column":21},"end":{"line":73,"column":43}},"23":{"start":{"line":75,"column":22},"end":{"line":77,"column":3}},"24":{"start":{"line":79,"column":2},"end":{"line":114,"column":3}},"25":{"start":{"line":80,"column":20},"end":{"line":80,"column":119}},"26":{"start":{"line":82,"column":24},"end":{"line":82,"column":69}},"27":{"start":{"line":82,"column":54},"end":{"line":82,"column":67}},"28":{"start":{"line":84,"column":4},"end":{"line":87,"column":5}},"29":{"start":{"line":85,"column":25},"end":{"line":85,"column":116}},"30":{"start":{"line":86,"column":6},"end":{"line":86,"column":35}},"31":{"start":{"line":89,"column":4},"end":{"line":91,"column":5}},"32":{"start":{"line":90,"column":6},"end":{"line":90,"column":94}},"33":{"start":{"line":93,"column":4},"end":{"line":96,"column":5}},"34":{"start":{"line":94,"column":25},"end":{"line":94,"column":119}},"35":{"start":{"line":95,"column":6},"end":{"line":95,"column":35}},"36":{"start":{"line":99,"column":18},"end":{"line":112,"column":9}},"37":{"start":{"line":113,"column":4},"end":{"line":113,"column":28}},"38":{"start":{"line":116,"column":2},"end":{"line":116,"column":87}},"39":{"start":{"line":117,"column":2},"end":{"line":117,"column":81}},"40":{"start":{"line":118,"column":2},"end":{"line":118,"column":85}},"41":{"start":{"line":119,"column":2},"end":{"line":119,"column":91}},"42":{"start":{"line":123,"column":26},"end":{"line":123,"column":58}},"43":{"start":{"line":125,"column":16},"end":{"line":138,"column":7}},"44":{"start":{"line":139,"column":2},"end":{"line":139,"column":26}},"45":{"start":{"line":141,"column":2},"end":{"line":141,"column":104}},"46":{"start":{"line":142,"column":2},"end":{"line":142,"column":106}},"47":{"start":{"line":144,"column":23},"end":{"line":153,"column":3}},"48":{"start":{"line":155,"column":2},"end":{"line":167,"column":3}},"49":{"start":{"line":156,"column":21},"end":{"line":159,"column":5}},"50":{"start":{"line":161,"column":4},"end":{"line":166,"column":5}},"51":{"start":{"line":162,"column":6},"end":{"line":165,"column":8}},"52":{"start":{"line":171,"column":26},"end":{"line":171,"column":58}},"53":{"start":{"line":172,"column":21},"end":{"line":172,"column":43}},"54":{"start":{"line":175,"column":27},"end":{"line":183,"column":7}},"55":{"start":{"line":184,"column":2},"end":{"line":184,"column":37}},"56":{"start":{"line":186,"column":27},"end":{"line":195,"column":7}},"57":{"start":{"line":196,"column":2},"end":{"line":196,"column":37}},"58":{"start":{"line":198,"column":24},"end":{"line":208,"column":7}},"59":{"start":{"line":209,"column":2},"end":{"line":209,"column":34}},"60":{"start":{"line":211,"column":33},"end":{"line":218,"column":7}},"61":{"start":{"line":219,"column":2},"end":{"line":219,"column":43}},"62":{"start":{"line":221,"column":28},"end":{"line":227,"column":3}},"63":{"start":{"line":229,"column":2},"end":{"line":234,"column":3}},"64":{"start":{"line":230,"column":4},"end":{"line":233,"column":6}},"65":{"start":{"line":238,"column":26},"end":{"line":238,"column":58}},"66":{"start":{"line":239,"column":21},"end":{"line":239,"column":43}},"67":{"start":{"line":242,"column":30},"end":{"line":254,"column":7}},"68":{"start":{"line":255,"column":2},"end":{"line":255,"column":40}},"69":{"start":{"line":257,"column":34},"end":{"line":273,"column":7}},"70":{"start":{"line":274,"column":2},"end":{"line":274,"column":44}},"71":{"start":{"line":276,"column":2},"end":{"line":276,"column":122}},"72":{"start":{"line":278,"column":27},"end":{"line":288,"column":7}},"73":{"start":{"line":289,"column":2},"end":{"line":289,"column":37}},"74":{"start":{"line":291,"column":25},"end":{"line":299,"column":7}},"75":{"start":{"line":300,"column":2},"end":{"line":300,"column":35}},"76":{"start":{"line":304,"column":2},"end":{"line":304,"column":103}},"77":{"start":{"line":305,"column":2},"end":{"line":305,"column":101}},"78":{"start":{"line":306,"column":2},"end":{"line":306,"column":131}},"79":{"start":{"line":307,"column":2},"end":{"line":307,"column":111}},"80":{"start":{"line":308,"column":2},"end":{"line":308,"column":135}},"81":{"start":{"line":309,"column":2},"end":{"line":309,"column":129}},"82":{"start":{"line":313,"column":26},"end":{"line":313,"column":78}},"83":{"start":{"line":314,"column":23},"end":{"line":314,"column":93}},"84":{"start":{"line":315,"column":25},"end":{"line":315,"column":97}},"85":{"start":{"line":317,"column":2},"end":{"line":327,"column":3}},"86":{"start":{"line":318,"column":4},"end":{"line":321,"column":6}},"87":{"start":{"line":323,"column":4},"end":{"line":326,"column":6}},"88":{"start":{"line":331,"column":23},"end":{"line":334,"column":1}},"89":{"start":{"line":336,"column":17},"end":{"line":339,"column":1}},"90":{"start":{"line":342,"column":17},"end":{"line":342,"column":46}},"91":{"start":{"line":343,"column":2},"end":{"line":345,"column":3}},"92":{"start":{"line":344,"column":4},"end":{"line":344,"column":67}},"93":{"start":{"line":346,"column":2},"end":{"line":346,"column":13}},"94":{"start":{"line":350,"column":17},"end":{"line":350,"column":40}},"95":{"start":{"line":351,"column":2},"end":{"line":353,"column":3}},"96":{"start":{"line":352,"column":4},"end":{"line":352,"column":62}},"97":{"start":{"line":354,"column":2},"end":{"line":354,"column":14}},"98":{"start":{"line":358,"column":2},"end":{"line":382,"column":3}},"99":{"start":{"line":359,"column":4},"end":{"line":359,"column":67}},"100":{"start":{"line":361,"column":24},"end":{"line":363,"column":5}},"101":{"start":{"line":365,"column":20},"end":{"line":365,"column":88}},"102":{"start":{"line":366,"column":24},"end":{"line":366,"column":98}},"103":{"start":{"line":367,"column":19},"end":{"line":367,"column":77}},"104":{"start":{"line":369,"column":4},"end":{"line":369,"column":40}},"105":{"start":{"line":370,"column":4},"end":{"line":370,"column":48}},"106":{"start":{"line":371,"column":4},"end":{"line":371,"column":49}},"107":{"start":{"line":372,"column":4},"end":{"line":372,"column":54}},"108":{"start":{"line":373,"column":4},"end":{"line":373,"column":57}},"109":{"start":{"line":374,"column":4},"end":{"line":374,"column":26}},"110":{"start":{"line":375,"column":4},"end":{"line":375,"column":31}},"111":{"start":{"line":378,"column":4},"end":{"line":378,"column":60}},"112":{"start":{"line":380,"column":4},"end":{"line":380,"column":56}},"113":{"start":{"line":381,"column":4},"end":{"line":381,"column":16}},"114":{"start":{"line":385,"column":0},"end":{"line":388,"column":2}}},"fnMap":{"0":{"name":"validateDatabaseEnv","decl":{"start":{"line":7,"column":9},"end":{"line":7,"column":28}},"loc":{"start":{"line":7,"column":31},"end":{"line":12,"column":1}},"line":7},"1":{"name":"(anonymous_1)","decl":{"start":{"line":33,"column":19},"end":{"line":33,"column":20}},"loc":{"start":{"line":33,"column":25},"end":{"line":35,"column":1}},"line":33},"2":{"name":"(anonymous_2)","decl":{"start":{"line":37,"column":17},"end":{"line":37,"column":18}},"loc":{"start":{"line":37,"column":26},"end":{"line":39,"column":1}},"line":37},"3":{"name":"createRolesTable","decl":{"start":{"line":42,"column":15},"end":{"line":42,"column":31}},"loc":{"start":{"line":42,"column":45},"end":{"line":69,"column":1}},"line":42},"4":{"name":"createUsersTable","decl":{"start":{"line":71,"column":15},"end":{"line":71,"column":31}},"loc":{"start":{"line":71,"column":53},"end":{"line":120,"column":1}},"line":71},"5":{"name":"(anonymous_5)","decl":{"start":{"line":82,"column":49},"end":{"line":82,"column":50}},"loc":{"start":{"line":82,"column":54},"end":{"line":82,"column":67}},"line":82},"6":{"name":"createDashboardStatsTable","decl":{"start":{"line":122,"column":15},"end":{"line":122,"column":40}},"loc":{"start":{"line":122,"column":54},"end":{"line":168,"column":1}},"line":122},"7":{"name":"createMasterDataTables","decl":{"start":{"line":170,"column":15},"end":{"line":170,"column":37}},"loc":{"start":{"line":170,"column":59},"end":{"line":235,"column":1}},"line":170},"8":{"name":"createReimbursementTables","decl":{"start":{"line":237,"column":15},"end":{"line":237,"column":40}},"loc":{"start":{"line":237,"column":62},"end":{"line":301,"column":1}},"line":237},"9":{"name":"(anonymous_9)","decl":{"start":{"line":276,"column":112},"end":{"line":276,"column":113}},"loc":{"start":{"line":276,"column":118},"end":{"line":276,"column":120}},"line":276},"10":{"name":"createIndexes","decl":{"start":{"line":303,"column":15},"end":{"line":303,"column":28}},"loc":{"start":{"line":303,"column":31},"end":{"line":310,"column":1}},"line":303},"11":{"name":"assignDefaultRoles","decl":{"start":{"line":312,"column":15},"end":{"line":312,"column":33}},"loc":{"start":{"line":312,"column":36},"end":{"line":328,"column":1}},"line":312},"12":{"name":"validateIdColumnDef","decl":{"start":{"line":341,"column":9},"end":{"line":341,"column":28}},"loc":{"start":{"line":341,"column":34},"end":{"line":347,"column":1}},"line":341},"13":{"name":"validateFkType","decl":{"start":{"line":349,"column":9},"end":{"line":349,"column":23}},"loc":{"start":{"line":349,"column":30},"end":{"line":355,"column":1}},"line":349},"14":{"name":"initializeDatabase","decl":{"start":{"line":357,"column":15},"end":{"line":357,"column":33}},"loc":{"start":{"line":357,"column":36},"end":{"line":383,"column":1}},"line":357}},"branchMap":{"0":{"loc":{"start":{"line":8,"column":2},"end":{"line":10,"column":3}},"type":"if","locations":[{"start":{"line":8,"column":2},"end":{"line":10,"column":3}},{"start":{},"end":{}}],"line":8},"1":{"loc":{"start":{"line":8,"column":6},"end":{"line":8,"column":55}},"type":"binary-expr","locations":[{"start":{"line":8,"column":6},"end":{"line":8,"column":31}},{"start":{"line":8,"column":35},"end":{"line":8,"column":55}}],"line":8},"2":{"loc":{"start":{"line":18,"column":0},"end":{"line":31,"column":1}},"type":"if","locations":[{"start":{"line":18,"column":0},"end":{"line":31,"column":1}},{"start":{"line":23,"column":7},"end":{"line":31,"column":1}}],"line":18},"3":{"loc":{"start":{"line":21,"column":9},"end":{"line":21,"column":86}},"type":"cond-expr","locations":[{"start":{"line":21,"column":49},"end":{"line":21,"column":78}},{"start":{"line":21,"column":81},"end":{"line":21,"column":86}}],"line":21},"4":{"loc":{"start":{"line":25,"column":10},"end":{"line":25,"column":44}},"type":"binary-expr","locations":[{"start":{"line":25,"column":10},"end":{"line":25,"column":29}},{"start":{"line":25,"column":33},"end":{"line":25,"column":44}}],"line":25},"5":{"loc":{"start":{"line":26,"column":10},"end":{"line":26,"column":58}},"type":"binary-expr","locations":[{"start":{"line":26,"column":10},"end":{"line":26,"column":50}},{"start":{"line":26,"column":54},"end":{"line":26,"column":58}}],"line":26},"6":{"loc":{"start":{"line":27,"column":14},"end":{"line":27,"column":57}},"type":"binary-expr","locations":[{"start":{"line":27,"column":14},"end":{"line":27,"column":33}},{"start":{"line":27,"column":37},"end":{"line":27,"column":57}}],"line":27},"7":{"loc":{"start":{"line":28,"column":10},"end":{"line":28,"column":39}},"type":"binary-expr","locations":[{"start":{"line":28,"column":10},"end":{"line":28,"column":29}},{"start":{"line":28,"column":33},"end":{"line":28,"column":39}}],"line":28},"8":{"loc":{"start":{"line":29,"column":14},"end":{"line":29,"column":47}},"type":"binary-expr","locations":[{"start":{"line":29,"column":14},"end":{"line":29,"column":37}},{"start":{"line":29,"column":41},"end":{"line":29,"column":47}}],"line":29},"9":{"loc":{"start":{"line":79,"column":2},"end":{"line":114,"column":3}},"type":"if","locations":[{"start":{"line":79,"column":2},"end":{"line":114,"column":3}},{"start":{"line":97,"column":9},"end":{"line":114,"column":3}}],"line":79},"10":{"loc":{"start":{"line":84,"column":4},"end":{"line":87,"column":5}},"type":"if","locations":[{"start":{"line":84,"column":4},"end":{"line":87,"column":5}},{"start":{},"end":{}}],"line":84},"11":{"loc":{"start":{"line":89,"column":4},"end":{"line":91,"column":5}},"type":"if","locations":[{"start":{"line":89,"column":4},"end":{"line":91,"column":5}},{"start":{},"end":{}}],"line":89},"12":{"loc":{"start":{"line":93,"column":4},"end":{"line":96,"column":5}},"type":"if","locations":[{"start":{"line":93,"column":4},"end":{"line":96,"column":5}},{"start":{},"end":{}}],"line":93},"13":{"loc":{"start":{"line":161,"column":4},"end":{"line":166,"column":5}},"type":"if","locations":[{"start":{"line":161,"column":4},"end":{"line":166,"column":5}},{"start":{},"end":{}}],"line":161},"14":{"loc":{"start":{"line":164,"column":33},"end":{"line":164,"column":54}},"type":"binary-expr","locations":[{"start":{"line":164,"column":33},"end":{"line":164,"column":46}},{"start":{"line":164,"column":50},"end":{"line":164,"column":54}}],"line":164},"15":{"loc":{"start":{"line":313,"column":26},"end":{"line":313,"column":78}},"type":"binary-expr","locations":[{"start":{"line":313,"column":26},"end":{"line":313,"column":55}},{"start":{"line":313,"column":59},"end":{"line":313,"column":78}}],"line":313},"16":{"loc":{"start":{"line":317,"column":2},"end":{"line":327,"column":3}},"type":"if","locations":[{"start":{"line":317,"column":2},"end":{"line":327,"column":3}},{"start":{},"end":{}}],"line":317},"17":{"loc":{"start":{"line":317,"column":6},"end":{"line":317,"column":68}},"type":"binary-expr","locations":[{"start":{"line":317,"column":6},"end":{"line":317,"column":34}},{"start":{"line":317,"column":38},"end":{"line":317,"column":68}}],"line":317},"18":{"loc":{"start":{"line":343,"column":2},"end":{"line":345,"column":3}},"type":"if","locations":[{"start":{"line":343,"column":2},"end":{"line":345,"column":3}},{"start":{},"end":{}}],"line":343},"19":{"loc":{"start":{"line":351,"column":2},"end":{"line":353,"column":3}},"type":"if","locations":[{"start":{"line":351,"column":2},"end":{"line":353,"column":3}},{"start":{},"end":{}}],"line":351},"20":{"loc":{"start":{"line":365,"column":20},"end":{"line":365,"column":88}},"type":"binary-expr","locations":[{"start":{"line":365,"column":20},"end":{"line":365,"column":44}},{"start":{"line":365,"column":48},"end":{"line":365,"column":88}}],"line":365},"21":{"loc":{"start":{"line":366,"column":44},"end":{"line":366,"column":97}},"type":"cond-expr","locations":[{"start":{"line":366,"column":54},"end":{"line":366,"column":73}},{"start":{"line":366,"column":76},"end":{"line":366,"column":97}}],"line":366},"22":{"loc":{"start":{"line":367,"column":34},"end":{"line":367,"column":76}},"type":"cond-expr","locations":[{"start":{"line":367,"column":44},"end":{"line":367,"column":57}},{"start":{"line":367,"column":60},"end":{"line":367,"column":76}}],"line":367}},"s":{"0":10,"1":10,"2":10,"3":10,"4":10,"5":0,"6":10,"7":10,"8":10,"9":10,"10":0,"11":10,"12":1,"13":10,"14":0,"15":6,"16":6,"17":6,"18":6,"19":6,"20":30,"21":6,"22":6,"23":6,"24":6,"25":6,"26":6,"27":72,"28":6,"29":0,"30":0,"31":6,"32":0,"33":6,"34":0,"35":0,"36":0,"37":0,"38":6,"39":6,"40":6,"41":6,"42":6,"43":6,"44":6,"45":6,"46":6,"47":6,"48":6,"49":48,"50":48,"51":0,"52":6,"53":6,"54":6,"55":6,"56":6,"57":6,"58":6,"59":6,"60":6,"61":6,"62":6,"63":6,"64":30,"65":6,"66":6,"67":6,"68":6,"69":6,"70":6,"71":6,"72":6,"73":6,"74":6,"75":6,"76":6,"77":6,"78":6,"79":6,"80":6,"81":6,"82":6,"83":6,"84":6,"85":6,"86":6,"87":6,"88":10,"89":10,"90":36,"91":36,"92":0,"93":36,"94":24,"95":24,"96":0,"97":24,"98":6,"99":6,"100":6,"101":6,"102":6,"103":6,"104":6,"105":6,"106":6,"107":6,"108":6,"109":6,"110":6,"111":6,"112":0,"113":0,"114":10},"f":{"0":10,"1":1,"2":0,"3":6,"4":6,"5":72,"6":6,"7":6,"8":6,"9":0,"10":6,"11":6,"12":36,"13":24,"14":6},"b":{"0":[0,10],"1":[10,0],"2":[10,0],"3":[0,10],"4":[0,0],"5":[0,0],"6":[0,0],"7":[0,0],"8":[0,0],"9":[6,0],"10":[0,6],"11":[0,6],"12":[0,6],"13":[0,48],"14":[0,0],"15":[6,6],"16":[6,0],"17":[6,6],"18":[0,36],"19":[0,24],"20":[6,6],"21":[6,0],"22":[6,0]},"_coverageSchema":"1a1c01bbd47fc00a2c39e90264f33305004495a9","hash":"9f21b70f9bb2d64ec78de0b3d3c9d509e00660c3"}
,"C:\\Users\\Sharan\\Downloads\\Enterprise-Reimbursement\\backend\\middleware\\roleChecks.js": {"path":"C:\\Users\\Sharan\\Downloads\\Enterprise-Reimbursement\\backend\\middleware\\roleChecks.js","statementMap":{"0":{"start":{"line":2,"column":15},"end":{"line":2,"column":41}},"1":{"start":{"line":5,"column":2},"end":{"line":27,"column":4}},"2":{"start":{"line":6,"column":4},"end":{"line":8,"column":5}},"3":{"start":{"line":7,"column":6},"end":{"line":7,"column":84}},"4":{"start":{"line":10,"column":4},"end":{"line":26,"column":5}},"5":{"start":{"line":11,"column":19},"end":{"line":11,"column":44}},"6":{"start":{"line":12,"column":19},"end":{"line":12,"column":67}},"7":{"start":{"line":14,"column":6},"end":{"line":19,"column":7}},"8":{"start":{"line":15,"column":8},"end":{"line":18,"column":11}},"9":{"start":{"line":21,"column":6},"end":{"line":21,"column":22}},"10":{"start":{"line":22,"column":6},"end":{"line":22,"column":13}},"11":{"start":{"line":24,"column":6},"end":{"line":24,"column":68}},"12":{"start":{"line":25,"column":6},"end":{"line":25,"column":93}},"13":{"start":{"line":30,"column":18},"end":{"line":30,"column":54}},"14":{"start":{"line":31,"column":13},"end":{"line":31,"column":44}},"15":{"start":{"line":32,"column":18},"end":{"line":32,"column":54}},"16":{"start":{"line":33,"column":21},"end":{"line":33,"column":60}},"17":{"start":{"line":35,"column":0},"end":{"line":41,"column":2}}},"fnMap":{"0":{"name":"createRoleCheckMiddleware","decl":{"start":{"line":4,"column":9},"end":{"line":4,"column":34}},"loc":{"start":{"line":4,"column":49},"end":{"line":28,"column":1}},"line":4},"1":{"name":"(anonymous_1)","decl":{"start":{"line":5,"column":9},"end":{"line":5,"column":10}},"loc":{"start":{"line":5,"column":35},"end":{"line":27,"column":3}},"line":5}},"branchMap":{"0":{"loc":{"start":{"line":6,"column":4},"end":{"line":8,"column":5}},"type":"if","locations":[{"start":{"line":6,"column":4},"end":{"line":8,"column":5}},{"start":{},"end":{}}],"line":6},"1":{"loc":{"start":{"line":12,"column":39},"end":{"line":12,"column":66}},"type":"binary-expr","locations":[{"start":{"line":12,"column":39},"end":{"line":12,"column":50}},{"start":{"line":12,"column":54},"end":{"line":12,"column":66}}],"line":12},"2":{"loc":{"start":{"line":14,"column":6},"end":{"line":19,"column":7}},"type":"if","locations":[{"start":{"line":14,"column":6},"end":{"line":19,"column":7}},{"start":{},"end":{}}],"line":14},"3":{"loc":{"start":{"line":14,"column":10},"end":{"line":14,"column":56}},"type":"binary-expr","locations":[{"start":{"line":14,"column":10},"end":{"line":14,"column":21}},{"start":{"line":14,"column":25},"end":{"line":14,"column":56}}],"line":14}},"s":{"0":5,"1":29,"2":50,"3":2,"4":48,"5":48,"6":48,"7":40,"8":30,"9":10,"10":10,"11":8,"12":8,"13":5,"14":5,"15":5,"16":5,"17":5},"f":{"0":29,"1":50},"b":{"0":[2,48],"1":[48,1],"2":[30,10],"3":[40,12]},"_coverageSchema":"1a1c01bbd47fc00a2c39e90264f33305004495a9","hash":"78613620778f45a16fce8ee5fbe0f05d2adefdae"}
,"C:\\Users\\Sharan\\Downloads\\Enterprise-Reimbursement\\backend\\middleware\\upload.js": {"path":"C:\\Users\\Sharan\\Downloads\\Enterprise-Reimbursement\\backend\\middleware\\upload.js","statementMap":{"0":{"start":{"line":1,"column":15},"end":{"line":1,"column":32}},"1":{"start":{"line":2,"column":13},"end":{"line":2,"column":33}},"2":{"start":{"line":3,"column":11},"end":{"line":3,"column":29}},"3":{"start":{"line":4,"column":15},"end":{"line":4,"column":37}},"4":{"start":{"line":6,"column":19},"end":{"line":6,"column":74}},"5":{"start":{"line":8,"column":0},"end":{"line":10,"column":1}},"6":{"start":{"line":9,"column":2},"end":{"line":9,"column":48}},"7":{"start":{"line":12,"column":16},"end":{"line":24,"column":2}},"8":{"start":{"line":14,"column":4},"end":{"line":14,"column":25}},"9":{"start":{"line":18,"column":24},"end":{"line":18,"column":61}},"10":{"start":{"line":19,"column":25},"end":{"line":19,"column":55}},"11":{"start":{"line":20,"column":16},"end":{"line":20,"column":47}},"12":{"start":{"line":21,"column":17},"end":{"line":21,"column":54}},"13":{"start":{"line":22,"column":4},"end":{"line":22,"column":46}},"14":{"start":{"line":26,"column":19},"end":{"line":36,"column":1}},"15":{"start":{"line":27,"column":23},"end":{"line":27,"column":59}},"16":{"start":{"line":28,"column":18},"end":{"line":28,"column":82}},"17":{"start":{"line":29,"column":19},"end":{"line":29,"column":51}},"18":{"start":{"line":31,"column":2},"end":{"line":35,"column":3}},"19":{"start":{"line":32,"column":4},"end":{"line":32,"column":26}},"20":{"start":{"line":34,"column":4},"end":{"line":34,"column":93}},"21":{"start":{"line":38,"column":15},"end":{"line":44,"column":2}},"22":{"start":{"line":46,"column":0},"end":{"line":46,"column":24}}},"fnMap":{"0":{"name":"(anonymous_0)","decl":{"start":{"line":13,"column":15},"end":{"line":13,"column":16}},"loc":{"start":{"line":13,"column":34},"end":{"line":15,"column":3}},"line":13},"1":{"name":"(anonymous_1)","decl":{"start":{"line":16,"column":12},"end":{"line":16,"column":13}},"loc":{"start":{"line":16,"column":31},"end":{"line":23,"column":3}},"line":16},"2":{"name":"(anonymous_2)","decl":{"start":{"line":26,"column":19},"end":{"line":26,"column":20}},"loc":{"start":{"line":26,"column":38},"end":{"line":36,"column":1}},"line":26}},"branchMap":{"0":{"loc":{"start":{"line":8,"column":0},"end":{"line":10,"column":1}},"type":"if","locations":[{"start":{"line":8,"column":0},"end":{"line":10,"column":1}},{"start":{},"end":{}}],"line":8},"1":{"loc":{"start":{"line":31,"column":2},"end":{"line":35,"column":3}},"type":"if","locations":[{"start":{"line":31,"column":2},"end":{"line":35,"column":3}},{"start":{"line":33,"column":9},"end":{"line":35,"column":3}}],"line":31},"2":{"loc":{"start":{"line":31,"column":6},"end":{"line":31,"column":25}},"type":"binary-expr","locations":[{"start":{"line":31,"column":6},"end":{"line":31,"column":14}},{"start":{"line":31,"column":18},"end":{"line":31,"column":25}}],"line":31}},"s":{"0":15,"1":15,"2":15,"3":15,"4":15,"5":15,"6":13,"7":15,"8":0,"9":0,"10":0,"11":0,"12":0,"13":0,"14":15,"15":0,"16":0,"17":0,"18":0,"19":0,"20":0,"21":15,"22":15},"f":{"0":0,"1":0,"2":0},"b":{"0":[13,2],"1":[0,0],"2":[0,0]},"_coverageSchema":"1a1c01bbd47fc00a2c39e90264f33305004495a9","hash":"4697cd20b34be29011cc16af3ac9efd08b76be16"}
,"C:\\Users\\Sharan\\Downloads\\Enterprise-Reimbursement\\backend\\models\\Role.js": {"path":"C:\\Users\\Sharan\\Downloads\\Enterprise-Reimbursement\\backend\\models\\Role.js","statementMap":{"0":{"start":{"line":1,"column":17},"end":{"line":1,"column":46}},"1":{"start":{"line":5,"column":4},"end":{"line":5,"column":22}},"2":{"start":{"line":6,"column":4},"end":{"line":6,"column":26}},"3":{"start":{"line":7,"column":4},"end":{"line":7,"column":61}},"4":{"start":{"line":8,"column":4},"end":{"line":8,"column":40}},"5":{"start":{"line":9,"column":4},"end":{"line":9,"column":55}},"6":{"start":{"line":10,"column":4},"end":{"line":10,"column":55}},"7":{"start":{"line":14,"column":4},"end":{"line":19,"column":6}},"8":{"start":{"line":23,"column":4},"end":{"line":29,"column":5}},"9":{"start":{"line":24,"column":21},"end":{"line":24,"column":72}},"10":{"start":{"line":25,"column":6},"end":{"line":25,"column":51}},"11":{"start":{"line":25,"column":36},"end":{"line":25,"column":49}},"12":{"start":{"line":27,"column":6},"end":{"line":27,"column":51}},"13":{"start":{"line":28,"column":6},"end":{"line":28,"column":18}},"14":{"start":{"line":33,"column":4},"end":{"line":42,"column":5}},"15":{"start":{"line":34,"column":21},"end":{"line":34,"column":80}},"16":{"start":{"line":35,"column":6},"end":{"line":37,"column":7}},"17":{"start":{"line":36,"column":8},"end":{"line":36,"column":20}},"18":{"start":{"line":38,"column":6},"end":{"line":38,"column":38}},"19":{"start":{"line":40,"column":6},"end":{"line":40,"column":56}},"20":{"start":{"line":41,"column":6},"end":{"line":41,"column":18}},"21":{"start":{"line":46,"column":4},"end":{"line":55,"column":5}},"22":{"start":{"line":47,"column":21},"end":{"line":47,"column":84}},"23":{"start":{"line":48,"column":6},"end":{"line":50,"column":7}},"24":{"start":{"line":49,"column":8},"end":{"line":49,"column":20}},"25":{"start":{"line":51,"column":6},"end":{"line":51,"column":38}},"26":{"start":{"line":53,"column":6},"end":{"line":53,"column":58}},"27":{"start":{"line":54,"column":6},"end":{"line":54,"column":18}},"28":{"start":{"line":59,"column":0},"end":{"line":59,"column":22}}},"fnMap":{"0":{"name":"(anonymous_0)","decl":{"start":{"line":4,"column":2},"end":{"line":4,"column":3}},"loc":{"start":{"line":4,"column":20},"end":{"line":11,"column":3}},"line":4},"1":{"name":"(anonymous_1)","decl":{"start":{"line":13,"column":2},"end":{"line":13,"column":3}},"loc":{"start":{"line":13,"column":11},"end":{"line":20,"column":3}},"line":13},"2":{"name":"(anonymous_2)","decl":{"start":{"line":22,"column":2},"end":{"line":22,"column":3}},"loc":{"start":{"line":22,"column":25},"end":{"line":30,"column":3}},"line":22},"3":{"name":"(anonymous_3)","decl":{"start":{"line":25,"column":29},"end":{"line":25,"column":30}},"loc":{"start":{"line":25,"column":36},"end":{"line":25,"column":49}},"line":25},"4":{"name":"(anonymous_4)","decl":{"start":{"line":32,"column":2},"end":{"line":32,"column":3}},"loc":{"start":{"line":32,"column":28},"end":{"line":43,"column":3}},"line":32},"5":{"name":"(anonymous_5)","decl":{"start":{"line":45,"column":2},"end":{"line":45,"column":3}},"loc":{"start":{"line":45,"column":32},"end":{"line":56,"column":3}},"line":45}},"branchMap":{"0":{"loc":{"start":{"line":7,"column":23},"end":{"line":7,"column":60}},"type":"binary-expr","locations":[{"start":{"line":7,"column":23},"end":{"line":7,"column":40}},{"start":{"line":7,"column":44},"end":{"line":7,"column":60}}],"line":7},"1":{"loc":{"start":{"line":9,"column":21},"end":{"line":9,"column":54}},"type":"binary-expr","locations":[{"start":{"line":9,"column":21},"end":{"line":9,"column":36}},{"start":{"line":9,"column":40},"end":{"line":9,"column":54}}],"line":9},"2":{"loc":{"start":{"line":10,"column":21},"end":{"line":10,"column":54}},"type":"binary-expr","locations":[{"start":{"line":10,"column":21},"end":{"line":10,"column":36}},{"start":{"line":10,"column":40},"end":{"line":10,"column":54}}],"line":10},"3":{"loc":{"start":{"line":35,"column":6},"end":{"line":37,"column":7}},"type":"if","locations":[{"start":{"line":35,"column":6},"end":{"line":37,"column":7}},{"start":{},"end":{}}],"line":35},"4":{"loc":{"start":{"line":48,"column":6},"end":{"line":50,"column":7}},"type":"if","locations":[{"start":{"line":48,"column":6},"end":{"line":50,"column":7}},{"start":{},"end":{}}],"line":48}},"s":{"0":6,"1":4,"2":4,"3":4,"4":4,"5":4,"6":4,"7":0,"8":1,"9":1,"10":1,"11":2,"12":0,"13":0,"14":3,"15":3,"16":2,"17":1,"18":1,"19":1,"20":1,"21":2,"22":2,"23":2,"24":1,"25":1,"26":0,"27":0,"28":6},"f":{"0":4,"1":0,"2":1,"3":2,"4":3,"5":2},"b":{"0":[4,0],"1":[4,4],"2":[4,4],"3":[1,1],"4":[1,1]},"_coverageSchema":"1a1c01bbd47fc00a2c39e90264f33305004495a9","hash":"8eb9129e710b070e726b72d80411ed7400f53214"}
,"C:\\Users\\Sharan\\Downloads\\Enterprise-Reimbursement\\backend\\models\\User.js": {"path":"C:\\Users\\Sharan\\Downloads\\Enterprise-Reimbursement\\backend\\models\\User.js","statementMap":{"0":{"start":{"line":1,"column":17},"end":{"line":1,"column":46}},"1":{"start":{"line":2,"column":15},"end":{"line":2,"column":41}},"2":{"start":{"line":6,"column":4},"end":{"line":6,"column":34}},"3":{"start":{"line":7,"column":4},"end":{"line":7,"column":49}},"4":{"start":{"line":8,"column":4},"end":{"line":8,"column":61}},"5":{"start":{"line":9,"column":4},"end":{"line":9,"column":28}},"6":{"start":{"line":10,"column":4},"end":{"line":10,"column":55}},"7":{"start":{"line":11,"column":4},"end":{"line":11,"column":52}},"8":{"start":{"line":12,"column":4},"end":{"line":12,"column":46}},"9":{"start":{"line":13,"column":4},"end":{"line":13,"column":55}},"10":{"start":{"line":14,"column":4},"end":{"line":14,"column":55}},"11":{"start":{"line":15,"column":4},"end":{"line":15,"column":55}},"12":{"start":{"line":19,"column":4},"end":{"line":29,"column":6}},"13":{"start":{"line":33,"column":4},"end":{"line":76,"column":5}},"14":{"start":{"line":34,"column":18},"end":{"line":34,"column":146}},"15":{"start":{"line":35,"column":21},"end":{"line":35,"column":23}},"16":{"start":{"line":36,"column":30},"end":{"line":36,"column":32}},"17":{"start":{"line":38,"column":6},"end":{"line":41,"column":7}},"18":{"start":{"line":39,"column":8},"end":{"line":39,"column":67}},"19":{"start":{"line":40,"column":8},"end":{"line":40,"column":40}},"20":{"start":{"line":42,"column":6},"end":{"line":45,"column":7}},"21":{"start":{"line":43,"column":8},"end":{"line":43,"column":64}},"22":{"start":{"line":44,"column":8},"end":{"line":44,"column":38}},"23":{"start":{"line":46,"column":6},"end":{"line":49,"column":7}},"24":{"start":{"line":47,"column":8},"end":{"line":47,"column":61}},"25":{"start":{"line":48,"column":8},"end":{"line":48,"column":35}},"26":{"start":{"line":51,"column":6},"end":{"line":53,"column":7}},"27":{"start":{"line":52,"column":8},"end":{"line":52,"column":20}},"28":{"start":{"line":55,"column":6},"end":{"line":55,"column":45}},"29":{"start":{"line":56,"column":6},"end":{"line":56,"column":26}},"30":{"start":{"line":58,"column":21},"end":{"line":58,"column":52}},"31":{"start":{"line":60,"column":6},"end":{"line":62,"column":7}},"32":{"start":{"line":61,"column":8},"end":{"line":61,"column":20}},"33":{"start":{"line":64,"column":23},"end":{"line":64,"column":37}},"34":{"start":{"line":65,"column":19},"end":{"line":65,"column":37}},"35":{"start":{"line":66,"column":6},"end":{"line":71,"column":7}},"36":{"start":{"line":67,"column":8},"end":{"line":70,"column":10}},"37":{"start":{"line":72,"column":6},"end":{"line":72,"column":18}},"38":{"start":{"line":74,"column":6},"end":{"line":74,"column":50}},"39":{"start":{"line":75,"column":6},"end":{"line":75,"column":18}},"40":{"start":{"line":80,"column":4},"end":{"line":104,"column":5}},"41":{"start":{"line":81,"column":21},"end":{"line":86,"column":14}},"42":{"start":{"line":88,"column":6},"end":{"line":90,"column":7}},"43":{"start":{"line":89,"column":8},"end":{"line":89,"column":20}},"44":{"start":{"line":92,"column":23},"end":{"line":92,"column":37}},"45":{"start":{"line":93,"column":19},"end":{"line":93,"column":37}},"46":{"start":{"line":94,"column":6},"end":{"line":99,"column":7}},"47":{"start":{"line":95,"column":8},"end":{"line":98,"column":10}},"48":{"start":{"line":100,"column":6},"end":{"line":100,"column":18}},"49":{"start":{"line":102,"column":6},"end":{"line":102,"column":56}},"50":{"start":{"line":103,"column":6},"end":{"line":103,"column":18}},"51":{"start":{"line":108,"column":4},"end":{"line":128,"column":5}},"52":{"start":{"line":109,"column":21},"end":{"line":114,"column":8}},"53":{"start":{"line":115,"column":6},"end":{"line":124,"column":9}},"54":{"start":{"line":116,"column":21},"end":{"line":116,"column":34}},"55":{"start":{"line":117,"column":8},"end":{"line":122,"column":9}},"56":{"start":{"line":118,"column":10},"end":{"line":121,"column":12}},"57":{"start":{"line":123,"column":8},"end":{"line":123,"column":20}},"58":{"start":{"line":126,"column":6},"end":{"line":126,"column":54}},"59":{"start":{"line":127,"column":6},"end":{"line":127,"column":18}},"60":{"start":{"line":132,"column":19},"end":{"line":138,"column":5}},"61":{"start":{"line":140,"column":4},"end":{"line":142,"column":5}},"62":{"start":{"line":141,"column":6},"end":{"line":141,"column":52}},"63":{"start":{"line":143,"column":4},"end":{"line":143,"column":16}},"64":{"start":{"line":147,"column":4},"end":{"line":149,"column":5}},"65":{"start":{"line":148,"column":6},"end":{"line":148,"column":25}},"66":{"start":{"line":151,"column":4},"end":{"line":154,"column":5}},"67":{"start":{"line":152,"column":29},"end":{"line":152,"column":101}},"68":{"start":{"line":153,"column":6},"end":{"line":153,"column":48}},"69":{"start":{"line":156,"column":25},"end":{"line":156,"column":95}},"70":{"start":{"line":157,"column":4},"end":{"line":157,"column":44}},"71":{"start":{"line":161,"column":4},"end":{"line":163,"column":5}},"72":{"start":{"line":162,"column":6},"end":{"line":162,"column":18}},"73":{"start":{"line":165,"column":25},"end":{"line":165,"column":89}},"74":{"start":{"line":166,"column":4},"end":{"line":168,"column":5}},"75":{"start":{"line":167,"column":6},"end":{"line":167,"column":18}},"76":{"start":{"line":170,"column":26},"end":{"line":173,"column":5}},"77":{"start":{"line":175,"column":4},"end":{"line":175,"column":75}},"78":{"start":{"line":179,"column":25},"end":{"line":179,"column":45}},"79":{"start":{"line":181,"column":19},"end":{"line":196,"column":5}},"80":{"start":{"line":198,"column":4},"end":{"line":207,"column":5}},"81":{"start":{"line":199,"column":6},"end":{"line":199,"column":52}},"82":{"start":{"line":201,"column":6},"end":{"line":206,"column":7}},"83":{"start":{"line":202,"column":8},"end":{"line":205,"column":10}},"84":{"start":{"line":208,"column":4},"end":{"line":208,"column":16}},"85":{"start":{"line":212,"column":4},"end":{"line":239,"column":5}},"86":{"start":{"line":213,"column":6},"end":{"line":215,"column":7}},"87":{"start":{"line":214,"column":8},"end":{"line":214,"column":68}},"88":{"start":{"line":216,"column":6},"end":{"line":218,"column":7}},"89":{"start":{"line":217,"column":8},"end":{"line":217,"column":72}},"90":{"start":{"line":219,"column":6},"end":{"line":221,"column":7}},"91":{"start":{"line":220,"column":8},"end":{"line":220,"column":66}},"92":{"start":{"line":223,"column":6},"end":{"line":225,"column":7}},"93":{"start":{"line":224,"column":8},"end":{"line":224,"column":39}},"94":{"start":{"line":227,"column":30},"end":{"line":227,"column":82}},"95":{"start":{"line":228,"column":27},"end":{"line":228,"column":85}},"96":{"start":{"line":230,"column":21},"end":{"line":230,"column":56}},"97":{"start":{"line":231,"column":25},"end":{"line":231,"column":91}},"98":{"start":{"line":232,"column":23},"end":{"line":232,"column":47}},"99":{"start":{"line":233,"column":24},"end":{"line":233,"column":58}},"100":{"start":{"line":235,"column":6},"end":{"line":235,"column":64}},"101":{"start":{"line":237,"column":6},"end":{"line":237,"column":48}},"102":{"start":{"line":238,"column":6},"end":{"line":238,"column":18}},"103":{"start":{"line":243,"column":4},"end":{"line":269,"column":5}},"104":{"start":{"line":244,"column":6},"end":{"line":246,"column":7}},"105":{"start":{"line":245,"column":8},"end":{"line":245,"column":122}},"106":{"start":{"line":248,"column":6},"end":{"line":250,"column":7}},"107":{"start":{"line":249,"column":8},"end":{"line":249,"column":47}},"108":{"start":{"line":252,"column":21},"end":{"line":258,"column":7}},"109":{"start":{"line":260,"column":6},"end":{"line":262,"column":7}},"110":{"start":{"line":261,"column":8},"end":{"line":261,"column":61}},"111":{"start":{"line":264,"column":6},"end":{"line":264,"column":43}},"112":{"start":{"line":265,"column":6},"end":{"line":265,"column":18}},"113":{"start":{"line":267,"column":6},"end":{"line":267,"column":56}},"114":{"start":{"line":268,"column":6},"end":{"line":268,"column":18}},"115":{"start":{"line":273,"column":0},"end":{"line":273,"column":22}}},"fnMap":{"0":{"name":"(anonymous_0)","decl":{"start":{"line":5,"column":2},"end":{"line":5,"column":3}},"loc":{"start":{"line":5,"column":20},"end":{"line":16,"column":3}},"line":5},"1":{"name":"(anonymous_1)","decl":{"start":{"line":18,"column":2},"end":{"line":18,"column":3}},"loc":{"start":{"line":18,"column":11},"end":{"line":30,"column":3}},"line":18},"2":{"name":"(anonymous_2)","decl":{"start":{"line":32,"column":2},"end":{"line":32,"column":3}},"loc":{"start":{"line":32,"column":35},"end":{"line":77,"column":3}},"line":32},"3":{"name":"(anonymous_3)","decl":{"start":{"line":79,"column":2},"end":{"line":79,"column":3}},"loc":{"start":{"line":79,"column":28},"end":{"line":105,"column":3}},"line":79},"4":{"name":"(anonymous_4)","decl":{"start":{"line":107,"column":2},"end":{"line":107,"column":3}},"loc":{"start":{"line":107,"column":25},"end":{"line":129,"column":3}},"line":107},"5":{"name":"(anonymous_5)","decl":{"start":{"line":115,"column":29},"end":{"line":115,"column":30}},"loc":{"start":{"line":115,"column":36},"end":{"line":124,"column":7}},"line":115},"6":{"name":"(anonymous_6)","decl":{"start":{"line":131,"column":2},"end":{"line":131,"column":3}},"loc":{"start":{"line":131,"column":21},"end":{"line":144,"column":3}},"line":131},"7":{"name":"(anonymous_7)","decl":{"start":{"line":146,"column":2},"end":{"line":146,"column":3}},"loc":{"start":{"line":146,"column":33},"end":{"line":158,"column":3}},"line":146},"8":{"name":"(anonymous_8)","decl":{"start":{"line":160,"column":2},"end":{"line":160,"column":3}},"loc":{"start":{"line":160,"column":32},"end":{"line":176,"column":3}},"line":160},"9":{"name":"(anonymous_9)","decl":{"start":{"line":178,"column":2},"end":{"line":178,"column":3}},"loc":{"start":{"line":178,"column":48},"end":{"line":209,"column":3}},"line":178},"10":{"name":"(anonymous_10)","decl":{"start":{"line":211,"column":2},"end":{"line":211,"column":3}},"loc":{"start":{"line":211,"column":15},"end":{"line":240,"column":3}},"line":211},"11":{"name":"(anonymous_11)","decl":{"start":{"line":242,"column":2},"end":{"line":242,"column":3}},"loc":{"start":{"line":242,"column":27},"end":{"line":270,"column":3}},"line":242}},"branchMap":{"0":{"loc":{"start":{"line":6,"column":14},"end":{"line":6,"column":33}},"type":"binary-expr","locations":[{"start":{"line":6,"column":14},"end":{"line":6,"column":21}},{"start":{"line":6,"column":25},"end":{"line":6,"column":33}}],"line":6},"1":{"loc":{"start":{"line":7,"column":19},"end":{"line":7,"column":48}},"type":"binary-expr","locations":[{"start":{"line":7,"column":19},"end":{"line":7,"column":31}},{"start":{"line":7,"column":35},"end":{"line":7,"column":48}}],"line":7},"2":{"loc":{"start":{"line":8,"column":23},"end":{"line":8,"column":60}},"type":"binary-expr","locations":[{"start":{"line":8,"column":23},"end":{"line":8,"column":39}},{"start":{"line":8,"column":43},"end":{"line":8,"column":60}}],"line":8},"3":{"loc":{"start":{"line":10,"column":21},"end":{"line":10,"column":54}},"type":"binary-expr","locations":[{"start":{"line":10,"column":21},"end":{"line":10,"column":35}},{"start":{"line":10,"column":39},"end":{"line":10,"column":54}}],"line":10},"4":{"loc":{"start":{"line":11,"column":19},"end":{"line":11,"column":51}},"type":"binary-expr","locations":[{"start":{"line":11,"column":19},"end":{"line":11,"column":31}},{"start":{"line":11,"column":35},"end":{"line":11,"column":51}}],"line":11},"5":{"loc":{"start":{"line":12,"column":18},"end":{"line":12,"column":45}},"type":"binary-expr","locations":[{"start":{"line":12,"column":18},"end":{"line":12,"column":29}},{"start":{"line":12,"column":33},"end":{"line":12,"column":45}}],"line":12},"6":{"loc":{"start":{"line":13,"column":21},"end":{"line":13,"column":54}},"type":"binary-expr","locations":[{"start":{"line":13,"column":21},"end":{"line":13,"column":35}},{"start":{"line":13,"column":39},"end":{"line":13,"column":54}}],"line":13},"7":{"loc":{"start":{"line":14,"column":21},"end":{"line":14,"column":54}},"type":"binary-expr","locations":[{"start":{"line":14,"column":21},"end":{"line":14,"column":35}},{"start":{"line":14,"column":39},"end":{"line":14,"column":54}}],"line":14},"8":{"loc":{"start":{"line":15,"column":21},"end":{"line":15,"column":54}},"type":"binary-expr","locations":[{"start":{"line":15,"column":21},"end":{"line":15,"column":35}},{"start":{"line":15,"column":39},"end":{"line":15,"column":54}}],"line":15},"9":{"loc":{"start":{"line":38,"column":6},"end":{"line":41,"column":7}},"type":"if","locations":[{"start":{"line":38,"column":6},"end":{"line":41,"column":7}},{"start":{},"end":{}}],"line":38},"10":{"loc":{"start":{"line":42,"column":6},"end":{"line":45,"column":7}},"type":"if","locations":[{"start":{"line":42,"column":6},"end":{"line":45,"column":7}},{"start":{},"end":{}}],"line":42},"11":{"loc":{"start":{"line":46,"column":6},"end":{"line":49,"column":7}},"type":"if","locations":[{"start":{"line":46,"column":6},"end":{"line":49,"column":7}},{"start":{},"end":{}}],"line":46},"12":{"loc":{"start":{"line":51,"column":6},"end":{"line":53,"column":7}},"type":"if","locations":[{"start":{"line":51,"column":6},"end":{"line":53,"column":7}},{"start":{},"end":{}}],"line":51},"13":{"loc":{"start":{"line":60,"column":6},"end":{"line":62,"column":7}},"type":"if","locations":[{"start":{"line":60,"column":6},"end":{"line":62,"column":7}},{"start":{},"end":{}}],"line":60},"14":{"loc":{"start":{"line":66,"column":6},"end":{"line":71,"column":7}},"type":"if","locations":[{"start":{"line":66,"column":6},"end":{"line":71,"column":7}},{"start":{},"end":{}}],"line":66},"15":{"loc":{"start":{"line":88,"column":6},"end":{"line":90,"column":7}},"type":"if","locations":[{"start":{"line":88,"column":6},"end":{"line":90,"column":7}},{"start":{},"end":{}}],"line":88},"16":{"loc":{"start":{"line":94,"column":6},"end":{"line":99,"column":7}},"type":"if","locations":[{"start":{"line":94,"column":6},"end":{"line":99,"column":7}},{"start":{},"end":{}}],"line":94},"17":{"loc":{"start":{"line":117,"column":8},"end":{"line":122,"column":9}},"type":"if","locations":[{"start":{"line":117,"column":8},"end":{"line":122,"column":9}},{"start":{},"end":{}}],"line":117},"18":{"loc":{"start":{"line":140,"column":4},"end":{"line":142,"column":5}},"type":"if","locations":[{"start":{"line":140,"column":4},"end":{"line":142,"column":5}},{"start":{},"end":{}}],"line":140},"19":{"loc":{"start":{"line":147,"column":4},"end":{"line":149,"column":5}},"type":"if","locations":[{"start":{"line":147,"column":4},"end":{"line":149,"column":5}},{"start":{},"end":{}}],"line":147},"20":{"loc":{"start":{"line":151,"column":4},"end":{"line":154,"column":5}},"type":"if","locations":[{"start":{"line":151,"column":4},"end":{"line":154,"column":5}},{"start":{},"end":{}}],"line":151},"21":{"loc":{"start":{"line":153,"column":13},"end":{"line":153,"column":47}},"type":"binary-expr","locations":[{"start":{"line":153,"column":13},"end":{"line":153,"column":39}},{"start":{"line":153,"column":43},"end":{"line":153,"column":47}}],"line":153},"22":{"loc":{"start":{"line":157,"column":11},"end":{"line":157,"column":43}},"type":"binary-expr","locations":[{"start":{"line":157,"column":11},"end":{"line":157,"column":35}},{"start":{"line":157,"column":39},"end":{"line":157,"column":43}}],"line":157},"23":{"loc":{"start":{"line":161,"column":4},"end":{"line":163,"column":5}},"type":"if","locations":[{"start":{"line":161,"column":4},"end":{"line":163,"column":5}},{"start":{},"end":{}}],"line":161},"24":{"loc":{"start":{"line":161,"column":8},"end":{"line":161,"column":57}},"type":"binary-expr","locations":[{"start":{"line":161,"column":8},"end":{"line":161,"column":31}},{"start":{"line":161,"column":35},"end":{"line":161,"column":57}}],"line":161},"25":{"loc":{"start":{"line":166,"column":4},"end":{"line":168,"column":5}},"type":"if","locations":[{"start":{"line":166,"column":4},"end":{"line":168,"column":5}},{"start":{},"end":{}}],"line":166},"26":{"loc":{"start":{"line":175,"column":11},"end":{"line":175,"column":74}},"type":"cond-expr","locations":[{"start":{"line":175,"column":43},"end":{"line":175,"column":67}},{"start":{"line":175,"column":70},"end":{"line":175,"column":74}}],"line":175},"27":{"loc":{"start":{"line":179,"column":25},"end":{"line":179,"column":45}},"type":"binary-expr","locations":[{"start":{"line":179,"column":25},"end":{"line":179,"column":37}},{"start":{"line":179,"column":41},"end":{"line":179,"column":45}}],"line":179},"28":{"loc":{"start":{"line":189,"column":8},"end":{"line":189,"column":30}},"type":"binary-expr","locations":[{"start":{"line":189,"column":8},"end":{"line":189,"column":22}},{"start":{"line":189,"column":26},"end":{"line":189,"column":30}}],"line":189},"29":{"loc":{"start":{"line":194,"column":8},"end":{"line":194,"column":36}},"type":"binary-expr","locations":[{"start":{"line":194,"column":8},"end":{"line":194,"column":22}},{"start":{"line":194,"column":26},"end":{"line":194,"column":36}}],"line":194},"30":{"loc":{"start":{"line":198,"column":4},"end":{"line":207,"column":5}},"type":"if","locations":[{"start":{"line":198,"column":4},"end":{"line":207,"column":5}},{"start":{},"end":{}}],"line":198},"31":{"loc":{"start":{"line":201,"column":6},"end":{"line":206,"column":7}},"type":"if","locations":[{"start":{"line":201,"column":6},"end":{"line":206,"column":7}},{"start":{},"end":{}}],"line":201},"32":{"loc":{"start":{"line":201,"column":10},"end":{"line":201,"column":38}},"type":"binary-expr","locations":[{"start":{"line":201,"column":10},"end":{"line":201,"column":27}},{"start":{"line":201,"column":31},"end":{"line":201,"column":38}}],"line":201},"33":{"loc":{"start":{"line":213,"column":6},"end":{"line":215,"column":7}},"type":"if","locations":[{"start":{"line":213,"column":6},"end":{"line":215,"column":7}},{"start":{},"end":{}}],"line":213},"34":{"loc":{"start":{"line":216,"column":6},"end":{"line":218,"column":7}},"type":"if","locations":[{"start":{"line":216,"column":6},"end":{"line":218,"column":7}},{"start":{},"end":{}}],"line":216},"35":{"loc":{"start":{"line":219,"column":6},"end":{"line":221,"column":7}},"type":"if","locations":[{"start":{"line":219,"column":6},"end":{"line":221,"column":7}},{"start":{},"end":{}}],"line":219},"36":{"loc":{"start":{"line":223,"column":6},"end":{"line":225,"column":7}},"type":"if","locations":[{"start":{"line":223,"column":6},"end":{"line":225,"column":7}},{"start":{},"end":{}}],"line":223},"37":{"loc":{"start":{"line":227,"column":30},"end":{"line":227,"column":82}},"type":"binary-expr","locations":[{"start":{"line":227,"column":30},"end":{"line":227,"column":59}},{"start":{"line":227,"column":63},"end":{"line":227,"column":82}}],"line":227},"38":{"loc":{"start":{"line":244,"column":6},"end":{"line":246,"column":7}},"type":"if","locations":[{"start":{"line":244,"column":6},"end":{"line":246,"column":7}},{"start":{},"end":{}}],"line":244},"39":{"loc":{"start":{"line":248,"column":6},"end":{"line":250,"column":7}},"type":"if","locations":[{"start":{"line":248,"column":6},"end":{"line":250,"column":7}},{"start":{},"end":{}}],"line":248},"40":{"loc":{"start":{"line":260,"column":6},"end":{"line":262,"column":7}},"type":"if","locations":[{"start":{"line":260,"column":6},"end":{"line":262,"column":7}},{"start":{},"end":{}}],"line":260}},"s":{"0":11,"1":11,"2":46,"3":46,"4":46,"5":46,"6":46,"7":46,"8":46,"9":46,"10":46,"11":46,"12":0,"13":4,"14":4,"15":4,"16":4,"17":4,"18":1,"19":1,"20":4,"21":3,"22":3,"23":4,"24":0,"25":0,"26":4,"27":1,"28":3,"29":3,"30":3,"31":3,"32":1,"33":2,"34":2,"35":2,"36":1,"37":2,"38":0,"39":0,"40":35,"41":35,"42":35,"43":1,"44":27,"45":27,"46":27,"47":1,"48":27,"49":7,"50":7,"51":1,"52":1,"53":1,"54":2,"55":2,"56":2,"57":2,"58":0,"59":0,"60":2,"61":2,"62":2,"63":2,"64":3,"65":0,"66":3,"67":2,"68":2,"69":1,"70":1,"71":2,"72":1,"73":1,"74":1,"75":0,"76":1,"77":1,"78":2,"79":2,"80":2,"81":1,"82":1,"83":0,"84":1,"85":3,"86":3,"87":1,"88":2,"89":0,"90":2,"91":0,"92":2,"93":1,"94":1,"95":1,"96":1,"97":0,"98":0,"99":0,"100":0,"101":2,"102":2,"103":2,"104":2,"105":1,"106":1,"107":0,"108":1,"109":1,"110":0,"111":1,"112":1,"113":1,"114":1,"115":11},"f":{"0":46,"1":0,"2":4,"3":35,"4":1,"5":2,"6":2,"7":3,"8":2,"9":2,"10":3,"11":2},"b":{"0":[46,35],"1":[46,42],"2":[46,40],"3":[46,44],"4":[46,44],"5":[46,46],"6":[46,45],"7":[46,46],"8":[46,46],"9":[1,3],"10":[3,1],"11":[0,4],"12":[1,3],"13":[1,2],"14":[1,1],"15":[1,27],"16":[1,26],"17":[2,0],"18":[2,0],"19":[0,3],"20":[2,1],"21":[2,0],"22":[1,0],"23":[1,1],"24":[2,1],"25":[0,1],"26":[1,0],"27":[2,1],"28":[2,1],"29":[2,2],"30":[1,0],"31":[0,1],"32":[1,0],"33":[1,2],"34":[0,2],"35":[0,2],"36":[1,1],"37":[1,0],"38":[1,1],"39":[0,1],"40":[0,1]},"_coverageSchema":"1a1c01bbd47fc00a2c39e90264f33305004495a9","hash":"c8e09f5c930d72f5bca0c7605f54929b6ff922e8"}
,"C:\\Users\\Sharan\\Downloads\\Enterprise-Reimbursement\\backend\\routes\\approvals-enrichment-helpers.js": {"path":"C:\\Users\\Sharan\\Downloads\\Enterprise-Reimbursement\\backend\\routes\\approvals-enrichment-helpers.js","statementMap":{"0":{"start":{"line":2,"column":17},"end":{"line":2,"column":46}},"1":{"start":{"line":5,"column":24},"end":{"line":15,"column":34}},"2":{"start":{"line":17,"column":25},"end":{"line":17,"column":87}},"3":{"start":{"line":18,"column":26},"end":{"line":18,"column":101}},"4":{"start":{"line":18,"column":87},"end":{"line":18,"column":99}},"5":{"start":{"line":20,"column":28},"end":{"line":24,"column":71}},"6":{"start":{"line":24,"column":57},"end":{"line":24,"column":69}},"7":{"start":{"line":26,"column":2},"end":{"line":30,"column":4}},"8":{"start":{"line":34,"column":2},"end":{"line":34,"column":100}},"9":{"start":{"line":34,"column":39},"end":{"line":34,"column":97}},"10":{"start":{"line":37,"column":0},"end":{"line":40,"column":2}}},"fnMap":{"0":{"name":"enrichItemWithApprovalsAndAttachments","decl":{"start":{"line":4,"column":15},"end":{"line":4,"column":52}},"loc":{"start":{"line":4,"column":81},"end":{"line":31,"column":1}},"line":4},"1":{"name":"(anonymous_1)","decl":{"start":{"line":18,"column":80},"end":{"line":18,"column":81}},"loc":{"start":{"line":18,"column":87},"end":{"line":18,"column":99}},"line":18},"2":{"name":"(anonymous_2)","decl":{"start":{"line":24,"column":50},"end":{"line":24,"column":51}},"loc":{"start":{"line":24,"column":57},"end":{"line":24,"column":69}},"line":24},"3":{"name":"enrichItemsWithApprovalsAndAttachments","decl":{"start":{"line":33,"column":15},"end":{"line":33,"column":53}},"loc":{"start":{"line":33,"column":83},"end":{"line":35,"column":1}},"line":33},"4":{"name":"(anonymous_4)","decl":{"start":{"line":34,"column":31},"end":{"line":34,"column":32}},"loc":{"start":{"line":34,"column":39},"end":{"line":34,"column":97}},"line":34}},"branchMap":{"0":{"loc":{"start":{"line":4,"column":59},"end":{"line":4,"column":79}},"type":"default-arg","locations":[{"start":{"line":4,"column":75},"end":{"line":4,"column":79}}],"line":4},"1":{"loc":{"start":{"line":5,"column":24},"end":{"line":15,"column":34}},"type":"cond-expr","locations":[{"start":{"line":6,"column":6},"end":{"line":10,"column":34}},{"start":{"line":11,"column":6},"end":{"line":15,"column":34}}],"line":5},"2":{"loc":{"start":{"line":17,"column":25},"end":{"line":17,"column":87}},"type":"cond-expr","locations":[{"start":{"line":17,"column":41},"end":{"line":17,"column":70}},{"start":{"line":17,"column":73},"end":{"line":17,"column":87}}],"line":17},"3":{"loc":{"start":{"line":28,"column":15},"end":{"line":28,"column":41}},"type":"binary-expr","locations":[{"start":{"line":28,"column":15},"end":{"line":28,"column":35}},{"start":{"line":28,"column":39},"end":{"line":28,"column":41}}],"line":28},"4":{"loc":{"start":{"line":29,"column":17},"end":{"line":29,"column":45}},"type":"binary-expr","locations":[{"start":{"line":29,"column":17},"end":{"line":29,"column":39}},{"start":{"line":29,"column":43},"end":{"line":29,"column":45}}],"line":29},"5":{"loc":{"start":{"line":33,"column":61},"end":{"line":33,"column":81}},"type":"default-arg","locations":[{"start":{"line":33,"column":77},"end":{"line":33,"column":81}}],"line":33}},"s":{"0":4,"1":7,"2":7,"3":7,"4":1,"5":7,"6":0,"7":7,"8":2,"9":3,"10":4},"f":{"0":7,"1":1,"2":0,"3":2,"4":3},"b":{"0":[3],"1":[2,5],"2":[2,5],"3":[7,0],"4":[7,0],"5":[1]},"_coverageSchema":"1a1c01bbd47fc00a2c39e90264f33305004495a9","hash":"1539ba579b6bb6d566457517e2b7f7125ef4936c"}
,"C:\\Users\\Sharan\\Downloads\\Enterprise-Reimbursement\\backend\\routes\\approvals-finance-helpers.js": {"path":"C:\\Users\\Sharan\\Downloads\\Enterprise-Reimbursement\\backend\\routes\\approvals-finance-helpers.js","statementMap":{"0":{"start":{"line":3,"column":2},"end":{"line":7,"column":15}},"1":{"start":{"line":9,"column":2},"end":{"line":12,"column":68}},"2":{"start":{"line":14,"column":25},"end":{"line":16,"column":23}},"3":{"start":{"line":18,"column":22},"end":{"line":20,"column":3}},"4":{"start":{"line":19,"column":4},"end":{"line":19,"column":73}},"5":{"start":{"line":21,"column":22},"end":{"line":23,"column":3}},"6":{"start":{"line":22,"column":4},"end":{"line":22,"column":40}},"7":{"start":{"line":25,"column":30},"end":{"line":25,"column":101}},"8":{"start":{"line":26,"column":2},"end":{"line":30,"column":45}},"9":{"start":{"line":33,"column":0},"end":{"line":35,"column":2}}},"fnMap":{"0":{"name":"processFinanceApproval","decl":{"start":{"line":2,"column":15},"end":{"line":2,"column":37}},"loc":{"start":{"line":2,"column":93},"end":{"line":31,"column":1}},"line":2},"1":{"name":"(anonymous_1)","decl":{"start":{"line":18,"column":48},"end":{"line":18,"column":49}},"loc":{"start":{"line":19,"column":4},"end":{"line":19,"column":73}},"line":19},"2":{"name":"(anonymous_2)","decl":{"start":{"line":21,"column":47},"end":{"line":21,"column":48}},"loc":{"start":{"line":22,"column":4},"end":{"line":22,"column":40}},"line":22}},"branchMap":{"0":{"loc":{"start":{"line":12,"column":49},"end":{"line":12,"column":65}},"type":"binary-expr","locations":[{"start":{"line":12,"column":49},"end":{"line":12,"column":57}},{"start":{"line":12,"column":61},"end":{"line":12,"column":65}}],"line":12},"1":{"loc":{"start":{"line":19,"column":4},"end":{"line":19,"column":73}},"type":"binary-expr","locations":[{"start":{"line":19,"column":4},"end":{"line":19,"column":44}},{"start":{"line":19,"column":48},"end":{"line":19,"column":73}}],"line":19},"2":{"loc":{"start":{"line":25,"column":30},"end":{"line":25,"column":101}},"type":"cond-expr","locations":[{"start":{"line":25,"column":62},"end":{"line":25,"column":78}},{"start":{"line":25,"column":81},"end":{"line":25,"column":101}}],"line":25},"3":{"loc":{"start":{"line":25,"column":31},"end":{"line":25,"column":58}},"type":"binary-expr","locations":[{"start":{"line":25,"column":31},"end":{"line":25,"column":42}},{"start":{"line":25,"column":46},"end":{"line":25,"column":58}}],"line":25}},"s":{"0":3,"1":3,"2":3,"3":3,"4":5,"5":3,"6":5,"7":3,"8":3,"9":1},"f":{"0":3,"1":5,"2":5},"b":{"0":[3,0],"1":[5,2],"2":[1,2],"3":[3,1]},"_coverageSchema":"1a1c01bbd47fc00a2c39e90264f33305004495a9","hash":"12146740868283daa57ae02336b5c5185ead7bb5"}
,"C:\\Users\\Sharan\\Downloads\\Enterprise-Reimbursement\\backend\\routes\\approvals-get-helpers.js": {"path":"C:\\Users\\Sharan\\Downloads\\Enterprise-Reimbursement\\backend\\routes\\approvals-get-helpers.js","statementMap":{"0":{"start":{"line":2,"column":17},"end":{"line":2,"column":46}},"1":{"start":{"line":3,"column":15},"end":{"line":3,"column":41}},"2":{"start":{"line":4,"column":35},"end":{"line":4,"column":65}},"3":{"start":{"line":5,"column":51},"end":{"line":5,"column":92}},"4":{"start":{"line":6,"column":60},"end":{"line":6,"column":96}},"5":{"start":{"line":9,"column":2},"end":{"line":17,"column":3}},"6":{"start":{"line":10,"column":30},"end":{"line":10,"column":69}},"7":{"start":{"line":11,"column":19},"end":{"line":11,"column":50}},"8":{"start":{"line":12,"column":31},"end":{"line":12,"column":72}},"9":{"start":{"line":13,"column":4},"end":{"line":13,"column":58}},"10":{"start":{"line":15,"column":4},"end":{"line":15,"column":69}},"11":{"start":{"line":16,"column":4},"end":{"line":16,"column":113}},"12":{"start":{"line":21,"column":2},"end":{"line":29,"column":3}},"13":{"start":{"line":22,"column":30},"end":{"line":22,"column":85}},"14":{"start":{"line":23,"column":19},"end":{"line":23,"column":50}},"15":{"start":{"line":24,"column":31},"end":{"line":24,"column":103}},"16":{"start":{"line":25,"column":4},"end":{"line":25,"column":58}},"17":{"start":{"line":27,"column":4},"end":{"line":27,"column":75}},"18":{"start":{"line":28,"column":4},"end":{"line":28,"column":119}},"19":{"start":{"line":32,"column":0},"end":{"line":35,"column":2}}},"fnMap":{"0":{"name":"handlePendingItemsRequest","decl":{"start":{"line":8,"column":15},"end":{"line":8,"column":40}},"loc":{"start":{"line":8,"column":75},"end":{"line":18,"column":1}},"line":8},"1":{"name":"handleApprovedItemsRequest","decl":{"start":{"line":20,"column":15},"end":{"line":20,"column":41}},"loc":{"start":{"line":20,"column":98},"end":{"line":30,"column":1}},"line":20}},"branchMap":{"0":{"loc":{"start":{"line":8,"column":57},"end":{"line":8,"column":73}},"type":"default-arg","locations":[{"start":{"line":8,"column":69},"end":{"line":8,"column":73}}],"line":8},"1":{"loc":{"start":{"line":20,"column":58},"end":{"line":20,"column":74}},"type":"default-arg","locations":[{"start":{"line":20,"column":70},"end":{"line":20,"column":74}}],"line":20},"2":{"loc":{"start":{"line":20,"column":76},"end":{"line":20,"column":96}},"type":"default-arg","locations":[{"start":{"line":20,"column":92},"end":{"line":20,"column":96}}],"line":20}},"s":{"0":1,"1":1,"2":1,"3":1,"4":1,"5":2,"6":2,"7":2,"8":1,"9":1,"10":1,"11":1,"12":1,"13":1,"14":1,"15":1,"16":1,"17":0,"18":0,"19":1},"f":{"0":2,"1":1},"b":{"0":[1],"1":[0],"2":[0]},"_coverageSchema":"1a1c01bbd47fc00a2c39e90264f33305004495a9","hash":"1d18646f2fe549cebc2536d88b480db556a3cc71"}
,"C:\\Users\\Sharan\\Downloads\\Enterprise-Reimbursement\\backend\\routes\\approvals-helpers.js": {"path":"C:\\Users\\Sharan\\Downloads\\Enterprise-Reimbursement\\backend\\routes\\approvals-helpers.js","statementMap":{"0":{"start":{"line":2,"column":17},"end":{"line":2,"column":46}},"1":{"start":{"line":3,"column":15},"end":{"line":3,"column":41}},"2":{"start":{"line":6,"column":25},"end":{"line":41,"column":1}},"3":{"start":{"line":45,"column":53},"end":{"line":45,"column":94}},"4":{"start":{"line":46,"column":2},"end":{"line":46,"column":55}},"5":{"start":{"line":51,"column":107},"end":{"line":51,"column":113}},"6":{"start":{"line":53,"column":2},"end":{"line":57,"column":26}},"7":{"start":{"line":59,"column":2},"end":{"line":62,"column":72}},"8":{"start":{"line":64,"column":2},"end":{"line":68,"column":45}},"9":{"start":{"line":73,"column":107},"end":{"line":73,"column":113}},"10":{"start":{"line":75,"column":2},"end":{"line":79,"column":26}},"11":{"start":{"line":81,"column":2},"end":{"line":84,"column":64}},"12":{"start":{"line":86,"column":2},"end":{"line":90,"column":45}},"13":{"start":{"line":95,"column":14},"end":{"line":99,"column":3}},"14":{"start":{"line":101,"column":17},"end":{"line":101,"column":25}},"15":{"start":{"line":103,"column":2},"end":{"line":109,"column":3}},"16":{"start":{"line":104,"column":4},"end":{"line":104,"column":112}},"17":{"start":{"line":105,"column":4},"end":{"line":105,"column":44}},"18":{"start":{"line":107,"column":4},"end":{"line":107,"column":52}},"19":{"start":{"line":108,"column":4},"end":{"line":108,"column":32}},"20":{"start":{"line":111,"column":2},"end":{"line":116,"column":3}},"21":{"start":{"line":112,"column":24},"end":{"line":112,"column":37}},"22":{"start":{"line":113,"column":25},"end":{"line":113,"column":90}},"23":{"start":{"line":113,"column":53},"end":{"line":113,"column":78}},"24":{"start":{"line":114,"column":4},"end":{"line":114,"column":55}},"25":{"start":{"line":115,"column":4},"end":{"line":115,"column":34}},"26":{"start":{"line":118,"column":17},"end":{"line":118,"column":50}},"27":{"start":{"line":119,"column":2},"end":{"line":119,"column":32}},"28":{"start":{"line":122,"column":0},"end":{"line":128,"column":2}}},"fnMap":{"0":{"name":"enrichItemsWithDetails","decl":{"start":{"line":44,"column":15},"end":{"line":44,"column":37}},"loc":{"start":{"line":44,"column":45},"end":{"line":47,"column":1}},"line":44},"1":{"name":"handleApproval","decl":{"start":{"line":50,"column":15},"end":{"line":50,"column":29}},"loc":{"start":{"line":50,"column":46},"end":{"line":69,"column":1}},"line":50},"2":{"name":"handleRejection","decl":{"start":{"line":72,"column":15},"end":{"line":72,"column":30}},"loc":{"start":{"line":72,"column":47},"end":{"line":91,"column":1}},"line":72},"3":{"name":"validateItemForAction","decl":{"start":{"line":94,"column":15},"end":{"line":94,"column":36}},"loc":{"start":{"line":94,"column":118},"end":{"line":120,"column":1}},"line":94},"4":{"name":"(anonymous_4)","decl":{"start":{"line":113,"column":43},"end":{"line":113,"column":44}},"loc":{"start":{"line":113,"column":53},"end":{"line":113,"column":78}},"line":113}},"branchMap":{"0":{"loc":{"start":{"line":62,"column":53},"end":{"line":62,"column":69}},"type":"binary-expr","locations":[{"start":{"line":62,"column":53},"end":{"line":62,"column":61}},{"start":{"line":62,"column":65},"end":{"line":62,"column":69}}],"line":62},"1":{"loc":{"start":{"line":94,"column":96},"end":{"line":94,"column":116}},"type":"default-arg","locations":[{"start":{"line":94,"column":111},"end":{"line":94,"column":116}}],"line":94},"2":{"loc":{"start":{"line":103,"column":2},"end":{"line":109,"column":3}},"type":"if","locations":[{"start":{"line":103,"column":2},"end":{"line":109,"column":3}},{"start":{"line":106,"column":9},"end":{"line":109,"column":3}}],"line":103},"3":{"loc":{"start":{"line":111,"column":2},"end":{"line":116,"column":3}},"type":"if","locations":[{"start":{"line":111,"column":2},"end":{"line":116,"column":3}},{"start":{},"end":{}}],"line":111},"4":{"loc":{"start":{"line":111,"column":6},"end":{"line":111,"column":47}},"type":"binary-expr","locations":[{"start":{"line":111,"column":6},"end":{"line":111,"column":19}},{"start":{"line":111,"column":23},"end":{"line":111,"column":47}}],"line":111},"5":{"loc":{"start":{"line":119,"column":9},"end":{"line":119,"column":31}},"type":"binary-expr","locations":[{"start":{"line":119,"column":9},"end":{"line":119,"column":23}},{"start":{"line":119,"column":27},"end":{"line":119,"column":31}}],"line":119}},"s":{"0":7,"1":7,"2":7,"3":0,"4":0,"5":2,"6":2,"7":2,"8":2,"9":1,"10":1,"11":1,"12":1,"13":9,"14":9,"15":9,"16":3,"17":3,"18":6,"19":6,"20":9,"21":3,"22":3,"23":4,"24":3,"25":3,"26":9,"27":9,"28":7},"f":{"0":0,"1":2,"2":1,"3":9,"4":4},"b":{"0":[2,2],"1":[0],"2":[3,6],"3":[3,6],"4":[9,9],"5":[9,3]},"_coverageSchema":"1a1c01bbd47fc00a2c39e90264f33305004495a9","hash":"9a2eaff46ce52a1d55978c7f61b9d5528d72ce08"}
,"C:\\Users\\Sharan\\Downloads\\Enterprise-Reimbursement\\backend\\routes\\approvals-query-helpers.js": {"path":"C:\\Users\\Sharan\\Downloads\\Enterprise-Reimbursement\\backend\\routes\\approvals-query-helpers.js","statementMap":{"0":{"start":{"line":2,"column":29},"end":{"line":2,"column":59}},"1":{"start":{"line":5,"column":14},"end":{"line":5,"column":42}},"2":{"start":{"line":6,"column":17},"end":{"line":6,"column":19}},"3":{"start":{"line":8,"column":2},"end":{"line":26,"column":3}},"4":{"start":{"line":10,"column":6},"end":{"line":12,"column":31}},"5":{"start":{"line":13,"column":6},"end":{"line":13,"column":29}},"6":{"start":{"line":14,"column":6},"end":{"line":14,"column":12}},"7":{"start":{"line":16,"column":6},"end":{"line":17,"column":121}},"8":{"start":{"line":18,"column":6},"end":{"line":18,"column":12}},"9":{"start":{"line":20,"column":6},"end":{"line":22,"column":119}},"10":{"start":{"line":23,"column":6},"end":{"line":23,"column":12}},"11":{"start":{"line":25,"column":6},"end":{"line":25,"column":39}},"12":{"start":{"line":28,"column":2},"end":{"line":28,"column":42}},"13":{"start":{"line":29,"column":2},"end":{"line":29,"column":27}},"14":{"start":{"line":33,"column":14},"end":{"line":33,"column":42}},"15":{"start":{"line":34,"column":17},"end":{"line":34,"column":19}},"16":{"start":{"line":36,"column":2},"end":{"line":50,"column":3}},"17":{"start":{"line":38,"column":6},"end":{"line":39,"column":31}},"18":{"start":{"line":40,"column":6},"end":{"line":40,"column":29}},"19":{"start":{"line":41,"column":6},"end":{"line":41,"column":12}},"20":{"start":{"line":43,"column":6},"end":{"line":43,"column":80}},"21":{"start":{"line":44,"column":6},"end":{"line":44,"column":12}},"22":{"start":{"line":46,"column":6},"end":{"line":46,"column":112}},"23":{"start":{"line":47,"column":6},"end":{"line":47,"column":12}},"24":{"start":{"line":49,"column":6},"end":{"line":49,"column":103}},"25":{"start":{"line":52,"column":2},"end":{"line":52,"column":42}},"26":{"start":{"line":53,"column":2},"end":{"line":53,"column":27}},"27":{"start":{"line":57,"column":14},"end":{"line":57,"column":42}},"28":{"start":{"line":58,"column":17},"end":{"line":58,"column":19}},"29":{"start":{"line":60,"column":2},"end":{"line":111,"column":3}},"30":{"start":{"line":62,"column":6},"end":{"line":75,"column":7}},"31":{"start":{"line":63,"column":8},"end":{"line":63,"column":34}},"32":{"start":{"line":64,"column":8},"end":{"line":64,"column":31}},"33":{"start":{"line":65,"column":13},"end":{"line":75,"column":7}},"34":{"start":{"line":66,"column":8},"end":{"line":70,"column":11}},"35":{"start":{"line":71,"column":8},"end":{"line":71,"column":49}},"36":{"start":{"line":72,"column":13},"end":{"line":75,"column":7}},"37":{"start":{"line":73,"column":8},"end":{"line":73,"column":68}},"38":{"start":{"line":74,"column":8},"end":{"line":74,"column":92}},"39":{"start":{"line":76,"column":6},"end":{"line":76,"column":12}},"40":{"start":{"line":78,"column":6},"end":{"line":97,"column":7}},"41":{"start":{"line":79,"column":8},"end":{"line":84,"column":11}},"42":{"start":{"line":85,"column":8},"end":{"line":85,"column":43}},"43":{"start":{"line":86,"column":13},"end":{"line":97,"column":7}},"44":{"start":{"line":87,"column":8},"end":{"line":92,"column":11}},"45":{"start":{"line":93,"column":8},"end":{"line":93,"column":38}},"46":{"start":{"line":94,"column":13},"end":{"line":97,"column":7}},"47":{"start":{"line":95,"column":8},"end":{"line":95,"column":41}},"48":{"start":{"line":96,"column":8},"end":{"line":96,"column":51}},"49":{"start":{"line":98,"column":6},"end":{"line":98,"column":12}},"50":{"start":{"line":100,"column":6},"end":{"line":109,"column":7}},"51":{"start":{"line":101,"column":8},"end":{"line":101,"column":34}},"52":{"start":{"line":102,"column":8},"end":{"line":102,"column":43}},"53":{"start":{"line":103,"column":13},"end":{"line":109,"column":7}},"54":{"start":{"line":104,"column":8},"end":{"line":104,"column":34}},"55":{"start":{"line":105,"column":8},"end":{"line":105,"column":38}},"56":{"start":{"line":106,"column":13},"end":{"line":109,"column":7}},"57":{"start":{"line":107,"column":8},"end":{"line":107,"column":34}},"58":{"start":{"line":108,"column":8},"end":{"line":108,"column":43}},"59":{"start":{"line":110,"column":6},"end":{"line":110,"column":12}},"60":{"start":{"line":113,"column":2},"end":{"line":113,"column":42}},"61":{"start":{"line":114,"column":2},"end":{"line":114,"column":27}},"62":{"start":{"line":117,"column":0},"end":{"line":121,"column":2}}},"fnMap":{"0":{"name":"buildPendingItemsQuery","decl":{"start":{"line":4,"column":9},"end":{"line":4,"column":31}},"loc":{"start":{"line":4,"column":56},"end":{"line":30,"column":1}},"line":4},"1":{"name":"buildApprovedItemsQuery","decl":{"start":{"line":32,"column":9},"end":{"line":32,"column":32}},"loc":{"start":{"line":32,"column":79},"end":{"line":54,"column":1}},"line":32},"2":{"name":"buildSuperAdminQuery","decl":{"start":{"line":56,"column":9},"end":{"line":56,"column":29}},"loc":{"start":{"line":56,"column":53},"end":{"line":115,"column":1}},"line":56}},"branchMap":{"0":{"loc":{"start":{"line":4,"column":38},"end":{"line":4,"column":54}},"type":"default-arg","locations":[{"start":{"line":4,"column":50},"end":{"line":4,"column":54}}],"line":4},"1":{"loc":{"start":{"line":8,"column":2},"end":{"line":26,"column":3}},"type":"switch","locations":[{"start":{"line":9,"column":4},"end":{"line":14,"column":12}},{"start":{"line":15,"column":4},"end":{"line":18,"column":12}},{"start":{"line":19,"column":4},"end":{"line":23,"column":12}},{"start":{"line":24,"column":4},"end":{"line":25,"column":39}}],"line":8},"2":{"loc":{"start":{"line":32,"column":39},"end":{"line":32,"column":55}},"type":"default-arg","locations":[{"start":{"line":32,"column":51},"end":{"line":32,"column":55}}],"line":32},"3":{"loc":{"start":{"line":32,"column":57},"end":{"line":32,"column":77}},"type":"default-arg","locations":[{"start":{"line":32,"column":73},"end":{"line":32,"column":77}}],"line":32},"4":{"loc":{"start":{"line":36,"column":2},"end":{"line":50,"column":3}},"type":"switch","locations":[{"start":{"line":37,"column":4},"end":{"line":41,"column":12}},{"start":{"line":42,"column":4},"end":{"line":44,"column":12}},{"start":{"line":45,"column":4},"end":{"line":47,"column":12}},{"start":{"line":48,"column":4},"end":{"line":49,"column":103}}],"line":36},"5":{"loc":{"start":{"line":60,"column":2},"end":{"line":111,"column":3}},"type":"switch","locations":[{"start":{"line":61,"column":4},"end":{"line":76,"column":12}},{"start":{"line":77,"column":4},"end":{"line":98,"column":12}},{"start":{"line":99,"column":4},"end":{"line":110,"column":12}}],"line":60},"6":{"loc":{"start":{"line":62,"column":6},"end":{"line":75,"column":7}},"type":"if","locations":[{"start":{"line":62,"column":6},"end":{"line":75,"column":7}},{"start":{"line":65,"column":13},"end":{"line":75,"column":7}}],"line":62},"7":{"loc":{"start":{"line":65,"column":13},"end":{"line":75,"column":7}},"type":"if","locations":[{"start":{"line":65,"column":13},"end":{"line":75,"column":7}},{"start":{"line":72,"column":13},"end":{"line":75,"column":7}}],"line":65},"8":{"loc":{"start":{"line":72,"column":13},"end":{"line":75,"column":7}},"type":"if","locations":[{"start":{"line":72,"column":13},"end":{"line":75,"column":7}},{"start":{},"end":{}}],"line":72},"9":{"loc":{"start":{"line":78,"column":6},"end":{"line":97,"column":7}},"type":"if","locations":[{"start":{"line":78,"column":6},"end":{"line":97,"column":7}},{"start":{"line":86,"column":13},"end":{"line":97,"column":7}}],"line":78},"10":{"loc":{"start":{"line":86,"column":13},"end":{"line":97,"column":7}},"type":"if","locations":[{"start":{"line":86,"column":13},"end":{"line":97,"column":7}},{"start":{"line":94,"column":13},"end":{"line":97,"column":7}}],"line":86},"11":{"loc":{"start":{"line":94,"column":13},"end":{"line":97,"column":7}},"type":"if","locations":[{"start":{"lin
[...]
2":{"start":{"line":164,"column":4},"end":{"line":164,"column":43}},"73":{"start":{"line":166,"column":19},"end":{"line":166,"column":50}},"74":{"start":{"line":168,"column":27},"end":{"line":189,"column":7}},"75":{"start":{"line":169,"column":6},"end":{"line":188,"column":7}},"76":{"start":{"line":170,"column":28},"end":{"line":176,"column":30}},"77":{"start":{"line":178,"column":8},"end":{"line":181,"column":10}},"78":{"start":{"line":183,"column":8},"end":{"line":183,"column":78}},"79":{"start":{"line":184,"column":8},"end":{"line":187,"column":10}},"80":{"start":{"line":191,"column":4},"end":{"line":191,"column":60}},"81":{"start":{"line":193,"column":4},"end":{"line":196,"column":5}},"82":{"start":{"line":194,"column":6},"end":{"line":194,"column":44}},"83":{"start":{"line":195,"column":6},"end":{"line":195,"column":13}},"84":{"start":{"line":197,"column":4},"end":{"line":197,"column":57}},"85":{"start":{"line":198,"column":4},"end":{"line":198,"column":42}},"86":{"start":{"line":202,"column":0},"end":{"line":202,"column":24}}},"fnMap":{"0":{"name":"(anonymous_0)","decl":{"start":{"line":14,"column":24},"end":{"line":14,"column":25}},"loc":{"start":{"line":14,"column":44},"end":{"line":19,"column":1}},"line":14},"1":{"name":"(anonymous_1)","decl":{"start":{"line":21,"column":44},"end":{"line":21,"column":45}},"loc":{"start":{"line":21,"column":64},"end":{"line":28,"column":1}},"line":21},"2":{"name":"(anonymous_2)","decl":{"start":{"line":30,"column":45},"end":{"line":30,"column":46}},"loc":{"start":{"line":30,"column":65},"end":{"line":47,"column":1}},"line":30},"3":{"name":"(anonymous_3)","decl":{"start":{"line":49,"column":41},"end":{"line":49,"column":42}},"loc":{"start":{"line":49,"column":61},"end":{"line":56,"column":1}},"line":49},"4":{"name":"(anonymous_4)","decl":{"start":{"line":58,"column":51},"end":{"line":58,"column":52}},"loc":{"start":{"line":58,"column":71},"end":{"line":64,"column":1}},"line":58},"5":{"name":"(anonymous_5)","decl":{"start":{"line":66,"column":48},"end":{"line":66,"column":49}},"loc":{"start":{"line":66,"column":68},"end":{"line":137,"column":1}},"line":66},"6":{"name":"(anonymous_6)","decl":{"start":{"line":139,"column":33},"end":{"line":139,"column":34}},"loc":{"start":{"line":139,"column":53},"end":{"line":200,"column":1}},"line":139},"7":{"name":"(anonymous_7)","decl":{"start":{"line":168,"column":61},"end":{"line":168,"column":62}},"loc":{"start":{"line":168,"column":86},"end":{"line":189,"column":5}},"line":168}},"branchMap":{"0":{"loc":{"start":{"line":15,"column":2},"end":{"line":17,"column":3}},"type":"if","locations":[{"start":{"line":15,"column":2},"end":{"line":17,"column":3}},{"start":{},"end":{}}],"line":15},"1":{"loc":{"start":{"line":40,"column":2},"end":{"line":43,"column":3}},"type":"if","locations":[{"start":{"line":40,"column":2},"end":{"line":43,"column":3}},{"start":{},"end":{}}],"line":40},"2":{"loc":{"start":{"line":75,"column":75},"end":{"line":75,"column":91}},"type":"default-arg","locations":[{"start":{"line":75,"column":84},"end":{"line":75,"column":91}}],"line":75},"3":{"loc":{"start":{"line":78,"column":4},"end":{"line":81,"column":5}},"type":"if","locations":[{"start":{"line":78,"column":4},"end":{"line":81,"column":5}},{"start":{},"end":{}}],"line":78},"4":{"loc":{"start":{"line":84,"column":4},"end":{"line":87,"column":5}},"type":"if","locations":[{"start":{"line":84,"column":4},"end":{"line":87,"column":5}},{"start":{},"end":{}}],"line":84},"5":{"loc":{"start":{"line":96,"column":16},"end":{"line":96,"column":37}},"type":"binary-expr","locations":[{"start":{"line":96,"column":16},"end":{"line":96,"column":29}},{"start":{"line":96,"column":33},"end":{"line":96,"column":37}}],"line":96},"6":{"loc":{"start":{"line":96,"column":39},"end":{"line":96,"column":61}},"type":"binary-expr","locations":[{"start":{"line":96,"column":39},"end":{"line":96,"column":53}},{"start":{"line":96,"column":57},"end":{"line":96,"column":61}}],"line":96},"7":{"loc":{"start":{"line":96,"column":63},"end":{"line":96,"column":81}},"type":"binary-expr","locations":[{"start":{"line":96,"column":63},"end":{"line":96,"column":73}},{"start":{"line":96,"column":77},"end":{"line":96,"column":81}}],"line":96},"8":{"loc":{"start":{"line":96,"column":83},"end":{"line":96,"column":102}},"type":"binary-expr","locations":[{"start":{"line":96,"column":83},"end":{"line":96,"column":94}},{"start":{"line":96,"column":98},"end":{"line":96,"column":102}}],"line":96},"9":{"loc":{"start":{"line":106,"column":4},"end":{"line":109,"column":5}},"type":"if","locations":[{"start":{"line":106,"column":4},"end":{"line":109,"column":5}},{"start":{},"end":{}}],"line":106},"10":{"loc":{"start":{"line":122,"column":11},"end":{"line":122,"column":73}},"type":"binary-expr","locations":[{"start":{"line":122,"column":11},"end":{"line":122,"column":42}},{"start":{"line":122,"column":46},"end":{"line":122,"column":73}}],"line":122},"11":{"loc":{"start":{"line":129,"column":4},"end":{"line":131,"column":5}},"type":"if","locations":[{"start":{"line":129,"column":4},"end":{"line":131,"column":5}},{"start":{},"end":{}}],"line":129},"12":{"loc":{"start":{"line":142,"column":21},"end":{"line":142,"column":54}},"type":"binary-expr","locations":[{"start":{"line":142,"column":21},"end":{"line":142,"column":40}},{"start":{"line":142,"column":44},"end":{"line":142,"column":54}}],"line":142},"13":{"loc":{"start":{"line":159,"column":4},"end":{"line":162,"column":5}},"type":"if","locations":[{"start":{"line":159,"column":4},"end":{"line":162,"column":5}},{"start":{},"end":{}}],"line":159},"14":{"loc":{"start":{"line":159,"column":8},"end":{"line":159,"column":54}},"type":"binary-expr","locations":[{"start":{"line":159,"column":8},"end":{"line":159,"column":33}},{"start":{"line":159,"column":37},"end":{"line":159,"column":54}}],"line":159},"15":{"loc":{"start":{"line":180,"column":17},"end":{"line":180,"column":39}},"type":"binary-expr","locations":[{"start":{"line":180,"column":17},"end":{"line":180,"column":33}},{"start":{"line":180,"column":37},"end":{"line":180,"column":39}}],"line":180},"16":{"loc":{"start":{"line":191,"column":36},"end":{"line":191,"column":56}},"type":"binary-expr","locations":[{"start":{"line":191,"column":36},"end":{"line":191,"column":50}},{"start":{"line":191,"column":54},"end":{"line":191,"column":56}}],"line":191},"17":{"loc":{"start":{"line":193,"column":4},"end":{"line":196,"column":5}},"type":"if","locations":[{"start":{"line":193,"column":4},"end":{"line":196,"column":5}},{"start":{},"end":{}}],"line":193}},"s":{"0":5,"1":5,"2":5,"3":5,"4":5,"5":5,"6":5,"7":5,"8":5,"9":41,"10":41,"11":0,"12":5,"13":3,"14":5,"15":3,"16":3,"17":3,"18":3,"19":1,"20":1,"21":3,"22":3,"23":5,"24":2,"25":5,"26":2,"27":5,"28":18,"29":17,"30":17,"31":17,"32":17,"33":17,"34":17,"35":17,"36":17,"37":3,"38":3,"39":14,"40":13,"41":1,"42":1,"43":12,"44":12,"45":12,"46":10,"47":10,"48":10,"49":10,"50":10,"51":2,"52":2,"53":8,"54":5,"55":5,"56":4,"57":7,"58":7,"59":0,"60":7,"61":7,"62":17,"63":5,"64":13,"65":13,"66":13,"67":13,"68":13,"69":13,"70":13,"71":13,"72":13,"73":13,"74":10,"75":9,"76":9,"77":7,"78":2,"79":2,"80":10,"81":3,"82":2,"83":2,"84":1,"85":1,"86":5},"f":{"0":41,"1":3,"2":3,"3":2,"4":2,"5":18,"6":13,"7":9},"b":{"0":[41,0],"1":[1,2],"2":[13],"3":[3,14],"4":[1,12],"5":[12,8],"6":[12,8],"7":[12,8],"8":[12,8],"9":[2,8],"10":[4,0],"11":[0,7],"12":[13,13],"13":[13,0],"14":[13,13],"15":[7,0],"16":[10,0],"17":[2,1]},"_coverageSchema":"1a1c01bbd47fc00a2c39e90264f33305004495a9","hash":"13a89aa36ba71bf7c178dab548c1d25584d786b5"}
,"C:\\Users\\Sharan\\Downloads\\Enterprise-Reimbursement\\backend\\utils\\common-helpers.js": {"path":"C:\\Users\\Sharan\\Downloads\\Enterprise-Reimbursement\\backend\\utils\\common-helpers.js","statementMap":{"0":{"start":{"line":2,"column":15},"end":{"line":2,"column":34}},"1":{"start":{"line":11,"column":21},"end":{"line":11,"column":23}},"2":{"start":{"line":12,"column":17},"end":{"line":12,"column":19}},"3":{"start":{"line":13,"column":19},"end":{"line":13,"column":30}},"4":{"start":{"line":15,"column":2},"end":{"line":21,"column":3}},"5":{"start":{"line":16,"column":4},"end":{"line":20,"column":5}},"6":{"start":{"line":17,"column":6},"end":{"line":17,"column":19}},"7":{"start":{"line":18,"column":6},"end":{"line":18,"column":51}},"8":{"start":{"line":19,"column":6},"end":{"line":19,"column":25}},"9":{"start":{"line":23,"column":22},"end":{"line":23,"column":86}},"10":{"start":{"line":24,"column":2},"end":{"line":24,"column":33}},"11":{"start":{"line":36,"column":15},"end":{"line":36,"column":17}},"12":{"start":{"line":37,"column":17},"end":{"line":37,"column":19}},"13":{"start":{"line":38,"column":19},"end":{"line":38,"column":30}},"14":{"start":{"line":40,"column":2},"end":{"line":44,"column":3}},"15":{"start":{"line":41,"column":4},"end":{"line":41,"column":17}},"16":{"start":{"line":42,"column":4},"end":{"line":42,"column":52}},"17":{"start":{"line":43,"column":4},"end":{"line":43,"column":35}},"18":{"start":{"line":45,"column":2},"end":{"line":51,"column":3}},"19":{"start":{"line":46,"column":4},"end":{"line":46,"column":17}},"20":{"start":{"line":47,"column":24},"end":{"line":47,"column":49}},"21":{"start":{"line":48,"column":4},"end":{"line":48,"column":42}},"22":{"start":{"line":49,"column":4},"end":{"line":49,"column":52}},"23":{"start":{"line":50,"column":4},"end":{"line":50,"column":43}},"24":{"start":{"line":53,"column":2},"end":{"line":53,"column":28}},"25":{"start":{"line":62,"column":2},"end":{"line":64,"column":3}},"26":{"start":{"line":63,"column":4},"end":{"line":63,"column":29}},"27":{"start":{"line":65,"column":2},"end":{"line":65,"column":14}},"28":{"start":{"line":77,"column":2},"end":{"line":79,"column":3}},"29":{"start":{"line":78,"column":4},"end":{"line":78,"column":98}},"30":{"start":{"line":80,"column":2},"end":{"line":82,"column":3}},"31":{"start":{"line":81,"column":4},"end":{"line":81,"column":100}},"32":{"start":{"line":83,"column":2},"end":{"line":83,"column":56}},"33":{"start":{"line":84,"column":2},"end":{"line":84,"column":118}},"34":{"start":{"line":94,"column":17},"end":{"line":94,"column":19}},"35":{"start":{"line":95,"column":2},"end":{"line":99,"column":3}},"36":{"start":{"line":96,"column":4},"end":{"line":98,"column":5}},"37":{"start":{"line":97,"column":6},"end":{"line":97,"column":42}},"38":{"start":{"line":100,"column":2},"end":{"line":100,"column":16}},"39":{"start":{"line":110,"column":16},"end":{"line":110,"column":79}},"40":{"start":{"line":111,"column":15},"end":{"line":111,"column":64}},"41":{"start":{"line":112,"column":17},"end":{"line":112,"column":35}},"42":{"start":{"line":113,"column":2},"end":{"line":113,"column":33}},"43":{"start":{"line":116,"column":0},"end":{"line":123,"column":2}}},"fnMap":{"0":{"name":"buildWhereClause","decl":{"start":{"line":10,"column":9},"end":{"line":10,"column":25}},"loc":{"start":{"line":10,"column":55},"end":{"line":25,"column":1}},"line":10},"1":{"name":"buildDateFilter","decl":{"start":{"line":35,"column":9},"end":{"line":35,"column":24}},"loc":{"start":{"line":35,"column":88},"end":{"line":54,"column":1}},"line":35},"2":{"name":"parseSearchParam","decl":{"start":{"line":61,"column":9},"end":{"line":61,"column":25}},"loc":{"start":{"line":61,"column":37},"end":{"line":66,"column":1}},"line":61},"3":{"name":"handleDatabaseError","decl":{"start":{"line":76,"column":9},"end":{"line":76,"column":28}},"loc":{"start":{"line":76,"column":61},"end":{"line":85,"column":1}},"line":76},"4":{"name":"validateRequiredFields","decl":{"start":{"line":93,"column":9},"end":{"line":93,"column":31}},"loc":{"start":{"line":93,"column":54},"end":{"line":101,"column":1}},"line":93},"5":{"name":"buildPagination","decl":{"start":{"line":109,"column":9},"end":{"line":109,"column":24}},"loc":{"start":{"line":109,"column":51},"end":{"line":114,"column":1}},"line":109}},"branchMap":{"0":{"loc":{"start":{"line":10,"column":38},"end":{"line":10,"column":53}},"type":"default-arg","locations":[{"start":{"line":10,"column":52},"end":{"line":10,"column":53}}],"line":10},"1":{"loc":{"start":{"line":16,"column":4},"end":{"line":20,"column":5}},"type":"if","locations":[{"start":{"line":16,"column":4},"end":{"line":20,"column":5}},{"start":{},"end":{}}],"line":16},"2":{"loc":{"start":{"line":16,"column":8},"end":{"line":16,"column":61}},"type":"binary-expr","locations":[{"start":{"line":16,"column":8},"end":{"line":16,"column":27}},{"start":{"line":16,"column":31},"end":{"line":16,"column":45}},{"start":{"line":16,"column":49},"end":{"line":16,"column":61}}],"line":16},"3":{"loc":{"start":{"line":23,"column":22},"end":{"line":23,"column":86}},"type":"cond-expr","locations":[{"start":{"line":23,"column":46},"end":{"line":23,"column":81}},{"start":{"line":23,"column":84},"end":{"line":23,"column":86}}],"line":23},"4":{"loc":{"start":{"line":35,"column":45},"end":{"line":35,"column":69}},"type":"default-arg","locations":[{"start":{"line":35,"column":57},"end":{"line":35,"column":69}}],"line":35},"5":{"loc":{"start":{"line":35,"column":71},"end":{"line":35,"column":86}},"type":"default-arg","locations":[{"start":{"line":35,"column":85},"end":{"line":35,"column":86}}],"line":35},"6":{"loc":{"start":{"line":40,"column":2},"end":{"line":44,"column":3}},"type":"if","locations":[{"start":{"line":40,"column":2},"end":{"line":44,"column":3}},{"start":{},"end":{}}],"line":40},"7":{"loc":{"start":{"line":45,"column":2},"end":{"line":51,"column":3}},"type":"if","locations":[{"start":{"line":45,"column":2},"end":{"line":51,"column":3}},{"start":{},"end":{}}],"line":45},"8":{"loc":{"start":{"line":62,"column":2},"end":{"line":64,"column":3}},"type":"if","locations":[{"start":{"line":62,"column":2},"end":{"line":64,"column":3}},{"start":{},"end":{}}],"line":62},"9":{"loc":{"start":{"line":62,"column":6},"end":{"line":62,"column":84}},"type":"binary-expr","locations":[{"start":{"line":62,"column":6},"end":{"line":62,"column":24}},{"start":{"line":62,"column":28},"end":{"line":62,"column":51}},{"start":{"line":62,"column":55},"end":{"line":62,"column":84}}],"line":62},"10":{"loc":{"start":{"line":77,"column":2},"end":{"line":79,"column":3}},"type":"if","locations":[{"start":{"line":77,"column":2},"end":{"line":79,"column":3}},{"start":{},"end":{}}],"line":77},"11":{"loc":{"start":{"line":80,"column":2},"end":{"line":82,"column":3}},"type":"if","locations":[{"start":{"line":80,"column":2},"end":{"line":82,"column":3}},{"start":{},"end":{}}],"line":80},"12":{"loc":{"start":{"line":96,"column":4},"end":{"line":98,"column":5}},"type":"if","locations":[{"start":{"line":96,"column":4},"end":{"line":98,"column":5}},{"start":{},"end":{}}],"line":96},"13":{"loc":{"start":{"line":96,"column":8},"end":{"line":96,"column":86}},"type":"binary-expr","locations":[{"start":{"line":96,"column":8},"end":{"line":96,"column":20}},{"start":{"line":96,"column":25},"end":{"line":96,"column":56}},{"start":{"line":96,"column":60},"end":{"line":96,"column":85}}],"line":96},"14":{"loc":{"start":{"line":109,"column":32},"end":{"line":109,"column":49}},"type":"default-arg","locations":[{"start":{"line":109,"column":47},"end":{"line":109,"column":49}}],"line":109},"15":{"loc":{"start":{"line":110,"column":25},"end":{"line":110,"column":73}},"type":"binary-expr","locations":[{"start":{"line":110,"column":25},"end":{"line":110,"column":57}},{"start":{"line":110,"column":61},"end":{"line":110,"column":73}}],"line":110},"16":{"loc":{"start":{"line":111,"column":24},"end":{"line":111,"column":60}},"type":"binary-expr","locations":[{"start":{"line":111,"column":24},"end":{"line":111,"column":55}},{"start":{"line":111,"column":59},"end":{"line":111,"column":60}}],"line":111}},"s":{"0":1,"1":4,"2":4,"3":4,"4":4,"5":6,"6":4,"7":4,"8":4,"9":4,"10":4,"11":3,"12":3,"13":3,"14":3,"15":3,"16":3,"17":3,"18":3,"19":2,"20":2,"21":2,"22":2,"23":2,"24":3,"25":4,"26":1,"27":3,"28":0,"29":0,"30":0,"31":0,"32":0,"33":0,"34":3,"35":3,"36":6,"37":2,"38":3,"39":4,"40":4,"41":4,"42":4,"43":1},"f":{"0":4,"1":3,"2":4,"3":0,"4":3,"5":4},"b":{"0":[3],"1":[4,2],"2":[6,5,4],"3":[3,1],"4":[2],"5":[3],"6":[3,0],"7":[2,1],"8":[1,3],"9":[4,3,2],"10":[0,0],"11":[0,0],"12":[2,4],"13":[6,5,5],"14":[4],"15":[4,2],"16":[4,3]},"_coverageSchema":"1a1c01bbd47fc00a2c39e90264f33305004495a9","hash":"a29c3590ee4d06e678e1d747c262d6a37c3973e3"}
,"C:\\Users\\Sharan\\Downloads\\Enterprise-Reimbursement\\backend\\utils\\logger.js": {"path":"C:\\Users\\Sharan\\Downloads\\Enterprise-Reimbursement\\backend\\utils\\logger.js","statementMap":{"0":{"start":{"line":6,"column":22},"end":{"line":6,"column":60}},"1":{"start":{"line":8,"column":15},"end":{"line":59,"column":1}},"2":{"start":{"line":15,"column":4},"end":{"line":23,"column":5}},"3":{"start":{"line":16,"column":6},"end":{"line":22,"column":7}},"4":{"start":{"line":18,"column":8},"end":{"line":18,"column":47}},"5":{"start":{"line":21,"column":8},"end":{"line":21,"column":41}},"6":{"start":{"line":33,"column":4},"end":{"line":39,"column":5}},"7":{"start":{"line":35,"column":6},"end":{"line":35,"column":49}},"8":{"start":{"line":38,"column":6},"end":{"line":38,"column":42}},"9":{"start":{"line":49,"column":4},"end":{"line":57,"column":5}},"10":{"start":{"line":50,"column":6},"end":{"line":56,"column":7}},"11":{"start":{"line":52,"column":8},"end":{"line":52,"column":48}},"12":{"start":{"line":55,"column":8},"end":{"line":55,"column":42}},"13":{"start":{"line":61,"column":0},"end":{"line":61,"column":24}}},"fnMap":{"0":{"name":"(anonymous_0)","decl":{"start":{"line":14,"column":8},"end":{"line":14,"column":9}},"loc":{"start":{"line":14,"column":34},"end":{"line":25,"column":3}},"line":14},"1":{"name":"(anonymous_1)","decl":{"start":{"line":32,"column":9},"end":{"line":32,"column":10}},"loc":{"start":{"line":32,"column":36},"end":{"line":41,"column":3}},"line":32},"2":{"name":"(anonymous_2)","decl":{"start":{"line":48,"column":8},"end":{"line":48,"column":9}},"loc":{"start":{"line":48,"column":34},"end":{"line":58,"column":3}},"line":48}},"branchMap":{"0":{"loc":{"start":{"line":14,"column":18},"end":{"line":14,"column":29}},"type":"default-arg","locations":[{"start":{"line":14,"column":25},"end":{"line":14,"column":29}}],"line":14},"1":{"loc":{"start":{"line":15,"column":4},"end":{"line":23,"column":5}},"type":"if","locations":[{"start":{"line":15,"column":4},"end":{"line":23,"column":5}},{"start":{},"end":{}}],"line":15},"2":{"loc":{"start":{"line":16,"column":6},"end":{"line":22,"column":7}},"type":"if","locations":[{"start":{"line":16,"column":6},"end":{"line":22,"column":7}},{"start":{"line":19,"column":13},"end":{"line":22,"column":7}}],"line":16},"3":{"loc":{"start":{"line":32,"column":19},"end":{"line":32,"column":31}},"type":"default-arg","locations":[{"start":{"line":32,"column":27},"end":{"line":32,"column":31}}],"line":32},"4":{"loc":{"start":{"line":33,"column":4},"end":{"line":39,"column":5}},"type":"if","locations":[{"start":{"line":33,"column":4},"end":{"line":39,"column":5}},{"start":{"line":36,"column":11},"end":{"line":39,"column":5}}],"line":33},"5":{"loc":{"start":{"line":48,"column":18},"end":{"line":48,"column":29}},"type":"default-arg","locations":[{"start":{"line":48,"column":25},"end":{"line":48,"column":29}}],"line":48},"6":{"loc":{"start":{"line":49,"column":4},"end":{"line":57,"column":5}},"type":"if","locations":[{"start":{"line":49,"column":4},"end":{"line":57,"column":5}},{"start":{},"end":{}}],"line":49},"7":{"loc":{"start":{"line":50,"column":6},"end":{"line":56,"column":7}},"type":"if","locations":[{"start":{"line":50,"column":6},"end":{"line":56,"column":7}},{"start":{"line":53,"column":13},"end":{"line":56,"column":7}}],"line":50}},"s":{"0":51,"1":51,"2":23,"3":0,"4":0,"5":0,"6":49,"7":47,"8":2,"9":6,"10":0,"11":0,"12":0,"13":51},"f":{"0":23,"1":49,"2":6},"b":{"0":[22],"1":[0,23],"2":[0,0],"3":[2],"4":[47,2],"5":[2],"6":[0,6],"7":[0,0]},"_coverageSchema":"1a1c01bbd47fc00a2c39e90264f33305004495a9","hash":"e8de290ce43ac192644ef53f1a1554d7a5580230"}
}
