TN:
SF:server.js
FN:59,(anonymous_0)
FN:87,(anonymous_1)
FN:91,(anonymous_2)
FNF:3
FNH:2
FNDA:22,(anonymous_0)
FNDA:0,(anonymous_1)
FNDA:1,(anonymous_2)
DA:2,45
DA:3,45
DA:5,45
DA:6,33
DA:7,33
DA:8,33
DA:9,33
DA:10,33
DA:12,33
DA:13,22
DA:14,22
DA:15,22
DA:16,22
DA:17,22
DA:19,22
DA:20,22
DA:21,22
DA:24,22
DA:27,22
DA:32,22
DA:33,22
DA:35,22
DA:38,22
DA:50,22
DA:51,22
DA:55,22
DA:56,22
DA:57,22
DA:59,22
DA:60,22
DA:61,22
DA:62,22
DA:63,22
DA:65,22
DA:67,21
DA:68,21
DA:70,1
DA:71,1
DA:72,1
DA:73,1
DA:78,22
DA:79,22
DA:80,22
DA:81,22
DA:82,22
DA:83,22
DA:84,22
DA:87,22
DA:88,0
DA:91,22
DA:92,1
DA:93,1
DA:94,1
LF:53
LH:52
BRDA:20,0,0,22
BRDA:20,0,1,1
BRDA:21,1,0,22
BRDA:21,1,1,0
BRDA:39,2,0,22
BRDA:39,2,1,2
BRDA:39,2,2,1
BRDA:62,3,0,22
BRDA:62,3,1,22
BRDA:62,4,0,22
BRDA:62,4,1,22
BRDA:63,5,0,22
BRDA:63,5,1,22
BRDA:78,6,0,22
BRDA:78,6,1,1
BRF:15
BRH:14
end_of_record
TN:
SF:config/azureConfig.js
FN:7,validateEnvVars
FN:9,(anonymous_1)
FNF:2
FNH:2
FNDA:71,validateEnvVars
FNDA:142,(anonymous_1)
DA:2,71
DA:3,71
DA:4,71
DA:8,71
DA:9,142
DA:11,71
DA:12,0
DA:13,0
DA:14,0
DA:16,71
DA:19,71
DA:21,71
LF:12
LH:9
BRDA:11,0,0,0
BRDA:11,0,1,71
BRDA:22,1,0,71
BRDA:22,1,1,0
BRDA:23,2,0,71
BRDA:23,2,1,0
BRDA:24,3,0,71
BRDA:24,3,1,0
BRDA:31,4,0,71
BRDA:31,4,1,0
BRF:10
BRH:5
end_of_record
TN:
SF:config/dataInitializer.js
FN:53,seedRoles
FN:63,seedExpenseCategories
FN:73,seedDashboardStats
FN:90,seedDepartments
FN:104,seedCostCenters
FN:113,(anonymous_5)
FN:160,seedProjects
FN:174,seedUsers
FN:183,(anonymous_8)
FN:190,(anonymous_9)
FN:243,assignDefaultRoles
FN:271,seedDatabase
FNF:12
FNH:9
FNDA:6,seedRoles
FNDA:6,seedExpenseCategories
FNDA:6,seedDashboardStats
FNDA:6,seedDepartments
FNDA:6,seedCostCenters
FNDA:0,(anonymous_5)
FNDA:6,seedProjects
FNDA:6,seedUsers
FNDA:0,(anonymous_8)
FNDA:0,(anonymous_9)
FNDA:6,assignDefaultRoles
FNDA:6,seedDatabase
DA:2,21
DA:4,21
DA:12,21
DA:23,21
DA:31,21
DA:39,21
DA:47,21
DA:54,6
DA:55,6
DA:56,30
DA:64,6
DA:65,6
DA:66,30
DA:74,6
DA:75,6
DA:76,48
DA:81,48
DA:82,0
DA:92,6
DA:93,6
DA:95,0
DA:96,0
DA:97,0
DA:106,6
DA:107,6
DA:109,0
DA:111,0
DA:112,0
DA:113,0
DA:135,0
DA:142,0
DA:145,0
DA:146,0
DA:147,0
DA:148,0
DA:150,0
DA:151,0
DA:161,6
DA:162,6
DA:164,0
DA:165,0
DA:166,0
DA:175,6
DA:176,6
DA:178,0
DA:181,0
DA:182,0
DA:183,0
DA:184,0
DA:188,0
DA:189,0
DA:190,0
DA:191,0
DA:194,0
DA:234,0
DA:235,0
DA:244,6
DA:246,6
DA:247,6
DA:249,6
DA:250,6
DA:255,6
DA:262,6
DA:263,6
DA:264,6
DA:272,6
DA:273,6
DA:275,6
DA:276,6
DA:277,6
DA:278,6
DA:280,6
DA:281,6
DA:283,6
DA:284,6
DA:286,6
DA:287,6
DA:289,0
DA:290,0
DA:291,0
DA:295,21
LF:81
LH:47
BRDA:81,0,0,0
BRDA:81,0,1,48
BRDA:84,1,0,0
BRDA:84,1,1,0
BRDA:93,2,0,6
BRDA:93,2,1,0
BRDA:107,3,0,6
BRDA:107,3,1,0
BRDA:145,4,0,0
BRDA:145,4,1,0
BRDA:146,5,0,0
BRDA:146,5,1,0
BRDA:147,6,0,0
BRDA:147,6,1,0
BRDA:148,7,0,0
BRDA:148,7,1,0
BRDA:150,8,0,0
BRDA:150,8,1,0
BRDA:150,9,0,0
BRDA:150,9,1,0
BRDA:162,10,0,6
BRDA:162,10,1,0
BRDA:176,11,0,6
BRDA:176,11,1,0
BRDA:198,12,0,0
BRDA:198,12,1,0
BRDA:238,13,0,0
BRDA:238,13,1,0
BRDA:244,14,0,6
BRDA:244,14,1,0
BRDA:249,15,0,6
BRDA:249,15,1,0
BRDA:249,16,0,6
BRDA:249,16,1,6
BRDA:263,17,0,6
BRDA:263,17,1,0
BRF:36
BRH:10
end_of_record
TN:
SF:config/database.js
FN:8,validateDatabaseEnv
FN:38,(anonymous_1)
FN:42,(anonymous_2)
FN:57,validateIdColumnDef
FN:65,validateFkType
FN:74,createRolesTable
FN:88,createUsersTable
FN:99,(anonymous_7)
FN:173,createDashboardStatsTable
FN:196,createMasterDataTables
FN:252,createReimbursementTables
FN:291,(anonymous_11)
FN:318,createIndexes
FN:327,initializeDatabase
FNF:14
FNH:13
FNDA:21,validateDatabaseEnv
FNDA:2,(anonymous_1)
FNDA:1,(anonymous_2)
FNDA:42,validateIdColumnDef
FNDA:28,validateFkType
FNDA:8,createRolesTable
FNDA:8,createUsersTable
FNDA:120,(anonymous_7)
FNDA:6,createDashboardStatsTable
FNDA:6,createMasterDataTables
FNDA:6,createReimbursementTables
FNDA:0,(anonymous_11)
FNDA:6,createIndexes
FNDA:14,initializeDatabase
DA:1,21
DA:2,21
DA:3,21
DA:4,21
DA:5,21
DA:9,21
DA:10,0
DA:12,21
DA:15,21
DA:20,21
DA:21,21
DA:26,0
DA:36,21
DA:38,21
DA:39,2
DA:42,21
DA:43,1
DA:47,21
DA:52,21
DA:58,42
DA:59,42
DA:60,0
DA:62,42
DA:66,28
DA:67,28
DA:68,0
DA:70,28
DA:75,8
DA:77,8
DA:85,8
DA:89,8
DA:90,8
DA:92,8
DA:96,8
DA:97,6
DA:99,120
DA:101,6
DA:102,0
DA:103,0
DA:106,6
DA:107,0
DA:110,6
DA:111,0
DA:112,0
DA:114,6
DA:115,0
DA:116,0
DA:118,6
DA:119,0
DA:121,6
DA:122,0
DA:124,6
DA:125,0
DA:127,6
DA:128,0
DA:130,6
DA:131,0
DA:133,6
DA:134,0
DA:136,6
DA:137,0
DA:141,0
DA:163,0
DA:166,6
DA:167,6
DA:168,6
DA:169,6
DA:170,6
DA:174,6
DA:176,6
DA:190,6
DA:192,6
DA:193,6
DA:197,6
DA:198,6
DA:201,6
DA:210,6
DA:212,6
DA:223,6
DA:226,6
DA:228,6
DA:239,6
DA:241,6
DA:249,6
DA:253,6
DA:254,6
DA:257,6
DA:270,6
DA:272,6
DA:289,6
DA:291,6
DA:293,6
DA:304,6
DA:306,6
DA:315,6
DA:319,6
DA:320,6
DA:321,6
DA:322,6
DA:323,6
DA:324,6
DA:328,14
DA:329,14
DA:330,14
DA:333,14
DA:337,14
DA:338,8
DA:339,8
DA:341,8
DA:342,8
DA:343,8
DA:344,6
DA:345,6
DA:346,6
DA:347,6
DA:349,6
DA:352,6
DA:354,6
DA:355,6
DA:357,8
DA:358,8
DA:359,8
DA:363,21
LF:123
LH:103
BRDA:9,0,0,0
BRDA:9,0,1,21
BRDA:9,1,0,21
BRDA:9,1,1,0
BRDA:20,2,0,21
BRDA:20,2,1,0
BRDA:23,3,0,21
BRDA:23,3,1,0
BRDA:23,4,0,21
BRDA:23,4,1,20
BRDA:27,5,0,0
BRDA:27,5,1,0
BRDA:28,6,0,0
BRDA:28,6,1,0
BRDA:29,7,0,0
BRDA:29,7,1,0
BRDA:30,8,0,0
BRDA:30,8,1,0
BRDA:31,9,0,0
BRDA:31,9,1,0
BRDA:32,10,0,0
BRDA:32,10,1,0
BRDA:32,11,0,0
BRDA:32,11,1,0
BRDA:59,12,0,0
BRDA:59,12,1,42
BRDA:67,13,0,0
BRDA:67,13,1,28
BRDA:96,14,0,6
BRDA:96,14,1,0
BRDA:101,15,0,0
BRDA:101,15,1,6
BRDA:106,16,0,0
BRDA:106,16,1,6
BRDA:110,17,0,0
BRDA:110,17,1,6
BRDA:114,18,0,0
BRDA:114,18,1,6
BRDA:118,19,0,0
BRDA:118,19,1,6
BRDA:121,20,0,0
BRDA:121,20,1,6
BRDA:124,21,0,0
BRDA:124,21,1,6
BRDA:127,22,0,0
BRDA:127,22,1,6
BRDA:130,23,0,0
BRDA:130,23,1,6
BRDA:133,24,0,0
BRDA:133,24,1,6
BRDA:136,25,0,0
BRDA:136,25,1,6
BRDA:337,26,0,14
BRDA:337,26,1,7
BRDA:338,27,0,8
BRDA:338,27,1,0
BRDA:339,28,0,8
BRDA:339,28,1,0
BRF:58
BRH:24
end_of_record
TN:
SF:middleware/auth.js
FN:11,(anonymous_0)
FNF:1
FNH:1
FNDA:94,(anonymous_0)
DA:1,17
DA:2,17
DA:11,17
DA:13,94
DA:14,94
DA:15,0
DA:16,0
DA:18,0
DA:19,0
DA:20,0
DA:21,0
DA:22,0
DA:23,0
DA:29,0
DA:33,94
DA:34,93
DA:37,1
DA:40,17
LF:18
LH:9
BRDA:14,0,0,0
BRDA:14,0,1,94
BRDA:14,1,0,94
BRDA:14,1,1,0
BRDA:18,2,0,0
BRDA:18,2,1,0
BRDA:21,3,0,0
BRDA:21,3,1,0
BRDA:33,4,0,93
BRDA:33,4,1,1
BRF:10
BRH:4
end_of_record
TN:
SF:middleware/roleChecks.js
FN:4,createRoleCheckMiddleware
FN:5,(anonymous_1)
FNF:2
FNH:2
FNDA:33,createRoleCheckMiddleware
FNDA:51,(anonymous_1)
DA:2,6
DA:5,33
DA:6,51
DA:7,1
DA:10,50
DA:11,50
DA:12,50
DA:14,49
DA:15,39
DA:21,10
DA:22,10
DA:24,1
DA:25,1
DA:30,6
DA:31,6
DA:32,6
DA:33,6
DA:35,6
LF:18
LH:18
BRDA:6,0,0,1
BRDA:6,0,1,50
BRDA:6,1,0,51
BRDA:6,1,1,1
BRDA:12,2,0,50
BRDA:12,2,1,1
BRDA:14,3,0,39
BRDA:14,3,1,10
BRDA:14,4,0,49
BRDA:14,4,1,13
BRF:10
BRH:10
end_of_record
TN:
SF:middleware/upload.js
FN:13,(anonymous_0)
FN:16,(anonymous_1)
FN:26,(anonymous_2)
FNF:3
FNH:2
FNDA:0,(anonymous_0)
FNDA:1,(anonymous_1)
FNDA:16,(anonymous_2)
DA:1,49
DA:2,49
DA:3,49
DA:4,49
DA:6,49
DA:8,49
DA:9,13
DA:12,49
DA:14,0
DA:18,1
DA:19,1
DA:20,1
DA:21,1
DA:22,1
DA:26,49
DA:27,16
DA:28,16
DA:29,16
DA:31,16
DA:32,7
DA:34,9
DA:38,49
DA:46,49
LF:23
LH:22
BRDA:8,0,0,13
BRDA:8,0,1,36
BRDA:31,1,0,7
BRDA:31,1,1,9
BRDA:31,2,0,16
BRDA:31,2,1,10
BRF:6
BRH:6
end_of_record
TN:
SF:models/Role.js
FN:4,(anonymous_0)
FN:13,(anonymous_1)
FN:22,(anonymous_2)
FN:25,(anonymous_3)
FN:32,(anonymous_4)
FN:45,(anonymous_5)
FNF:6
FNH:5
FNDA:4,(anonymous_0)
FNDA:0,(anonymous_1)
FNDA:1,(anonymous_2)
FNDA:2,(anonymous_3)
FNDA:3,(anonymous_4)
FNDA:2,(anonymous_5)
DA:1,7
DA:5,4
DA:6,4
DA:7,4
DA:8,4
DA:9,4
DA:10,4
DA:14,0
DA:23,1
DA:24,1
DA:25,2
DA:27,0
DA:28,0
DA:33,3
DA:34,3
DA:35,2
DA:36,1
DA:38,1
DA:40,1
DA:41,1
DA:46,2
DA:47,2
DA:48,2
DA:49,1
DA:51,1
DA:53,0
DA:54,0
DA:59,7
LF:28
LH:23
BRDA:7,0,0,4
BRDA:7,0,1,0
BRDA:9,1,0,4
BRDA:9,1,1,4
BRDA:10,2,0,4
BRDA:10,2,1,4
BRDA:35,3,0,1
BRDA:35,3,1,1
BRDA:48,4,0,1
BRDA:48,4,1,1
BRF:10
BRH:9
end_of_record
TN:
SF:models/User.js
FN:5,(anonymous_0)
FN:27,(anonymous_1)
FN:51,(anonymous_2)
FN:98,(anonymous_3)
FN:126,(anonymous_4)
FN:134,(anonymous_5)
FN:150,(anonymous_6)
FN:182,(anonymous_7)
FN:196,(anonymous_8)
FN:214,(anonymous_9)
FN:255,(anonymous_10)
FN:267,(anonymous_11)
FN:279,(anonymous_12)
FN:294,(anonymous_13)
FN:324,(anonymous_14)
FNF:15
FNH:14
FNDA:83,(anonymous_0)
FNDA:4,(anonymous_1)
FNDA:6,(anonymous_2)
FNDA:46,(anonymous_3)
FNDA:1,(anonymous_4)
FNDA:2,(anonymous_5)
FNDA:2,(anonymous_6)
FNDA:8,(anonymous_7)
FNDA:7,(anonymous_8)
FNDA:6,(anonymous_9)
FNDA:9,(anonymous_10)
FNDA:3,(anonymous_11)
FNDA:9,(anonymous_12)
FNDA:5,(anonymous_13)
FNDA:0,(anonymous_14)
DA:1,27
DA:2,27
DA:6,83
DA:7,83
DA:8,83
DA:9,83
DA:10,83
DA:11,83
DA:12,83
DA:13,83
DA:14,83
DA:15,83
DA:16,83
DA:17,83
DA:18,83
DA:19,83
DA:20,83
DA:21,83
DA:22,83
DA:23,83
DA:24,83
DA:28,4
DA:52,6
DA:53,6
DA:54,6
DA:55,6
DA:57,6
DA:58,3
DA:59,3
DA:61,6
DA:62,4
DA:63,4
DA:65,6
DA:66,0
DA:67,0
DA:70,6
DA:71,1
DA:74,5
DA:75,5
DA:77,5
DA:79,5
DA:80,1
DA:83,4
DA:84,4
DA:85,4
DA:86,2
DA:91,4
DA:93,0
DA:94,0
DA:99,46
DA:100,46
DA:107,46
DA:108,5
DA:111,41
DA:112,41
DA:113,41
DA:114,1
DA:119,41
DA:121,0
DA:122,0
DA:127,1
DA:128,1
DA:134,1
DA:135,2
DA:136,2
DA:137,2
DA:142,2
DA:145,0
DA:146,0
DA:151,2
DA:176,2
DA:177,2
DA:179,2
DA:183,8
DA:184,1
DA:187,7
DA:188,3
DA:189,3
DA:192,4
DA:193,4
DA:197,7
DA:198,4
DA:201,3
DA:202,3
DA:203,1
DA:206,2
DA:211,2
DA:215,6
DA:217,6
DA:242,6
DA:243,5
DA:245,5
DA:246,1
DA:252,5
DA:256,9
DA:257,2
DA:259,7
DA:260,1
DA:262,6
DA:263,1
DA:268,3
DA:269,3
DA:271,3
DA:272,2
DA:273,2
DA:274,2
DA:276,2
DA:280,9
DA:281,9
DA:283,5
DA:284,2
DA:287,3
DA:289,5
DA:290,5
DA:295,5
DA:296,5
DA:297,2
DA:300,3
DA:301,2
DA:304,1
DA:312,1
DA:313,0
DA:316,1
DA:317,1
DA:319,4
DA:320,4
DA:325,0
DA:326,0
DA:327,0
DA:330,0
DA:335,0
DA:336,0
DA:338,0
DA:339,0
DA:344,27
LF:135
LH:118
BRDA:6,0,0,83
BRDA:6,0,1,43
BRDA:7,1,0,83
BRDA:7,1,1,68
BRDA:8,2,0,83
BRDA:8,2,1,66
BRDA:10,3,0,83
BRDA:10,3,1,79
BRDA:11,4,0,83
BRDA:11,4,1,81
BRDA:12,5,0,83
BRDA:12,5,1,81
BRDA:13,6,0,83
BRDA:13,6,1,83
BRDA:14,7,0,83
BRDA:14,7,1,83
BRDA:15,8,0,83
BRDA:15,8,1,83
BRDA:16,9,0,83
BRDA:16,9,1,82
BRDA:17,10,0,83
BRDA:17,10,1,83
BRDA:18,11,0,83
BRDA:18,11,1,83
BRDA:19,12,0,83
BRDA:19,12,1,83
BRDA:20,13,0,83
BRDA:20,13,1,83
BRDA:21,14,0,0
BRDA:21,14,1,83
BRDA:22,15,0,83
BRDA:22,15,1,83
BRDA:23,16,0,83
BRDA:23,16,1,83
BRDA:24,17,0,83
BRDA:24,17,1,83
BRDA:57,18,0,3
BRDA:57,18,1,3
BRDA:61,19,0,4
BRDA:61,19,1,2
BRDA:65,20,0,0
BRDA:65,20,1,6
BRDA:70,21,0,1
BRDA:70,21,1,5
BRDA:79,22,0,1
BRDA:79,22,1,4
BRDA:85,23,0,2
BRDA:85,23,1,2
BRDA:107,24,0,5
BRDA:107,24,1,41
BRDA:113,25,0,1
BRDA:113,25,1,40
BRDA:136,26,0,2
BRDA:136,26,1,0
BRDA:165,27,0,2
BRDA:165,27,1,2
BRDA:166,28,0,2
BRDA:166,28,1,2
BRDA:167,29,0,2
BRDA:167,29,1,2
BRDA:168,30,0,2
BRDA:168,30,1,2
BRDA:169,31,0,2
BRDA:169,31,1,2
BRDA:170,32,0,2
BRDA:170,32,1,2
BRDA:176,33,0,2
BRDA:176,33,1,0
BRDA:183,34,0,1
BRDA:183,34,1,7
BRDA:187,35,0,3
BRDA:187,35,1,4
BRDA:189,36,0,3
BRDA:189,36,1,1
BRDA:193,37,0,4
BRDA:193,37,1,1
BRDA:197,38,0,4
BRDA:197,38,1,3
BRDA:197,39,0,7
BRDA:197,39,1,4
BRDA:202,40,0,1
BRDA:202,40,1,2
BRDA:211,41,0,1
BRDA:211,41,1,1
BRDA:215,42,0,6
BRDA:215,42,1,5
BRDA:225,43,0,6
BRDA:225,43,1,4
BRDA:231,44,0,6
BRDA:231,44,1,6
BRDA:232,45,0,6
BRDA:232,45,1,6
BRDA:233,46,0,6
BRDA:233,46,1,6
BRDA:234,47,0,6
BRDA:234,47,1,6
BRDA:235,48,0,6
BRDA:235,48,1,6
BRDA:236,49,0,6
BRDA:236,49,1,6
BRDA:237,50,0,6
BRDA:237,50,1,6
BRDA:242,51,0,5
BRDA:242,51,1,0
BRDA:245,52,0,1
BRDA:245,52,1,4
BRDA:245,53,0,5
BRDA:245,53,1,1
BRDA:256,54,0,2
BRDA:256,54,1,7
BRDA:259,55,0,1
BRDA:259,55,1,6
BRDA:262,56,0,1
BRDA:262,56,1,5
BRDA:268,57,0,3
BRDA:268,57,1,0
BRDA:283,58,0,2
BRDA:283,58,1,3
BRDA:296,59,0,2
BRDA:296,59,1,3
BRDA:300,60,0,2
BRDA:300,60,1,1
BRDA:312,61,0,0
BRDA:312,61,1,1
BRDA:326,62,0,0
BRDA:326,62,1,0
BRF:126
BRH:117
end_of_record
TN:
SF:routes/approvals-enrichment-helpers.js
FN:4,enrichItemWithApprovalsAndAttachments
FN:18,(anonymous_1)
FN:24,(anonymous_2)
FN:33,enrichItemsWithApprovalsAndAttachments
FN:34,(anonymous_4)
FNF:5
FNH:5
FNDA:13,enrichItemWithApprovalsAndAttachments
FNDA:2,(anonymous_1)
FNDA:2,(anonymous_2)
FNDA:9,enrichItemsWithApprovalsAndAttachments
FNDA:9,(anonymous_4)
DA:2,5
DA:5,13
DA:17,13
DA:18,13
DA:20,13
DA:24,2
DA:26,13
DA:34,9
DA:37,5
LF:9
LH:9
BRDA:4,0,0,3
BRDA:5,1,0,3
BRDA:5,1,1,10
BRDA:17,2,0,3
BRDA:17,2,1,10
BRDA:28,3,0,13
BRDA:28,3,1,0
BRDA:29,4,0,13
BRDA:29,4,1,0
BRDA:33,5,0,7
BRF:10
BRH:8
end_of_record
TN:
SF:routes/approvals-finance-helpers.js
FN:2,processFinanceApproval
FN:18,(anonymous_1)
FN:21,(anonymous_2)
FNF:3
FNH:3
FNDA:16,processFinanceApproval
FNDA:23,(anonymous_1)
FNDA:23,(anonymous_2)
DA:3,16
DA:9,16
DA:14,16
DA:18,16
DA:19,23
DA:21,16
DA:22,23
DA:25,16
DA:26,16
DA:33,3
LF:10
LH:10
BRDA:12,0,0,16
BRDA:12,0,1,4
BRDA:19,1,0,23
BRDA:19,1,1,13
BRDA:25,2,0,9
BRDA:25,2,1,7
BRDA:25,3,0,16
BRDA:25,3,1,9
BRF:8
BRH:8
end_of_record
TN:
SF:routes/approvals-get-helpers.js
FN:8,handlePendingItemsRequest
FN:20,handleApprovedItemsRequest
FNF:2
FNH:2
FNDA:3,handlePendingItemsRequest
FNDA:2,handleApprovedItemsRequest
DA:2,2
DA:3,2
DA:4,2
DA:5,2
DA:6,2
DA:9,3
DA:10,3
DA:11,3
DA:12,2
DA:13,2
DA:15,1
DA:16,1
DA:21,2
DA:22,2
DA:23,2
DA:24,2
DA:25,2
DA:27,0
DA:28,0
DA:32,2
LF:20
LH:18
BRDA:8,0,0,1
BRDA:20,1,0,0
BRDA:20,2,0,0
BRF:3
BRH:1
end_of_record
TN:
SF:routes/approvals-helpers.js
FN:44,enrichItemsWithDetails
FN:50,handleApproval
FN:72,handleRejection
FN:94,validateItemForAction
FN:108,(anonymous_4)
FN:123,(anonymous_5)
FN:134,(anonymous_6)
FNF:7
FNH:5
FNDA:1,enrichItemsWithDetails
FNDA:3,handleApproval
FNDA:2,handleRejection
FNDA:11,validateItemForAction
FNDA:0,(anonymous_4)
FNDA:0,(anonymous_5)
FNDA:11,(anonymous_6)
DA:2,8
DA:3,8
DA:6,8
DA:45,1
DA:46,1
DA:51,3
DA:53,3
DA:59,3
DA:64,3
DA:73,2
DA:75,2
DA:81,2
DA:86,2
DA:95,11
DA:101,11
DA:103,11
DA:104,5
DA:106,5
DA:107,0
DA:108,0
DA:109,0
DA:110,0
DA:112,5
DA:113,5
DA:116,5
DA:117,5
DA:119,6
DA:121,6
DA:122,0
DA:123,0
DA:124,0
DA:125,0
DA:127,6
DA:128,6
DA:132,11
DA:133,4
DA:134,11
DA:135,4
DA:136,4
DA:139,11
DA:140,11
DA:143,8
LF:42
LH:34
BRDA:62,0,0,3
BRDA:62,0,1,2
BRDA:94,1,0,0
BRDA:103,2,0,5
BRDA:103,2,1,6
BRDA:106,3,0,0
BRDA:106,3,1,5
BRDA:121,4,0,0
BRDA:121,4,1,6
BRDA:132,5,0,4
BRDA:132,5,1,7
BRDA:132,6,0,11
BRDA:132,6,1,10
BRDA:140,7,0,11
BRDA:140,7,1,3
BRF:15
BRH:12
end_of_record
TN:
SF:routes/approvals-query-helpers.js
FN:4,buildPendingItemsQuery
FN:37,buildApprovedItemsQuery
FN:61,buildSuperAdminQuery
FNF:3
FNH:3
FNDA:9,buildPendingItemsQuery
FNDA:9,buildApprovedItemsQuery
FNDA:14,buildSuperAdminQuery
DA:2,3
DA:5,9
DA:6,9
DA:8,9
DA:10,3
DA:15,3
DA:16,3
DA:19,2
DA:22,2
DA:24,2
DA:28,2
DA:30,2
DA:33,9
DA:34,9
DA:38,9
DA:39,9
DA:41,9
DA:43,3
DA:45,3
DA:46,3
DA:48,2
DA:49,2
DA:51,2
DA:52,2
DA:54,2
DA:57,9
DA:58,9
DA:62,14
DA:63,14
DA:65,14
DA:67,5
DA:68,2
DA:69,2
DA:70,3
DA:71,1
DA:76,1
DA:77,2
DA:78,1
DA:79,1
DA:81,5
DA:83,4
DA:84,1
DA:90,1
DA:91,3
DA:92,1
DA:98,1
DA:99,2
DA:100,1
DA:101,1
DA:103,4
DA:105,4
DA:106,1
DA:107,1
DA:108,3
DA:109,1
DA:110,1
DA:111,2
DA:112,1
DA:113,1
DA:115,4
DA:118,14
DA:119,14
DA:122,3
LF:63
LH:63
BRDA:4,0,0,6
BRDA:8,1,0,3
BRDA:8,1,1,2
BRDA:8,1,2,2
BRDA:8,1,3,2
BRDA:37,2,0,1
BRDA:37,3,0,1
BRDA:41,4,0,3
BRDA:41,4,1,2
BRDA:41,4,2,2
BRDA:41,4,3,2
BRDA:65,5,0,5
BRDA:65,5,1,4
BRDA:65,5,2,4
BRDA:67,6,0,2
BRDA:67,6,1,3
BRDA:70,7,0,1
BRDA:70,7,1,2
BRDA:77,8,0,1
BRDA:77,8,1,1
BRDA:83,9,0,1
BRDA:83,9,1,3
BRDA:91,10,0,1
BRDA:91,10,1,2
BRDA:99,11,0,1
BRDA:99,11,1,1
BRDA:105,12,0,1
BRDA:105,12,1,3
BRDA:108,13,0,1
BRDA:108,13,1,2
BRDA:111,14,0,1
BRDA:111,14,1,1
BRF:32
BRH:32
end_of_record
TN:
SF:routes/approvals-superadmin-helpers.js
FN:7,handleSuperAdminApprovalRequest
FNF:1
FNH:1
FNDA:5,handleSuperAdminApprovalRequest
DA:2,1
DA:3,1
DA:4,1
DA:5,1
DA:8,5
DA:9,5
DA:10,5
DA:11,5
DA:12,1
DA:15,4
DA:16,4
DA:17,3
DA:19,3
DA:21,1
DA:22,1
DA:26,1
LF:16
LH:16
BRDA:11,0,0,1
BRDA:11,0,1,4
BRF:2
BRH:2
end_of_record
TN:
SF:routes/approvals-transaction-helpers.js
FN:7,handleApprovalTransaction
FN:62,handleRejectionTransaction
FNF:2
FNH:2
FNDA:10,handleApprovalTransaction
FNDA:7,handleRejectionTransaction
DA:2,3
DA:3,3
DA:4,3
DA:5,3
DA:17,10
DA:19,10
DA:20,10
DA:21,10
DA:23,10
DA:24,10
DA:26,10
DA:27,1
DA:28,1
DA:31,9
DA:32,7
DA:33,1
DA:34,1
DA:37,6
DA:38,2
DA:40,4
DA:51,5
DA:52,5
DA:54,3
DA:55,3
DA:56,3
DA:58,10
DA:72,7
DA:74,7
DA:75,7
DA:76,7
DA:78,7
DA:79,7
DA:81,7
DA:82,0
DA:83,0
DA:86,7
DA:87,2
DA:88,2
DA:91,5
DA:92,5
DA:93,0
DA:94,0
DA:97,5
DA:107,4
DA:108,4
DA:110,1
DA:111,1
DA:112,1
DA:114,7
DA:118,3
LF:50
LH:46
BRDA:26,0,0,1
BRDA:26,0,1,9
BRDA:32,1,0,1
BRDA:32,1,1,6
BRDA:37,2,0,2
BRDA:37,2,1,4
BRDA:37,3,0,6
BRDA:37,3,1,2
BRDA:81,4,0,0
BRDA:81,4,1,7
BRDA:86,5,0,2
BRDA:86,5,1,5
BRDA:86,6,0,7
BRDA:86,6,1,6
BRDA:92,7,0,0
BRDA:92,7,1,5
BRF:16
BRH:14
end_of_record
TN:
SF:routes/approvals.js
FN:18,(anonymous_0)
FN:23,(anonymous_1)
FN:37,(anonymous_2)
FN:51,(anonymous_3)
FN:56,(anonymous_4)
FN:61,(anonymous_5)
FN:75,(anonymous_6)
FN:89,(anonymous_7)
FN:94,(anonymous_8)
FN:99,(anonymous_9)
FN:113,(anonymous_10)
FN:127,(anonymous_11)
FN:132,(anonymous_12)
FN:180,(anonymous_13)
FN:206,(anonymous_14)
FN:212,(anonymous_15)
FN:218,(anonymous_16)
FNF:17
FNH:13
FNDA:2,(anonymous_0)
FNDA:2,(anonymous_1)
FNDA:2,(anonymous_2)
FNDA:2,(anonymous_3)
FNDA:1,(anonymous_4)
FNDA:0,(anonymous_5)
FNDA:0,(anonymous_6)
FNDA:1,(anonymous_7)
FNDA:1,(anonymous_8)
FNDA:0,(anonymous_9)
FNDA:0,(anonymous_10)
FNDA:1,(anonymous_11)
FNDA:2,(anonymous_12)
FNDA:3,(anonymous_13)
FNDA:1,(anonymous_14)
FNDA:1,(anonymous_15)
FNDA:1,(anonymous_16)
DA:1,5
DA:2,5
DA:3,5
DA:4,5
DA:5,5
DA:12,5
DA:15,5
DA:16,5
DA:18,5
DA:19,2
DA:20,2
DA:23,5
DA:24,2
DA:25,2
DA:37,5
DA:38,2
DA:39,2
DA:51,5
DA:52,2
DA:53,2
DA:56,5
DA:57,1
DA:58,1
DA:61,5
DA:62,0
DA:63,0
DA:75,5
DA:76,0
DA:77,0
DA:89,5
DA:90,1
DA:91,1
DA:94,5
DA:95,1
DA:96,1
DA:99,5
DA:100,0
DA:101,0
DA:113,5
DA:114,0
DA:115,0
DA:127,5
DA:128,1
DA:129,1
DA:132,5
DA:133,2
DA:134,2
DA:135,2
DA:137,2
DA:139,2
DA:140,0
DA:141,0
DA:144,2
DA:151,2
DA:152,0
DA:153,0
DA:156,2
DA:157,2
DA:158,2
DA:159,2
DA:161,2
DA:162,2
DA:163,0
DA:164,0
DA:170,2
DA:176,2
DA:180,3
DA:182,2
DA:183,2
DA:191,2
DA:193,2
DA:195,0
DA:196,0
DA:197,0
DA:199,2
DA:206,5
DA:207,1
DA:208,1
DA:212,5
DA:213,1
DA:214,1
DA:218,5
DA:219,1
DA:220,1
DA:223,5
LF:85
LH:68
BRDA:139,0,0,0
BRDA:139,0,1,2
BRDA:151,1,0,0
BRDA:151,1,1,2
BRDA:157,2,0,2
BRDA:157,2,1,0
BRDA:157,3,0,2
BRDA:157,3,1,2
BRDA:158,4,0,2
BRDA:158,4,1,0
BRDA:158,5,0,2
BRDA:158,5,1,2
BRDA:159,6,0,2
BRDA:159,6,1,0
BRDA:159,7,0,2
BRDA:159,7,1,2
BRDA:162,8,0,0
BRDA:162,8,1,2
BRDA:182,9,0,2
BRDA:182,9,1,0
BRF:20
BRH:13
end_of_record
TN:
SF:routes/auth-helpers.js
FN:6,extractAzureId
FN:20,buildUserDisplayName
FN:28,buildUserEmail
FN:36,findOrCreateUser
FN:61,buildUserResponse
FNF:5
FNH:5
FNDA:10,extractAzureId
FNDA:12,buildUserDisplayName
FNDA:9,buildUserEmail
FNDA:3,findOrCreateUser
FNDA:4,buildUserResponse
DA:2,2
DA:3,2
DA:4,2
DA:7,10
DA:9,10
DA:10,5
DA:13,10
DA:14,0
DA:17,10
DA:21,12
DA:29,9
DA:37,3
DA:39,3
DA:40,2
DA:41,2
DA:42,2
DA:45,1
DA:46,1
DA:47,1
DA:49,1
DA:57,1
DA:58,1
DA:62,4
DA:63,4
DA:76,2
LF:25
LH:24
BRDA:7,0,0,10
BRDA:7,0,1,7
BRDA:9,1,0,5
BRDA:9,1,1,5
BRDA:10,2,0,5
BRDA:10,2,1,3
BRDA:10,2,2,2
BRDA:13,3,0,0
BRDA:13,3,1,10
BRDA:13,4,0,10
BRDA:13,4,1,0
BRDA:21,5,0,12
BRDA:21,5,1,10
BRDA:21,5,2,6
BRDA:21,5,3,4
BRDA:21,5,4,2
BRDA:22,6,0,10
BRDA:22,6,1,6
BRDA:22,7,0,10
BRDA:22,7,1,6
BRDA:29,8,0,9
BRDA:29,8,1,6
BRDA:29,8,2,4
BRDA:29,8,3,3
BRDA:29,8,4,2
BRDA:39,9,0,2
BRDA:39,9,1,1
BRDA:47,10,0,1
BRDA:47,10,1,0
BRDA:47,10,2,0
BRDA:53,11,0,1
BRDA:53,11,1,0
BRDA:62,12,0,3
BRDA:62,12,1,1
BRDA:66,13,0,4
BRDA:66,13,1,2
BRDA:71,14,0,4
BRDA:71,14,1,2
BRF:38
BRH:33
end_of_record
TN:
SF:routes/auth-role-helpers.js
FN:6,assignManagerForRole
FN:29,setHRManagerSelf
FN:36,updateUserRoleWithManager
FNF:3
FNH:3
FNDA:27,assignManagerForRole
FNDA:8,setHRManagerSelf
FNDA:19,updateUserRoleWithManager
DA:2,3
DA:3,3
DA:4,3
DA:7,27
DA:8,9
DA:11,18
DA:12,17
DA:13,2
DA:16,11
DA:21,11
DA:22,9
DA:30,8
DA:37,19
DA:38,18
DA:40,13
DA:41,4
DA:42,9
DA:43,2
DA:47,3
LF:19
LH:19
BRDA:7,0,0,9
BRDA:7,0,1,18
BRDA:7,1,0,27
BRDA:7,1,1,14
BRDA:12,2,0,2
BRDA:12,2,1,11
BRDA:21,3,0,9
BRDA:21,3,1,2
BRDA:40,4,0,4
BRDA:40,4,1,9
BRDA:40,5,0,13
BRDA:40,5,1,11
BRDA:42,6,0,2
BRDA:42,6,1,7
BRF:14
BRH:14
end_of_record
TN:
SF:routes/auth.js
FN:20,(anonymous_0)
FN:27,(anonymous_1)
FN:34,(anonymous_2)
FN:56,(anonymous_3)
FN:94,(anonymous_4)
FN:102,(anonymous_5)
FN:118,(anonymous_6)
FN:141,(anonymous_7)
FN:152,(anonymous_8)
FN:156,(anonymous_9)
FN:167,(anonymous_10)
FN:171,(anonymous_11)
FN:191,(anonymous_12)
FN:218,(anonymous_13)
FN:228,(anonymous_14)
FN:246,(anonymous_15)
FN:295,(anonymous_16)
FN:300,(anonymous_17)
FN:308,(anonymous_18)
FN:332,(anonymous_19)
FN:348,(anonymous_20)
FN:382,(anonymous_21)
FN:391,(anonymous_22)
FN:417,(anonymous_23)
FN:436,(anonymous_24)
FN:466,(anonymous_25)
FN:526,(anonymous_26)
FN:564,(anonymous_27)
FN:594,(anonymous_28)
FN:641,(anonymous_29)
FN:704,(anonymous_30)
FN:738,(anonymous_31)
FN:742,(anonymous_32)
FN:743,(anonymous_33)
FN:747,(anonymous_34)
FN:751,(anonymous_35)
FN:762,(anonymous_36)
FN:847,(anonymous_37)
FN:853,(anonymous_38)
FNF:39
FNH:19
FNDA:0,(anonymous_0)
FNDA:0,(anonymous_1)
FNDA:0,(anonymous_2)
FNDA:0,(anonymous_3)
FNDA:0,(anonymous_4)
FNDA:0,(anonymous_5)
FNDA:34,(anonymous_6)
FNDA:2,(anonymous_7)
FNDA:1,(anonymous_8)
FNDA:2,(anonymous_9)
FNDA:1,(anonymous_10)
FNDA:5,(anonymous_11)
FNDA:0,(anonymous_12)
FNDA:0,(anonymous_13)
FNDA:0,(anonymous_14)
FNDA:10,(anonymous_15)
FNDA:6,(anonymous_16)
FNDA:4,(anonymous_17)
FNDA:7,(anonymous_18)
FNDA:3,(anonymous_19)
FNDA:17,(anonymous_20)
FNDA:4,(anonymous_21)
FNDA:0,(anonymous_22)
FNDA:1,(anonymous_23)
FNDA:1,(anonymous_24)
FNDA:0,(anonymous_25)
FNDA:0,(anonymous_26)
FNDA:0,(anonymous_27)
FNDA:0,(anonymous_28)
FNDA:0,(anonymous_29)
FNDA:0,(anonymous_30)
FNDA:9,(anonymous_31)
FNDA:4,(anonymous_32)
FNDA:0,(anonymous_33)
FNDA:4,(anonymous_34)
FNDA:4,(anonymous_35)
FNDA:0,(anonymous_36)
FNDA:0,(anonymous_37)
FNDA:0,(anonymous_38)
DA:1,17
DA:2,17
DA:3,17
DA:4,6
DA:5,6
DA:6,6
DA:7,6
DA:8,6
DA:9,6
DA:10,6
DA:11,6
DA:12,6
DA:13,6
DA:14,6
DA:15,6
DA:16,6
DA:19,6
DA:21,0
DA:22,0
DA:23,0
DA:25,0
DA:28,0
DA:32,6
DA:35,0
DA:38,0
DA:40,0
DA:45,6
DA:47,6
DA:48,6
DA:49,6
DA:54,6
DA:55,6
DA:56,6
DA:57,0
DA:58,0
DA:60,0
DA:61,0
DA:62,0
DA:65,0
DA:67,0
DA:68,0
DA:69,0
DA:71,0
DA:78,0
DA:81,0
DA:83,0
DA:84,0
DA:88,0
DA:91,0
DA:94,6
DA:95,0
DA:96,0
DA:97,0
DA:99,0
DA:102,6
DA:103,0
DA:104,0
DA:105,0
DA:107,0
DA:108,0
DA:109,0
DA:111,0
DA:113,0
DA:114,0
DA:118,6
DA:119,34
DA:120,0
DA:123,25
DA:124,25
DA:125,24
DA:126,7
DA:129,17
DA:130,16
DA:133,1
DA:134,1
DA:136,1
DA:137,1
DA:141,6
DA:142,2
DA:143,1
DA:148,1
DA:153,1
DA:156,6
DA:157,2
DA:158,1
DA:163,1
DA:168,1
DA:171,6
DA:172,5
DA:173,5
DA:175,5
DA:176,1
DA:179,4
DA:180,1
DA:186,3
DA:187,3
DA:188,3
DA:191,0
DA:192,0
DA:193,0
DA:194,0
DA:197,0
DA:199,0
DA:200,0
DA:206,0
DA:207,0
DA:209,0
DA:210,0
DA:216,0
DA:218,0
DA:219,0
DA:220,0
DA:224,0
DA:225,0
DA:228,0
DA:230,0
DA:231,0
DA:232,0
DA:233,0
DA:236,0
DA:237,0
DA:241,0
DA:242,0
DA:246,6
DA:247,10
DA:248,10
DA:249,7
DA:251,7
DA:252,0
DA:258,7
DA:260,6
DA:261,1
DA:267,5
DA:268,5
DA:280,0
DA:286,4
DA:287,4
DA:295,6
DA:296,6
DA:297,6
DA:298,3
DA:300,4
DA:303,5
DA:304,5
DA:308,6
DA:309,7
DA:310,7
DA:311,3
DA:317,4
DA:330,3
DA:332,3
DA:343,1
DA:344,1
DA:348,6
DA:349,17
DA:350,17
DA:351,3
DA:357,14
DA:359,14
DA:360,3
DA:363,11
DA:364,11
DA:365,3
DA:368,8
DA:375,8
DA:376,3
DA:382,5
DA:383,4
DA:384,0
DA:387,4
DA:388,4
DA:391,4
DA:393,0
DA:394,0
DA:408,5
DA:409,5
DA:417,6
DA:418,1
DA:419,1
DA:434,1
DA:436,1
DA:461,0
DA:462,0
DA:466,6
DA:467,0
DA:468,0
DA:469,0
DA:471,0
DA:472,0
DA:477,0
DA:478,0
DA:480,0
DA:482,0
DA:483,0
DA:486,0
DA:502,0
DA:503,0
DA:505,0
DA:507,0
DA:509,0
DA:510,0
DA:512,0
DA:515,0
DA:521,0
DA:522,0
DA:526,6
DA:527,0
DA:528,0
DA:529,0
DA:531,0
DA:532,0
DA:535,0
DA:536,0
DA:537,0
DA:541,0
DA:542,0
DA:543,0
DA:544,0
DA:545,0
DA:546,0
DA:547,0
DA:548,0
DA:549,0
DA:551,0
DA:553,0
DA:559,0
DA:560,0
DA:564,6
DA:565,0
DA:566,0
DA:568,0
DA:569,0
DA:572,0
DA:573,0
DA:574,0
DA:578,0
DA:579,0
DA:582,0
DA:584,0
DA:589,0
DA:590,0
DA:594,6
DA:595,0
DA:596,0
DA:597,0
DA:599,0
DA:600,0
DA:603,0
DA:604,0
DA:605,0
DA:608,0
DA:609,0
DA:610,0
DA:611,0
DA:615,0
DA:620,0
DA:622,0
DA:632,0
DA:633,0
DA:641,6
DA:642,0
DA:643,0
DA:644,0
DA:646,0
DA:647,0
DA:650,0
DA:651,0
DA:654,0
DA:655,0
DA:656,0
DA:659,0
DA:660,0
DA:661,0
DA:664,0
DA:665,0
DA:668,0
DA:670,0
DA:671,0
DA:672,0
DA:673,0
DA:675,0
DA:678,0
DA:680,0
DA:681,0
DA:684,0
DA:695,0
DA:696,0
DA:704,6
DA:705,0
DA:707,0
DA:708,0
DA:711,0
DA:712,0
DA:713,0
DA:714,0
DA:717,0
DA:718,0
DA:719,0
DA:722,0
DA:723,0
DA:725,0
DA:727,0
DA:733,0
DA:734,0
DA:738,6
DA:739,9
DA:741,9
DA:742,6
DA:743,4
DA:747,7
DA:748,4
DA:749,0
DA:751,4
DA:752,4
DA:753,0
DA:754,0
DA:756,4
DA:757,4
DA:762,6
DA:764,0
DA:766,0
DA:767,0
DA:768,0
DA:772,0
DA:773,0
DA:774,0
DA:775,0
DA:777,0
DA:778,0
DA:782,0
DA:790,0
DA:791,0
DA:794,0
DA:795,0
DA:796,0
DA:798,0
DA:799,0
DA:800,0
DA:802,0
DA:803,0
DA:804,0
DA:805,0
DA:809,0
DA:810,0
DA:811,0
DA:812,0
DA:815,0
DA:816,0
DA:817,0
DA:818,0
DA:821,0
DA:822,0
DA:823,0
DA:824,0
DA:827,0
DA:828,0
DA:832,0
DA:834,0
DA:835,0
DA:837,0
DA:840,0
DA:841,0
DA:845,0
DA:847,0
DA:850,0
DA:851,0
DA:853,0
DA:854,0
DA:855,0
DA:859,0
DA:860,0
DA:861,0
DA:862,0
DA:865,0
DA:866,0
DA:867,0
DA:868,0
DA:869,0
DA:870,0
DA:871,0
DA:872,0
DA:873,0
DA:874,0
DA:875,0
DA:878,0
DA:881,0
DA:882,0
DA:883,0
DA:887,0
DA:888,0
DA:889,0
DA:893,0
DA:894,0
DA:895,0
DA:899,0
DA:900,0
DA:901,0
DA:902,0
DA:905,0
DA:907,0
DA:909,0
DA:910,0
DA:911,0
DA:914,0
DA:915,0
DA:916,0
DA:918,0
DA:920,0
DA:921,0
DA:923,0
DA:924,0
DA:926,0
DA:927,0
DA:928,0
DA:930,0
DA:931,0
DA:932,0
DA:934,0
DA:935,0
DA:936,0
DA:938,0
DA:939,0
DA:940,0
DA:942,0
DA:943,0
DA:944,0
DA:946,0
DA:947,0
DA:948,0
DA:950,0
DA:951,0
DA:952,0
DA:955,0
DA:956,0
DA:957,0
DA:958,0
DA:967,0
DA:968,0
DA:971,0
DA:973,0
DA:986,0
DA:987,0
DA:991,0
DA:992,0
DA:996,0
DA:997,0
DA:1000,0
DA:1001,0
DA:1002,0
DA:1004,0
DA:1006,0
DA:1007,0
DA:1008,0
DA:1010,0
DA:1016,6
LF:455
LH:131
BRDA:22,0,0,0
BRDA:22,0,1,0
BRDA:35,1,0,0
BRDA:35,1,1,0
BRDA:35,2,0,0
BRDA:35,2,1,0
BRDA:35,2,2,0
BRDA:48,3,0,6
BRDA:48,3,1,0
BRDA:54,4,0,6
BRDA:54,4,1,0
BRDA:54,5,0,6
BRDA:54,5,1,6
BRDA:58,6,0,0
BRDA:58,6,1,0
BRDA:58,6,2,0
BRDA:58,6,3,0
BRDA:58,6,4,0
BRDA:60,7,0,0
BRDA:60,7,1,0
BRDA:67,8,0,0
BRDA:67,8,1,0
BRDA:73,9,0,0
BRDA:73,9,1,0
BRDA:73,9,2,0
BRDA:73,9,3,0
BRDA:73,10,0,0
BRDA:73,10,1,0
BRDA:73,11,0,0
BRDA:73,11,1,0
BRDA:74,12,0,0
BRDA:74,12,1,0
BRDA:74,12,2,0
BRDA:95,13,0,0
BRDA:95,13,1,0
BRDA:96,14,0,0
BRDA:96,14,1,0
BRDA:104,15,0,0
BRDA:104,15,1,0
BRDA:108,16,0,0
BRDA:108,16,1,0
BRDA:119,17,0,0
BRDA:119,17,1,25
BRDA:119,18,0,34
BRDA:119,18,1,9
BRDA:124,19,0,25
BRDA:124,19,1,0
BRDA:125,20,0,7
BRDA:125,20,1,17
BRDA:129,21,0,16
BRDA:129,21,1,1
BRDA:129,22,0,17
BRDA:129,22,1,3
BRDA:142,23,0,1
BRDA:142,23,1,1
BRDA:142,24,0,2
BRDA:142,24,1,1
BRDA:157,25,0,1
BRDA:157,25,1,1
BRDA:157,26,0,2
BRDA:157,26,1,1
BRDA:175,27,0,1
BRDA:175,27,1,4
BRDA:179,28,0,1
BRDA:179,28,1,3
BRDA:179,29,0,4
BRDA:179,29,1,3
BRDA:179,29,2,3
BRDA:187,30,0,3
BRDA:187,30,1,0
BRDA:192,31,0,0
BRDA:192,31,1,0
BRDA:197,32,0,0
BRDA:197,32,1,0
BRDA:209,33,0,0
BRDA:209,33,1,0
BRDA:219,34,0,0
BRDA:219,34,1,0
BRDA:248,35,0,7
BRDA:248,35,1,0
BRDA:249,36,0,7
BRDA:249,36,1,0
BRDA:249,36,2,0
BRDA:251,37,0,0
BRDA:251,37,1,7
BRDA:260,38,0,1
BRDA:260,38,1,5
BRDA:267,39,0,4
BRDA:267,39,1,1
BRDA:271,40,0,5
BRDA:271,40,1,0
BRDA:276,41,0,5
BRDA:276,41,1,0
BRDA:310,42,0,3
BRDA:310,42,1,4
BRDA:336,43,0,2
BRDA:336,43,1,1
BRDA:350,44,0,3
BRDA:350,44,1,14
BRDA:359,45,0,3
BRDA:359,45,1,11
BRDA:364,46,0,3
BRDA:364,46,1,8
BRDA:368,47,0,8
BRDA:368,47,1,3
BRDA:368,47,2,3
BRDA:368,47,3,3
BRDA:368,47,4,3
BRDA:368,47,5,3
BRDA:375,48,0,3
BRDA:375,48,1,5
BRDA:383,49,0,0
BRDA:383,49,1,4
BRDA:393,50,0,0
BRDA:393,50,1,0
BRDA:400,51,0,0
BRDA:400,51,1,0
BRDA:403,52,0,0
BRDA:403,52,1,0
BRDA:440,53,0,0
BRDA:440,53,1,1
BRDA:471,54,0,0
BRDA:471,54,1,0
BRDA:471,55,0,0
BRDA:471,55,1,0
BRDA:471,55,2,0
BRDA:482,56,0,0
BRDA:482,56,1,0
BRDA:491,57,0,0
BRDA:491,57,1,0
BRDA:492,58,0,0
BRDA:492,58,1,0
BRDA:493,59,0,0
BRDA:493,59,1,0
BRDA:494,60,0,0
BRDA:494,60,1,0
BRDA:495,61,0,0
BRDA:495,61,1,0
BRDA:496,62,0,0
BRDA:496,62,1,0
BRDA:497,63,0,0
BRDA:497,63,1,0
BRDA:498,64,0,0
BRDA:498,64,1,0
BRDA:507,65,0,0
BRDA:507,65,1,0
BRDA:510,66,0,0
BRDA:510,66,1,0
BRDA:531,67,0,0
BRDA:531,67,1,0
BRDA:536,68,0,0
BRDA:536,68,1,0
BRDA:541,69,0,0
BRDA:541,69,1,0
BRDA:542,70,0,0
BRDA:542,70,1,0
BRDA:543,71,0,0
BRDA:543,71,1,0
BRDA:544,72,0,0
BRDA:544,72,1,0
BRDA:545,73,0,0
BRDA:545,73,1,0
BRDA:546,74,0,0
BRDA:546,74,1,0
BRDA:547,75,0,0
BRDA:547,75,1,0
BRDA:548,76,0,0
BRDA:548,76,1,0
BRDA:549,77,0,0
BRDA:549,77,1,0
BRDA:568,78,0,0
BRDA:568,78,1,0
BRDA:573,79,0,0
BRDA:573,79,1,0
BRDA:578,80,0,0
BRDA:578,80,1,0
BRDA:599,81,0,0
BRDA:599,81,1,0
BRDA:604,82,0,0
BRDA:604,82,1,0
BRDA:608,83,0,0
BRDA:608,83,1,0
BRDA:610,84,0,0
BRDA:610,84,1,0
BRDA:617,85,0,0
BRDA:617,85,1,0
BRDA:628,86,0,0
BRDA:628,86,1,0
BRDA:646,87,0,0
BRDA:646,87,1,0
BRDA:650,88,0,0
BRDA:650,88,1,0
BRDA:655,89,0,0
BRDA:655,89,1,0
BRDA:660,90,0,0
BRDA:660,90,1,0
BRDA:664,91,0,0
BRDA:664,91,1,0
BRDA:680,92,0,0
BRDA:680,92,1,0
BRDA:690,93,0,0
BRDA:690,93,1,0
BRDA:707,94,0,0
BRDA:707,94,1,0
BRDA:713,95,0,0
BRDA:713,95,1,0
BRDA:718,96,0,0
BRDA:718,96,1,0
BRDA:718,97,0,0
BRDA:718,97,1,0
BRDA:739,98,0,9
BRDA:739,98,1,3
BRDA:741,99,0,6
BRDA:741,99,1,3
BRDA:743,100,0,4
BRDA:743,100,1,0
BRDA:748,101,0,0
BRDA:748,101,1,4
BRDA:752,102,0,0
BRDA:752,102,1,4
BRDA:764,103,0,0
BRDA:764,103,1,0
BRDA:767,104,0,0
BRDA:767,104,1,0
BRDA:777,105,0,0
BRDA:777,105,1,0
BRDA:777,106,0,0
BRDA:777,106,1,0
BRDA:798,107,0,0
BRDA:798,107,1,0
BRDA:798,107,2,0
BRDA:798,107,3,0
BRDA:798,107,4,0
BRDA:798,107,5,0
BRDA:799,108,0,0
BRDA:799,108,1,0
BRDA:800,109,0,0
BRDA:800,109,1,0
BRDA:800,109,2,0
BRDA:802,110,0,0
BRDA:802,110,1,0
BRDA:809,111,0,0
BRDA:809,111,1,0
BRDA:815,112,0,0
BRDA:815,112,1,0
BRDA:815,113,0,0
BRDA:815,113,1,0
BRDA:821,114,0,0
BRDA:821,114,1,0
BRDA:832,115,0,0
BRDA:832,115,1,0
BRDA:834,116,0,0
BRDA:834,116,1,0
BRDA:834,117,0,0
BRDA:834,117,1,0
BRDA:847,118,0,0
BRDA:847,118,1,0
BRDA:854,119,0,0
BRDA:854,119,1,0
BRDA:855,120,0,0
BRDA:855,120,1,0
BRDA:861,121,0,0
BRDA:861,121,1,0
BRDA:861,121,2,0
BRDA:861,121,3,0
BRDA:861,121,4,0
BRDA:861,121,5,0
BRDA:865,122,0,0
BRDA:865,122,1,0
BRDA:866,123,0,0
BRDA:866,123,1,0
BRDA:866,123,2,0
BRDA:867,124,0,0
BRDA:867,124,1,0
BRDA:867,124,2,0
BRDA:868,125,0,0
BRDA:868,125,1,0
BRDA:868,125,2,0
BRDA:869,126,0,0
BRDA:869,126,1,0
BRDA:869,126,2,0
BRDA:870,127,0,0
BRDA:870,127,1,0
BRDA:871,128,0,0
BRDA:871,128,1,0
BRDA:872,129,0,0
BRDA:872,129,1,0
BRDA:873,130,0,0
BRDA:873,130,1,0
BRDA:873,130,2,0
BRDA:874,131,0,0
BRDA:874,131,1,0
BRDA:875,132,0,0
BRDA:875,132,1,0
BRDA:881,133,0,0
BRDA:881,133,1,0
BRDA:883,134,0,0
BRDA:883,134,1,0
BRDA:887,135,0,0
BRDA:887,135,1,0
BRDA:887,136,0,0
BRDA:887,136,1,0
BRDA:889,137,0,0
BRDA:889,137,1,0
BRDA:893,138,0,0
BRDA:893,138,1,0
BRDA:895,139,0,0
BRDA:895,139,1,0
BRDA:900,140,0,0
BRDA:900,140,1,0
BRDA:902,141,0,0
BRDA:902,141,1,0
BRDA:907,142,0,0
BRDA:907,142,1,0
BRDA:914,143,0,0
BRDA:914,143,1,0
BRDA:914,144,0,0
BRDA:914,144,1,0
BRDA:918,145,0,0
BRDA:918,145,1,0
BRDA:918,146,0,0
BRDA:918,146,1,0
BRDA:920,147,0,0
BRDA:920,147,1,0
BRDA:920,148,0,0
BRDA:920,148,1,0
BRDA:926,149,0,0
BRDA:926,149,1,0
BRDA:926,150,0,0
BRDA:926,150,1,0
BRDA:930,151,0,0
BRDA:930,151,1,0
BRDA:930,152,0,0
BRDA:930,152,1,0
BRDA:934,153,0,0
BRDA:934,153,1,0
BRDA:934,154,0,0
BRDA:934,154,1,0
BRDA:938,155,0,0
BRDA:938,155,1,0
BRDA:938,156,0,0
BRDA:938,156,1,0
BRDA:942,157,0,0
BRDA:942,157,1,0
BRDA:942,158,0,0
BRDA:942,158,1,0
BRDA:946,159,0,0
BRDA:946,159,1,0
BRDA:946,160,0,0
BRDA:946,160,1,0
BRDA:950,161,0,0
BRDA:950,161,1,0
BRDA:950,162,0,0
BRDA:950,162,1,0
BRDA:955,163,0,0
BRDA:955,163,1,0
BRDA:967,164,0,0
BRDA:967,164,1,0
BRDA:981,165,0,0
BRDA:981,165,1,0
BRDA:981,166,0,0
BRDA:981,166,1,0
BRDA:982,167,0,0
BRDA:982,167,1,0
BRDA:982,168,0,0
BRDA:982,168,1,0
BRDA:1000,169,0,0
BRDA:1000,169,1,0
BRDA:1004,170,0,0
BRDA:1004,170,1,0
BRDA:1006,171,0,0
BRDA:1006,171,1,0
BRDA:1006,172,0,0
BRDA:1006,172,1,0
BRF:374
BRH:66
end_of_record
TN:
SF:routes/dashboard-helpers.js
FN:6,getUserStats
FN:18,(anonymous_1)
FN:29,(anonymous_2)
FN:37,(anonymous_3)
FN:48,getFinancePendingApprovals
FN:56,(anonymous_5)
FN:57,(anonymous_6)
FN:64,getHRPendingApprovals
FN:72,(anonymous_8)
FN:73,(anonymous_9)
FN:80,getManagerPendingApprovals
FN:88,(anonymous_11)
FN:89,(anonymous_12)
FN:96,getSuperAdminPendingApprovals
FN:104,(anonymous_14)
FN:105,(anonymous_15)
FN:112,getPendingApprovalsStats
FN:142,getApprovedStats
FN:167,getRejectedStats
FN:178,(anonymous_19)
FN:187,(anonymous_20)
FN:198,(anonymous_21)
FN:209,buildRoleFilterQuery
FN:231,getMonthlyTrendData
FN:251,(anonymous_24)
FN:253,(anonymous_25)
FN:260,getStatusDistributionData
FN:297,(anonymous_27)
FN:299,(anonymous_28)
FN:306,getDepartmentWiseData
FN:328,(anonymous_30)
FN:330,(anonymous_31)
FN:337,getAmountTrendData
FN:357,(anonymous_33)
FN:359,(anonymous_34)
FN:366,getWeeklyTrendData
FN:387,(anonymous_36)
FN:389,(anonymous_37)
FN:397,getDailyData
FN:419,(anonymous_39)
FN:421,(anonymous_40)
FN:430,getCategoryWiseData
FN:452,(anonymous_42)
FN:454,(anonymous_43)
FNF:44
FNH:32
FNDA:8,getUserStats
FNDA:2,(anonymous_1)
FNDA:1,(anonymous_2)
FNDA:1,(anonymous_3)
FNDA:4,getFinancePendingApprovals
FNDA:0,(anonymous_5)
FNDA:2,(anonymous_6)
FNDA:2,getHRPendingApprovals
FNDA:0,(anonymous_8)
FNDA:1,(anonymous_9)
FNDA:3,getManagerPendingApprovals
FNDA:0,(anonymous_11)
FNDA:1,(anonymous_12)
FNDA:2,getSuperAdminPendingApprovals
FNDA:0,(anonymous_14)
FNDA:1,(anonymous_15)
FNDA:11,getPendingApprovalsStats
FNDA:9,getApprovedStats
FNDA:8,getRejectedStats
FNDA:2,(anonymous_19)
FNDA:0,(anonymous_20)
FNDA:0,(anonymous_21)
FNDA:45,buildRoleFilterQuery
FNDA:13,getMonthlyTrendData
FNDA:1,(anonymous_24)
FNDA:4,(anonymous_25)
FNDA:6,getStatusDistributionData
FNDA:0,(anonymous_27)
FNDA:3,(anonymous_28)
FNDA:6,getDepartmentWiseData
FNDA:0,(anonymous_30)
FNDA:3,(anonymous_31)
FNDA:6,getAmountTrendData
FNDA:0,(anonymous_33)
FNDA:3,(anonymous_34)
FNDA:6,getWeeklyTrendData
FNDA:0,(anonymous_36)
FNDA:3,(anonymous_37)
FNDA:4,getDailyData
FNDA:0,(anonymous_39)
FNDA:3,(anonymous_40)
FNDA:4,getCategoryWiseData
FNDA:0,(anonymous_42)
FNDA:3,(anonymous_43)
DA:2,8
DA:3,8
DA:4,8
DA:9,8
DA:10,8
DA:11,8
DA:18,2
DA:20,7
DA:21,7
DA:22,7
DA:29,1
DA:31,6
DA:32,6
DA:33,6
DA:37,1
DA:39,6
DA:49,4
DA:50,4
DA:56,0
DA:57,2
DA:58,4
DA:65,2
DA:66,2
DA:72,0
DA:73,1
DA:74,2
DA:81,3
DA:82,3
DA:88,0
DA:89,1
DA:90,3
DA:97,2
DA:98,2
DA:104,0
DA:105,1
DA:106,2
DA:113,11
DA:114,11
DA:116,11
DA:117,11
DA:118,11
DA:119,4
DA:120,4
DA:121,4
DA:122,7
DA:123,2
DA:124,2
DA:125,2
DA:126,5
DA:127,3
DA:128,3
DA:129,3
DA:131,2
DA:132,2
DA:133,2
DA:136,0
DA:139,11
DA:143,9
DA:144,9
DA:146,9
DA:147,9
DA:148,4
DA:149,2
DA:150,2
DA:151,5
DA:152,2
DA:153,2
DA:154,2
DA:155,3
DA:156,2
DA:157,2
DA:158,2
DA:161,2
DA:164,9
DA:168,8
DA:169,8
DA:171,8
DA:172,8
DA:173,4
DA:178,2
DA:179,4
DA:180,4
DA:181,4
DA:182,2
DA:187,0
DA:188,2
DA:189,2
DA:190,2
DA:191,1
DA:198,0
DA:199,1
DA:200,1
DA:203,0
DA:206,8
DA:210,45
DA:211,10
DA:213,35
DA:214,1
DA:219,34
DA:220,8
DA:225,26
DA:232,13
DA:233,13
DA:234,13
DA:236,13
DA:250,13
DA:251,13
DA:253,13
DA:261,6
DA:262,6
DA:263,6
DA:265,6
DA:296,6
DA:297,6
DA:299,6
DA:307,6
DA:308,6
DA:309,6
DA:311,6
DA:327,6
DA:328,6
DA:330,6
DA:338,6
DA:339,6
DA:340,6
DA:342,6
DA:356,6
DA:357,6
DA:359,6
DA:367,6
DA:368,6
DA:369,6
DA:371,6
DA:386,6
DA:387,6
DA:389,4
DA:398,4
DA:399,4
DA:400,4
DA:402,4
DA:418,4
DA:419,4
DA:421,4
DA:431,4
DA:432,4
DA:433,4
DA:435,4
DA:451,4
DA:452,4
DA:454,4
DA:461,8
LF:151
LH:143
BRDA:40,0,0,6
BRDA:40,0,1,3
BRDA:41,1,0,6
BRDA:41,1,1,3
BRDA:42,2,0,6
BRDA:42,2,1,3
BRDA:43,3,0,6
BRDA:43,3,1,3
BRDA:44,4,0,6
BRDA:44,4,1,3
BRDA:59,5,0,4
BRDA:59,5,1,2
BRDA:60,6,0,4
BRDA:60,6,1,2
BRDA:75,7,0,2
BRDA:75,7,1,1
BRDA:76,8,0,2
BRDA:76,8,1,1
BRDA:91,9,0,3
BRDA:91,9,1,1
BRDA:92,10,0,3
BRDA:92,10,1,1
BRDA:107,11,0,2
BRDA:107,11,1,1
BRDA:108,12,0,2
BRDA:108,12,1,1
BRDA:118,13,0,4
BRDA:118,13,1,7
BRDA:122,14,0,2
BRDA:122,14,1,5
BRDA:126,15,0,3
BRDA:126,15,1,2
BRDA:147,16,0,4
BRDA:147,16,1,5
BRDA:147,17,0,9
BRDA:147,17,1,5
BRDA:151,18,0,2
BRDA:151,18,1,3
BRDA:155,19,0,2
BRDA:155,19,1,1
BRDA:172,20,0,4
BRDA:172,20,1,4
BRDA:179,21,0,4
BRDA:179,21,1,3
BRDA:180,22,0,4
BRDA:180,22,1,3
BRDA:181,23,0,2
BRDA:181,23,1,2
BRDA:181,24,0,4
BRDA:181,24,1,2
BRDA:188,25,0,2
BRDA:188,25,1,0
BRDA:189,26,0,2
BRDA:189,26,1,0
BRDA:190,27,0,1
BRDA:190,27,1,1
BRDA:199,28,0,1
BRDA:199,28,1,0
BRDA:200,29,0,1
BRDA:200,29,1,0
BRDA:210,30,0,10
BRDA:210,30,1,35
BRDA:210,31,0,45
BRDA:210,31,1,43
BRDA:213,32,0,1
BRDA:213,32,1,34
BRDA:219,33,0,8
BRDA:219,33,1,26
BRDA:232,34,0,13
BRDA:232,34,1,11
BRDA:233,35,0,9
BRDA:233,35,1,4
BRDA:250,36,0,9
BRDA:250,36,1,4
BRDA:255,37,0,4
BRDA:255,37,1,0
BRDA:256,38,0,4
BRDA:256,38,1,0
BRDA:261,39,0,6
BRDA:261,39,1,6
BRDA:262,40,0,5
BRDA:262,40,1,1
BRDA:296,41,0,5
BRDA:296,41,1,1
BRDA:301,42,0,3
BRDA:301,42,1,0
BRDA:302,43,0,3
BRDA:302,43,1,0
BRDA:307,44,0,6
BRDA:307,44,1,6
BRDA:308,45,0,5
BRDA:308,45,1,1
BRDA:327,46,0,5
BRDA:327,46,1,1
BRDA:332,47,0,3
BRDA:332,47,1,0
BRDA:333,48,0,3
BRDA:333,48,1,0
BRDA:338,49,0,6
BRDA:338,49,1,6
BRDA:339,50,0,5
BRDA:339,50,1,1
BRDA:356,51,0,5
BRDA:356,51,1,1
BRDA:361,52,0,3
BRDA:361,52,1,0
BRDA:362,53,0,3
BRDA:362,53,1,0
BRDA:367,54,0,6
BRDA:367,54,1,6
BRDA:368,55,0,5
BRDA:368,55,1,1
BRDA:386,56,0,5
BRDA:386,56,1,1
BRDA:392,57,0,3
BRDA:392,57,1,0
BRDA:393,58,0,3
BRDA:393,58,1,0
BRDA:398,59,0,4
BRDA:398,59,1,4
BRDA:399,60,0,3
BRDA:399,60,1,1
BRDA:418,61,0,3
BRDA:418,61,1,1
BRDA:423,62,0,3
BRDA:423,62,1,0
BRDA:424,63,0,3
BRDA:424,63,1,0
BRDA:425,64,0,3
BRDA:425,64,1,0
BRDA:426,65,0,3
BRDA:426,65,1,0
BRDA:431,66,0,4
BRDA:431,66,1,4
BRDA:432,67,0,3
BRDA:432,67,1,1
BRDA:451,68,0,3
BRDA:451,68,1,1
BRDA:456,69,0,3
BRDA:456,69,1,0
BRDA:457,70,0,3
BRDA:457,70,1,0
BRF:142
BRH:122
end_of_record
TN:
SF:routes/dashboard-query-helpers.js
FN:5,executeStatsQuery
FN:7,(anonymous_1)
FN:14,getApprovedStatsByStatus
FN:17,(anonymous_3)
FNF:4
FNH:4
FNDA:11,executeStatsQuery
FNDA:2,(anonymous_1)
FNDA:7,getApprovedStatsByStatus
FNDA:9,(anonymous_3)
DA:2,7
DA:3,7
DA:6,11
DA:7,11
DA:8,11
DA:15,7
DA:16,7
DA:17,9
DA:19,7
DA:26,7
DA:29,7
LF:11
LH:11
BRDA:5,0,0,10
BRDA:6,1,0,11
BRDA:6,1,1,10
BRDA:9,2,0,11
BRDA:9,2,1,2
BRDA:10,3,0,11
BRDA:10,3,1,2
BRDA:14,4,0,0
BRDA:15,5,0,3
BRDA:15,5,1,4
BRDA:16,6,0,4
BRDA:16,6,1,3
BRF:12
BRH:11
end_of_record
TN:
SF:routes/dashboard-stats-helpers.js
FN:5,buildUserCards
FN:42,buildSuperAdminCards
FN:75,buildHRCards
FN:96,formatReimbursementRow
FN:115,formatPendingApprovalRow
FN:132,fetchRecentReimbursements
FN:180,(anonymous_6)
FN:188,fetchPendingApprovals
FN:216,(anonymous_8)
FNF:9
FNH:9
FNDA:9,buildUserCards
FNDA:2,buildSuperAdminCards
FNDA:4,buildHRCards
FNDA:6,formatReimbursementRow
FNDA:6,formatPendingApprovalRow
FNDA:8,fetchRecentReimbursements
FNDA:2,(anonymous_6)
FNDA:8,fetchPendingApprovals
FNDA:2,(anonymous_8)
DA:2,6
DA:3,6
DA:6,9
DA:7,9
DA:9,9
DA:10,8
DA:11,5
DA:20,8
DA:21,5
DA:30,8
DA:31,7
DA:43,2
DA:76,4
DA:77,2
DA:97,6
DA:98,6
DA:99,6
DA:100,6
DA:102,6
DA:116,6
DA:117,6
DA:118,6
DA:120,6
DA:133,8
DA:134,8
DA:178,8
DA:179,8
DA:181,2
DA:182,2
DA:185,8
DA:189,8
DA:190,8
DA:214,8
DA:215,8
DA:217,2
DA:218,2
DA:221,8
DA:224,6
LF:38
LH:38
BRDA:9,0,0,8
BRDA:9,0,1,1
BRDA:9,1,0,9
BRDA:9,1,1,8
BRDA:9,1,2,2
BRDA:10,2,0,5
BRDA:10,2,1,3
BRDA:10,3,0,8
BRDA:10,3,1,3
BRDA:20,4,0,5
BRDA:20,4,1,3
BRDA:20,5,0,8
BRDA:20,5,1,3
BRDA:30,6,0,7
BRDA:30,6,1,1
BRDA:76,7,0,2
BRDA:76,7,1,2
BRDA:97,8,0,6
BRDA:97,8,1,0
BRDA:97,8,2,0
BRDA:98,9,0,0
BRDA:98,9,1,6
BRDA:98,10,0,6
BRDA:98,10,1,0
BRDA:99,11,0,0
BRDA:99,11,1,6
BRDA:99,12,0,6
BRDA:99,12,1,0
BRDA:100,13,0,0
BRDA:100,13,1,6
BRDA:100,14,0,6
BRDA:100,14,1,0
BRDA:104,15,0,6
BRDA:104,15,1,0
BRDA:105,16,0,6
BRDA:105,16,1,0
BRDA:106,17,0,6
BRDA:106,17,1,0
BRDA:108,18,0,6
BRDA:108,18,1,0
BRDA:116,19,0,0
BRDA:116,19,1,6
BRDA:116,20,0,6
BRDA:116,20,1,0
BRDA:117,21,0,0
BRDA:117,21,1,6
BRDA:117,22,0,6
BRDA:117,22,1,0
BRDA:118,23,0,0
BRDA:118,23,1,6
BRDA:118,24,0,6
BRDA:118,24,1,0
BRDA:122,25,0,6
BRDA:122,25,1,0
BRDA:124,26,0,6
BRDA:124,26,1,0
BRDA:125,27,0,6
BRDA:125,27,1,0
BRDA:133,28,0,3
BRDA:133,28,1,5
BRDA:133,29,0,8
BRDA:133,29,1,6
BRDA:134,30,0,3
BRDA:134,30,1,5
BRDA:134,31,0,8
BRDA:134,31,1,6
BRDA:178,32,0,3
BRDA:178,32,1,5
BRDA:178,33,0,8
BRDA:178,33,1,6
BRDA:189,34,0,3
BRDA:189,34,1,5
BRDA:189,35,0,8
BRDA:189,35,1,8
BRDA:189,35,2,5
BRDA:189,35,3,5
BRDA:190,36,0,3
BRDA:190,36,1,5
BRDA:190,37,0,8
BRDA:190,37,1,8
BRDA:190,37,2,5
BRDA:190,37,3,5
BRDA:214,38,0,3
BRDA:214,38,1,5
BRDA:214,39,0,8
BRDA:214,39,1,8
BRDA:214,39,2,5
BRDA:214,39,3,5
BRF:88
BRH:67
end_of_record
TN:
SF:routes/dashboard-stats-query-helpers.js
FN:4,fetchTotalCounts
FN:6,(anonymous_1)
FN:7,(anonymous_2)
FN:8,(anonymous_3)
FN:9,(anonymous_4)
FN:10,(anonymous_5)
FN:11,(anonymous_6)
FN:12,(anonymous_7)
FN:26,buildApprovalCards
FN:71,calculateActivityStats
FNF:10
FNH:10
FNDA:15,fetchTotalCounts
FNDA:3,(anonymous_1)
FNDA:3,(anonymous_2)
FNDA:2,(anonymous_3)
FNDA:2,(anonymous_4)
FNDA:2,(anonymous_5)
FNDA:2,(anonymous_6)
FNDA:2,(anonymous_7)
FNDA:10,buildApprovalCards
FNDA:10,calculateActivityStats
DA:2,5
DA:5,15
DA:6,3
DA:7,3
DA:8,2
DA:9,2
DA:10,2
DA:11,2
DA:12,2
DA:15,9
DA:27,10
DA:28,10
DA:30,10
DA:31,3
DA:34,7
DA:38,6
DA:46,6
DA:48,6
DA:49,6
DA:58,6
DA:60,6
DA:61,6
DA:72,10
DA:73,10
DA:80,5
LF:25
LH:25
BRDA:16,0,0,9
BRDA:16,0,1,4
BRDA:17,1,0,8
BRDA:17,1,1,5
BRDA:18,2,0,8
BRDA:18,2,1,4
BRDA:19,3,0,8
BRDA:19,3,1,5
BRDA:20,4,0,8
BRDA:20,4,1,5
BRDA:21,5,0,8
BRDA:21,5,1,5
BRDA:22,6,0,8
BRDA:22,6,1,5
BRDA:30,7,0,3
BRDA:30,7,1,7
BRDA:30,8,0,10
BRDA:30,8,1,8
BRDA:30,8,2,7
BRDA:30,8,3,7
BRDA:48,9,0,6
BRDA:48,9,1,0
BRDA:48,10,0,6
BRDA:48,10,1,3
BRDA:48,10,2,2
BRDA:48,10,3,0
BRDA:48,10,4,0
BRDA:60,11,0,6
BRDA:60,11,1,0
BRDA:60,12,0,6
BRDA:60,12,1,4
BRDA:60,12,2,1
BRDA:60,12,3,1
BRDA:72,13,0,10
BRDA:72,13,1,4
BRF:35
BRH:31
end_of_record
TN:
SF:routes/dashboard.js
FN:27,buildDateFilterShared
FN:50,(anonymous_1)
FN:66,(anonymous_2)
FN:124,(anonymous_3)
FN:134,(anonymous_4)
FN:150,(anonymous_5)
FNF:6
FNH:5
FNDA:25,buildDateFilterShared
FNDA:12,(anonymous_1)
FNDA:1,(anonymous_2)
FNDA:0,(anonymous_3)
FNDA:8,(anonymous_4)
FNDA:24,(anonymous_5)
DA:1,3
DA:2,3
DA:3,3
DA:16,3
DA:23,3
DA:24,3
DA:28,25
DA:29,25
DA:30,25
DA:32,25
DA:33,5
DA:34,5
DA:35,5
DA:37,25
DA:38,5
DA:39,5
DA:40,5
DA:41,5
DA:42,5
DA:45,25
DA:48,3
DA:50,3
DA:51,12
DA:52,12
DA:53,12
DA:54,12
DA:55,12
DA:56,12
DA:57,12
DA:60,12
DA:61,12
DA:62,12
DA:63,12
DA:66,12
DA:68,12
DA:69,12
DA:70,12
DA:72,12
DA:84,12
DA:85,12
DA:86,6
DA:89,6
DA:90,3
DA:93,3
DA:96,3
DA:97,0
DA:101,3
DA:102,0
DA:106,3
DA:117,3
DA:120,3
DA:121,3
DA:123,3
DA:124,3
DA:126,3
DA:128,9
DA:129,9
DA:134,3
DA:135,8
DA:136,8
DA:137,8
DA:138,8
DA:139,8
DA:140,8
DA:141,8
DA:144,8
DA:145,8
DA:146,8
DA:147,8
DA:150,24
DA:152,8
DA:162,4
DA:164,4
DA:165,4
DA:169,3
LF:75
LH:73
BRDA:27,0,0,0
BRDA:32,1,0,5
BRDA:32,1,1,20
BRDA:37,2,0,5
BRDA:37,2,1,20
BRDA:53,3,0,12
BRDA:53,3,1,0
BRDA:62,4,0,10
BRDA:62,4,1,2
BRDA:62,5,0,12
BRDA:62,5,1,12
BRDA:62,5,2,2
BRDA:63,6,0,10
BRDA:63,6,1,2
BRDA:63,7,0,12
BRDA:63,7,1,12
BRDA:63,7,2,2
BRDA:66,8,0,0
BRDA:68,9,0,12
BRDA:68,9,1,10
BRDA:69,10,0,12
BRDA:69,10,1,10
BRDA:96,11,0,0
BRDA:96,11,1,3
BRDA:101,12,0,0
BRDA:101,12,1,3
BRDA:101,13,0,3
BRDA:101,13,1,3
BRDA:137,14,0,8
BRDA:137,14,1,0
BRDA:146,15,0,6
BRDA:146,15,1,2
BRDA:146,16,0,8
BRDA:146,16,1,8
BRDA:146,16,2,2
BRDA:147,17,0,6
BRDA:147,17,1,2
BRDA:147,18,0,8
BRDA:147,18,1,8
BRDA:147,18,2,2
BRDA:150,19,0,0
BRF:41
BRH:34
end_of_record
TN:
SF:routes/dashboardStats.js
FN:8,(anonymous_0)
FN:39,(anonymous_1)
FN:53,(anonymous_2)
FN:74,(anonymous_3)
FN:106,(anonymous_4)
FNF:5
FNH:5
FNDA:20,(anonymous_0)
FNDA:2,(anonymous_1)
FNDA:4,(anonymous_2)
FNDA:3,(anonymous_3)
FNDA:2,(anonymous_4)
DA:1,5
DA:2,5
DA:3,5
DA:4,5
DA:5,5
DA:6,5
DA:8,5
DA:9,20
DA:10,20
DA:11,20
DA:14,20
DA:15,0
DA:22,20
DA:30,16
DA:32,16
DA:34,4
DA:35,4
DA:39,5
DA:40,2
DA:41,2
DA:46,1
DA:48,1
DA:49,1
DA:53,5
DA:54,4
DA:55,4
DA:57,4
DA:58,1
DA:61,3
DA:67,2
DA:69,1
DA:70,1
DA:74,5
DA:75,3
DA:76,3
DA:77,3
DA:79,3
DA:95,2
DA:96,0
DA:99,2
DA:101,1
DA:102,1
DA:106,5
DA:107,2
DA:108,2
DA:110,2
DA:116,1
DA:117,0
DA:120,1
DA:122,1
DA:123,1
DA:127,5
LF:52
LH:49
BRDA:10,0,0,20
BRDA:10,0,1,0
BRDA:14,1,0,0
BRDA:14,1,1,20
BRDA:57,2,0,1
BRDA:57,2,1,3
BRDA:57,3,0,4
BRDA:57,3,1,4
BRDA:65,4,0,3
BRDA:65,4,1,2
BRDA:65,5,0,3
BRDA:65,5,1,2
BRDA:65,6,0,3
BRDA:65,6,1,2
BRDA:65,7,0,3
BRDA:65,7,1,2
BRDA:65,8,0,3
BRDA:65,8,1,2
BRDA:65,9,0,3
BRDA:65,9,1,2
BRDA:95,10,0,0
BRDA:95,10,1,2
BRDA:116,11,0,0
BRDA:116,11,1,1
BRF:24
BRH:20
end_of_record
TN:
SF:routes/masterData-crud-helpers.js
FN:7,handleGetRequest
FN:25,handlePostRequest
FN:49,handlePutRequest
FN:77,handleDeleteRequest
FNF:4
FNH:4
FNDA:10,handleGetRequest
FNDA:5,handlePostRequest
FNDA:4,handlePutRequest
FNDA:7,handleDeleteRequest
DA:2,4
DA:3,4
DA:4,4
DA:5,4
DA:8,10
DA:9,10
DA:10,10
DA:18,8
DA:20,2
DA:21,2
DA:26,5
DA:27,5
DA:28,5
DA:29,5
DA:31,5
DA:32,5
DA:33,2
DA:36,3
DA:37,3
DA:39,3
DA:40,1
DA:43,3
DA:45,0
DA:50,4
DA:51,4
DA:52,4
DA:53,4
DA:54,4
DA:56,4
DA:57,4
DA:58,0
DA:61,4
DA:62,4
DA:63,2
DA:66,2
DA:67,2
DA:68,0
DA:71,2
DA:73,0
DA:78,7
DA:79,7
DA:80,7
DA:86,4
DA:87,2
DA:89,2
DA:91,3
DA:92,2
DA:94,1
DA:95,1
DA:99,4
LF:50
LH:46
BRDA:11,0,0,10
BRDA:11,0,1,5
BRDA:12,1,0,10
BRDA:12,1,1,5
BRDA:13,2,0,10
BRDA:13,2,1,5
BRDA:14,3,0,10
BRDA:14,3,1,5
BRDA:15,4,0,10
BRDA:15,4,1,5
BRDA:18,5,0,8
BRDA:18,5,1,0
BRDA:29,6,0,0
BRDA:29,6,1,5
BRDA:32,7,0,2
BRDA:32,7,1,3
BRDA:39,8,0,1
BRDA:39,8,1,2
BRDA:54,9,0,0
BRDA:54,9,1,4
BRDA:57,10,0,0
BRDA:57,10,1,4
BRDA:62,11,0,2
BRDA:62,11,1,2
BRDA:67,12,0,0
BRDA:67,12,1,2
BRDA:83,13,0,7
BRDA:83,13,1,6
BRDA:84,14,0,7
BRDA:84,14,1,6
BRDA:86,15,0,2
BRDA:86,15,1,2
BRDA:91,16,0,2
BRDA:91,16,1,1
BRF:34
BRH:29
end_of_record
TN:
SF:routes/masterData-helpers.js
FN:7,validateNameAndCode
FN:22,detectAliasFromSelectFields
FN:28,detectAliasFromJoinClause
FN:37,determineTableAlias
FN:45,qualifyField
FN:50,buildFromClause
FN:55,addStatusFilter
FN:66,addSearchFilter
FN:71,(anonymous_8)
FN:78,addAdditionalFilters
FN:96,handleGetWithFilters
FN:111,(anonymous_11)
FN:143,handleCreate
FN:145,(anonymous_13)
FN:157,handleUpdate
FN:158,(anonymous_15)
FN:172,checkCanDelete
FN:189,handleSoftDelete
FNF:18
FNH:18
FNDA:16,validateNameAndCode
FNDA:18,detectAliasFromSelectFields
FNDA:16,detectAliasFromJoinClause
FNDA:24,determineTableAlias
FNDA:73,qualifyField
FNDA:24,buildFromClause
FNDA:24,addStatusFilter
FNDA:24,addSearchFilter
FNDA:9,(anonymous_8)
FNDA:24,addAdditionalFilters
FNDA:24,handleGetWithFilters
FNDA:47,(anonymous_11)
FNDA:6,handleCreate
FNDA:9,(anonymous_13)
FNDA:5,handleUpdate
FNDA:8,(anonymous_15)
FNDA:7,checkCanDelete
FNDA:10,handleSoftDelete
DA:2,6
DA:3,6
DA:4,6
DA:8,16
DA:9,16
DA:10,16
DA:12,16
DA:13,8
DA:14,5
DA:18,16
DA:23,18
DA:24,18
DA:29,16
DA:30,14
DA:32,2
DA:33,2
DA:38,24
DA:39,6
DA:41,18
DA:46,73
DA:51,24
DA:56,24
DA:57,16
DA:59,8
DA:60,8
DA:61,8
DA:62,8
DA:67,24
DA:68,19
DA:70,5
DA:71,9
DA:72,5
DA:73,5
DA:74,5
DA:79,24
DA:80,24
DA:81,24
DA:83,24
DA:84,25
DA:85,2
DA:86,2
DA:87,2
DA:88,2
DA:92,24
DA:106,24
DA:108,24
DA:109,24
DA:110,24
DA:111,47
DA:113,24
DA:114,24
DA:115,24
DA:117,24
DA:118,24
DA:119,24
DA:120,24
DA:122,24
DA:123,24
DA:124,24
DA:125,24
DA:127,24
DA:128,24
DA:129,24
DA:131,24
DA:132,8
DA:135,24
DA:136,8
DA:139,24
DA:144,6
DA:145,9
DA:147,6
DA:153,6
DA:158,8
DA:159,5
DA:161,5
DA:168,5
DA:173,7
DA:174,7
DA:178,7
DA:179,7
DA:181,7
DA:182,3
DA:183,3
DA:184,3
DA:190,10
DA:191,7
DA:194,7
DA:200,6
LF:88
LH:88
BRDA:7,0,0,10
BRDA:9,1,0,4
BRDA:9,1,1,12
BRDA:10,2,0,4
BRDA:10,2,1,12
BRDA:13,3,0,5
BRDA:13,3,1,3
BRDA:13,4,0,8
BRDA:13,4,1,8
BRDA:13,4,2,6
BRDA:24,5,0,2
BRDA:24,5,1,16
BRDA:29,6,0,14
BRDA:29,6,1,2
BRDA:33,7,0,2
BRDA:33,7,1,0
BRDA:38,8,0,6
BRDA:38,8,1,18
BRDA:41,9,0,18
BRDA:41,9,1,16
BRDA:46,10,0,30
BRDA:46,10,1,43
BRDA:51,11,0,10
BRDA:51,11,1,14
BRDA:56,12,0,16
BRDA:56,12,1,8
BRDA:56,13,0,24
BRDA:56,13,1,9
BRDA:67,14,0,19
BRDA:67,14,1,5
BRDA:84,15,0,2
BRDA:84,15,1,23
BRDA:84,16,0,25
BRDA:84,16,1,12
BRDA:84,16,2,3
BRDA:84,16,3,2
BRDA:96,17,0,0
BRDA:98,18,0,24
BRDA:99,19,0,21
BRDA:100,20,0,16
BRDA:101,21,0,16
BRDA:102,22,0,16
BRDA:103,23,0,2
BRDA:104,24,0,16
BRDA:105,25,0,18
BRDA:131,26,0,8
BRDA:131,26,1,16
BRDA:135,27,0,8
BRDA:135,27,1,16
BRDA:143,28,0,3
BRDA:157,29,0,4
BRDA:173,30,0,7
BRDA:173,30,1,7
BRDA:174,31,0,7
BRDA:174,31,1,0
BRDA:178,32,0,7
BRDA:178,32,1,0
BRDA:181,33,0,3
BRDA:181,33,1,4
BRDA:182,34,0,3
BRDA:182,34,1,0
BRDA:183,35,0,3
BRDA:183,35,1,0
BRDA:189,36,0,3
BRDA:189,37,0,3
BRDA:190,38,0,7
BRDA:190,38,1,3
BRDA:190,39,0,10
BRDA:190,39,1,7
BRF:69
BRH:63
end_of_record
TN:
SF:routes/masterData.js
FN:13,(anonymous_0)
FN:39,(anonymous_1)
FN:51,(anonymous_2)
FN:55,(anonymous_3)
FN:56,(anonymous_4)
FN:60,(anonymous_5)
FN:64,(anonymous_6)
FN:65,(anonymous_7)
FN:69,(anonymous_8)
FN:78,(anonymous_9)
FN:91,(anonymous_10)
FN:95,(anonymous_11)
FN:96,(anonymous_12)
FN:97,(anonymous_13)
FN:98,(anonymous_14)
FN:106,(anonymous_15)
FN:110,(anonymous_16)
FN:111,(anonymous_17)
FN:112,(anonymous_18)
FN:113,(anonymous_19)
FN:121,(anonymous_20)
FN:130,(anonymous_21)
FN:142,(anonymous_22)
FN:146,(anonymous_23)
FN:147,(anonymous_24)
FN:151,(anonymous_25)
FN:155,(anonymous_26)
FN:156,(anonymous_27)
FN:160,(anonymous_28)
FNF:29
FNH:6
FNDA:42,(anonymous_0)
FNDA:10,(anonymous_1)
FNDA:8,(anonymous_2)
FNDA:0,(anonymous_3)
FNDA:0,(anonymous_4)
FNDA:0,(anonymous_5)
FNDA:0,(anonymous_6)
FNDA:0,(anonymous_7)
FNDA:0,(anonymous_8)
FNDA:4,(anonymous_9)
FNDA:1,(anonymous_10)
FNDA:0,(anonymous_11)
FNDA:0,(anonymous_12)
FNDA:0,(anonymous_13)
FNDA:0,(anonymous_14)
FNDA:0,(anonymous_15)
FNDA:0,(anonymous_16)
FNDA:0,(anonymous_17)
FNDA:0,(anonymous_18)
FNDA:0,(anonymous_19)
FNDA:0,(anonymous_20)
FNDA:3,(anonymous_21)
FNDA:0,(anonymous_22)
FNDA:0,(anonymous_23)
FNDA:0,(anonymous_24)
FNDA:0,(anonymous_25)
FNDA:0,(anonymous_26)
FNDA:0,(anonymous_27)
FNDA:0,(anonymous_28)
DA:1,5
DA:2,5
DA:3,5
DA:4,5
DA:10,5
DA:11,5
DA:13,5
DA:14,42
DA:15,0
DA:18,42
DA:19,42
DA:20,42
DA:22,39
DA:23,12
DA:26,27
DA:27,27
DA:28,18
DA:31,9
DA:32,9
DA:34,3
DA:35,3
DA:39,5
DA:40,10
DA:51,5
DA:52,8
DA:55,0
DA:56,0
DA:60,5
DA:61,0
DA:64,0
DA:65,0
DA:69,5
DA:70,0
DA:78,5
DA:79,4
DA:91,5
DA:92,1
DA:95,0
DA:96,0
DA:97,0
DA:99,0
DA:100,0
DA:101,0
DA:106,5
DA:107,0
DA:110,0
DA:111,0
DA:112,0
DA:114,0
DA:115,0
DA:116,0
DA:121,5
DA:122,0
DA:130,5
DA:131,3
DA:142,5
DA:143,0
DA:146,0
DA:147,0
DA:151,5
DA:152,0
DA:155,0
DA:156,0
DA:160,5
DA:161,0
DA:167,5
LF:66
LH:38
BRDA:14,0,0,0
BRDA:14,0,1,42
BRDA:14,1,0,42
BRDA:14,1,1,0
BRDA:20,2,0,42
BRDA:20,2,1,0
BRDA:22,3,0,12
BRDA:22,3,1,27
BRDA:26,4,0,27
BRDA:26,4,1,15
BRDA:27,5,0,18
BRDA:27,5,1,9
BRDA:27,6,0,27
BRDA:27,6,1,26
BRDA:56,7,0,0
BRDA:56,7,1,0
BRDA:56,8,0,0
BRDA:56,8,1,0
BRDA:65,9,0,0
BRDA:65,9,1,0
BRDA:96,10,0,0
BRDA:96,10,1,0
BRDA:96,11,0,0
BRDA:96,11,1,0
BRDA:100,12,0,0
BRDA:100,12,1,0
BRDA:111,13,0,0
BRDA:111,13,1,0
BRDA:115,14,0,0
BRDA:115,14,1,0
BRDA:147,15,0,0
BRDA:147,15,1,0
BRDA:147,16,0,0
BRDA:147,16,1,0
BRDA:147,17,0,0
BRDA:147,17,1,0
BRDA:147,18,0,0
BRDA:147,18,1,0
BRDA:156,19,0,0
BRDA:156,19,1,0
BRDA:156,20,0,0
BRDA:156,20,1,0
BRDA:156,21,0,0
BRDA:156,21,1,0
BRF:44
BRH:11
end_of_record
TN:
SF:routes/reimbursements-get-helpers.js
FN:5,handleSimpleGetRequest
FNF:1
FNH:1
FNDA:9,handleSimpleGetRequest
DA:2,3
DA:3,3
DA:6,9
DA:7,9
DA:8,7
DA:10,2
DA:11,1
DA:12,1
DA:14,1
DA:15,1
DA:19,3
LF:11
LH:11
BRDA:5,0,0,7
BRDA:8,1,0,7
BRDA:8,1,1,0
BRDA:10,2,0,1
BRDA:10,2,1,1
BRF:5
BRH:4
end_of_record
TN:
SF:routes/reimbursements-helpers.js
FN:4,organizeItemFiles
FN:21,processReimbursementItem
FN:87,fetchReimbursementWithDetails
FNF:3
FNH:3
FNDA:8,organizeItemFiles
FNDA:11,processReimbursementItem
FNDA:8,fetchReimbursementWithDetails
DA:2,4
DA:5,8
DA:6,8
DA:7,3
DA:8,8
DA:9,8
DA:10,7
DA:11,7
DA:12,5
DA:14,7
DA:18,8
DA:22,11
DA:24,11
DA:25,2
DA:26,2
DA:29,9
DA:30,9
DA:31,2
DA:32,2
DA:35,7
DA:56,7
DA:59,7
DA:60,4
DA:61,4
DA:62,4
DA:77,2
DA:78,1
DA:84,7
DA:88,8
DA:89,8
DA:90,8
DA:92,8
DA:93,8
DA:105,7
DA:112,7
DA:113,7
DA:119,3
DA:120,1
DA:124,1
DA:127,8
DA:134,4
LF:41
LH:41
BRDA:6,0,0,3
BRDA:6,0,1,5
BRDA:6,1,0,8
BRDA:6,1,1,6
BRDA:9,2,0,7
BRDA:9,2,1,1
BRDA:11,3,0,5
BRDA:11,3,1,2
BRDA:21,4,0,10
BRDA:24,5,0,2
BRDA:24,5,1,9
BRDA:24,6,0,11
BRDA:24,6,1,9
BRDA:24,6,2,9
BRDA:30,7,0,2
BRDA:30,7,1,7
BRDA:30,8,0,9
BRDA:30,8,1,9
BRDA:44,9,0,7
BRDA:44,9,1,6
BRDA:47,10,0,7
BRDA:47,10,1,3
BRDA:49,11,0,7
BRDA:49,11,1,7
BRDA:50,12,0,7
BRDA:50,12,1,7
BRDA:51,13,0,7
BRDA:51,13,1,7
BRDA:52,14,0,7
BRDA:52,14,1,7
BRDA:59,15,0,4
BRDA:59,15,1,3
BRDA:59,16,0,7
BRDA:59,16,1,4
BRDA:77,17,0,1
BRDA:77,17,1,1
BRDA:119,18,0,1
BRDA:119,18,1,2
BRDA:128,19,0,8
BRDA:128,19,1,3
BRDA:129,20,0,8
BRDA:129,20,1,0
BRDA:130,21,0,7
BRDA:130,21,1,0
BRF:44
BRH:42
end_of_record
TN:
SF:routes/reimbursements-process-helpers.js
FN:4,processAllItems
FN:14,recalculateAndUpdateTotal
FNF:2
FNH:2
FNDA:8,processAllItems
FNDA:13,recalculateAndUpdateTotal
DA:2,4
DA:5,8
DA:6,12
DA:7,12
DA:8,2
DA:11,6
DA:15,13
DA:19,13
DA:20,11
DA:21,4
DA:28,11
DA:31,4
LF:12
LH:12
BRDA:4,0,0,8
BRDA:7,1,0,2
BRDA:7,1,1,10
BRDA:20,2,0,4
BRDA:20,2,1,7
BRF:5
BRH:5
end_of_record
TN:
SF:routes/reimbursements-validation-helpers.js
FN:4,parseRequestData
FN:17,validateItems
FN:24,calculateTotalAmount
FN:25,(anonymous_3)
FN:40,determineReimbursementStatus
FNF:5
FNH:5
FNDA:10,parseRequestData
FNDA:11,validateItems
FNDA:13,calculateTotalAmount
FNDA:20,(anonymous_3)
FNDA:12,determineReimbursementStatus
DA:2,3
DA:7,10
DA:8,10
DA:10,3
DA:11,3
DA:14,10
DA:18,11
DA:19,7
DA:21,4
DA:25,13
DA:26,20
DA:27,20
DA:28,4
DA:30,16
DA:33,9
DA:34,2
DA:37,7
DA:41,12
DA:44,3
LF:19
LH:19
BRDA:8,0,0,8
BRDA:8,0,1,2
BRDA:18,1,0,7
BRDA:18,1,1,4
BRDA:18,2,0,11
BRDA:18,2,1,8
BRDA:18,2,2,6
BRDA:26,3,0,20
BRDA:26,3,1,3
BRDA:27,4,0,4
BRDA:27,4,1,16
BRDA:27,5,0,20
BRDA:27,5,1,18
BRDA:33,6,0,2
BRDA:33,6,1,7
BRDA:41,7,0,2
BRDA:41,7,1,10
BRF:17
BRH:17
end_of_record
TN:
SF:routes/reimbursements.js
FN:15,(anonymous_0)
FN:24,(anonymous_1)
FN:43,(anonymous_2)
FN:52,(anonymous_3)
FN:60,(anonymous_4)
FN:133,(anonymous_5)
FN:162,(anonymous_6)
FNF:7
FNH:7
FNDA:3,(anonymous_0)
FNDA:3,(anonymous_1)
FNDA:2,(anonymous_2)
FNDA:2,(anonymous_3)
FNDA:18,(anonymous_4)
FNDA:13,(anonymous_5)
FNDA:9,(anonymous_6)
DA:1,5
DA:2,5
DA:3,5
DA:4,5
DA:5,5
DA:6,5
DA:11,5
DA:12,5
DA:13,5
DA:15,5
DA:16,3
DA:24,5
DA:25,3
DA:26,3
DA:32,3
DA:34,3
DA:35,1
DA:36,1
DA:39,3
DA:40,3
DA:43,5
DA:44,2
DA:52,5
DA:53,2
DA:60,5
DA:61,18
DA:62,17
DA:63,17
DA:65,17
DA:66,17
DA:68,17
DA:69,17
DA:71,17
DA:72,17
DA:73,3
DA:74,3
DA:77,14
DA:78,13
DA:79,1
DA:80,1
DA:82,12
DA:84,12
DA:86,12
DA:92,10
DA:95,10
DA:98,10
DA:99,10
DA:100,10
DA:101,2
DA:102,2
DA:106,8
DA:108,5
DA:111,5
DA:113,4
DA:122,7
DA:123,7
DA:124,0
DA:126,7
DA:127,7
DA:129,17
DA:133,5
DA:134,13
DA:135,13
DA:136,13
DA:138,13
DA:151,13
DA:153,13
DA:154,13
DA:155,13
DA:158,13
DA:160,13
DA:162,10
DA:163,9
DA:164,9
DA:172,7
DA:177,2
DA:178,2
DA:185,10
DA:187,3
DA:188,2
DA:189,2
DA:191,1
DA:192,1
DA:196,5
LF:84
LH:83
BRDA:34,0,0,1
BRDA:34,0,1,2
BRDA:69,1,0,13
BRDA:72,2,0,3
BRDA:72,2,1,14
BRDA:78,3,0,1
BRDA:78,3,1,12
BRDA:90,4,0,12
BRDA:90,4,1,8
BRDA:90,5,0,12
BRDA:90,5,1,8
BRDA:90,6,0,12
BRDA:90,6,1,8
BRDA:90,7,0,12
BRDA:90,7,1,8
BRDA:100,8,0,2
BRDA:100,8,1,8
BRDA:116,9,0,4
BRDA:116,9,1,0
BRDA:123,10,0,0
BRDA:123,10,1,7
BRDA:136,11,0,13
BRDA:136,11,1,13
BRDA:153,12,0,13
BRDA:153,12,1,0
BRDA:153,13,0,13
BRDA:153,13,1,13
BRDA:174,14,0,7
BRDA:174,14,1,0
BRDA:185,15,0,10
BRDA:185,15,1,0
BRDA:187,16,0,2
BRDA:187,16,1,1
BRF:33
BRH:28
end_of_record
TN:
SF:utils/common-helpers.js
FN:10,buildWhereClause
FN:35,buildDateFilter
FN:61,parseSearchParam
FN:76,handleDatabaseError
FN:93,validateRequiredFields
FN:109,buildPagination
FNF:6
FNH:6
FNDA:8,buildWhereClause
FNDA:9,buildDateFilter
FNDA:21,parseSearchParam
FNDA:3,handleDatabaseError
FNDA:8,validateRequiredFields
FNDA:11,buildPagination
DA:2,10
DA:11,8
DA:12,8
DA:13,8
DA:15,8
DA:16,14
DA:17,9
DA:18,9
DA:19,9
DA:23,8
DA:24,8
DA:36,9
DA:37,9
DA:38,9
DA:40,9
DA:41,7
DA:42,7
DA:43,7
DA:45,9
DA:46,6
DA:47,6
DA:48,6
DA:49,6
DA:50,6
DA:53,9
DA:62,21
DA:63,6
DA:65,15
DA:77,3
DA:78,1
DA:80,2
DA:81,1
DA:83,1
DA:84,1
DA:94,8
DA:95,8
DA:96,17
DA:97,7
DA:100,8
DA:110,11
DA:111,11
DA:112,11
DA:113,11
DA:116,10
LF:44
LH:44
BRDA:10,0,0,3
BRDA:16,1,0,9
BRDA:16,1,1,5
BRDA:16,2,0,14
BRDA:16,2,1,12
BRDA:16,2,2,10
BRDA:23,3,0,6
BRDA:23,3,1,2
BRDA:35,4,0,3
BRDA:35,5,0,4
BRDA:40,6,0,7
BRDA:40,6,1,2
BRDA:45,7,0,6
BRDA:45,7,1,3
BRDA:62,8,0,6
BRDA:62,8,1,15
BRDA:62,9,0,21
BRDA:62,9,1,19
BRDA:62,9,2,10
BRDA:77,10,0,1
BRDA:77,10,1,2
BRDA:80,11,0,1
BRDA:80,11,1,1
BRDA:96,12,0,7
BRDA:96,12,1,10
BRDA:96,13,0,17
BRDA:96,13,1,12
BRDA:96,13,2,12
BRDA:109,14,0,10
BRDA:110,15,0,11
BRDA:110,15,1,7
BRDA:111,16,0,11
BRDA:111,16,1,8
BRF:33
BRH:33
end_of_record
TN:
SF:utils/logger.js
FN:14,(anonymous_0)
FN:32,(anonymous_1)
FN:48,(anonymous_2)
FNF:3
FNH:3
FNDA:35,(anonymous_0)
FNDA:58,(anonymous_1)
FNDA:14,(anonymous_2)
DA:6,75
DA:8,75
DA:15,35
DA:16,5
DA:18,1
DA:21,4
DA:33,58
DA:35,51
DA:38,7
DA:49,14
DA:50,5
DA:52,1
DA:55,4
DA:61,75
LF:14
LH:14
BRDA:14,0,0,32
BRDA:15,1,0,5
BRDA:15,1,1,30
BRDA:16,2,0,1
BRDA:16,2,1,4
BRDA:32,3,0,6
BRDA:33,4,0,51
BRDA:33,4,1,7
BRDA:48,5,0,8
BRDA:49,6,0,5
BRDA:49,6,1,9
BRDA:50,7,0,1
BRDA:50,7,1,4
BRF:13
BRH:13
end_of_record
TN:
SF:utils/tokenUtils.js
FN:13,generateAccessToken
FN:27,generateRefreshToken
FN:39,verifyAccessToken
FN:52,verifyRefreshToken
FNF:4
FNH:2
FNDA:4,generateAccessToken
FNDA:4,generateRefreshToken
FNDA:0,verifyAccessToken
FNDA:0,verifyRefreshToken
DA:1,23
DA:3,23
DA:4,23
DA:5,23
DA:6,23
DA:14,4
DA:19,4
DA:28,4
DA:31,4
DA:40,0
DA:41,0
DA:43,0
DA:53,0
DA:54,0
DA:56,0
DA:60,23
LF:16
LH:10
BRDA:3,0,0,23
BRDA:3,0,1,17
BRDA:4,1,0,23
BRDA:4,1,1,17
BRDA:5,2,0,23
BRDA:5,2,1,17
BRDA:6,3,0,23
BRDA:6,3,1,17
BRDA:15,4,0,4
BRDA:15,4,1,0
BRDA:17,5,0,4
BRDA:17,5,1,2
BRDA:29,6,0,4
BRDA:29,6,1,0
BRF:14
BRH:12
end_of_record
