TN:
SF:server.js
FN:55,(anonymous_0)
FN:76,(anonymous_1)
FN:80,(anonymous_2)
FNF:3
FNH:1
FNDA:22,(anonymous_0)
FNDA:0,(anonymous_1)
FNDA:0,(anonymous_2)
DA:2,45
DA:3,45
DA:5,45
DA:6,33
DA:7,33
DA:8,33
DA:9,33
DA:10,33
DA:12,33
DA:13,22
DA:14,22
DA:15,22
DA:16,22
DA:17,22
DA:19,22
DA:20,22
DA:21,22
DA:24,22
DA:27,22
DA:32,22
DA:33,22
DA:35,22
DA:38,22
DA:50,22
DA:51,22
DA:55,22
DA:56,22
DA:57,22
DA:58,21
DA:60,1
DA:61,1
DA:62,1
DA:67,22
DA:68,22
DA:69,22
DA:70,22
DA:71,22
DA:72,22
DA:73,22
DA:76,22
DA:77,0
DA:80,22
DA:81,0
DA:82,0
DA:83,0
LF:45
LH:41
BRDA:20,0,0,22
BRDA:20,0,1,1
BRDA:21,1,0,22
BRDA:21,1,1,0
BRDA:39,2,0,22
BRDA:39,2,1,2
BRDA:39,2,2,1
BRDA:67,3,0,22
BRDA:67,3,1,1
BRF:9
BRH:8
end_of_record
TN:
SF:config\azureConfig.js
FN:7,validateEnvVars
FN:9,(anonymous_1)
FNF:2
FNH:2
FNDA:71,validateEnvVars
FNDA:142,(anonymous_1)
DA:2,71
DA:3,71
DA:4,71
DA:8,71
DA:9,142
DA:11,71
DA:12,0
DA:13,0
DA:14,0
DA:16,71
DA:19,71
DA:21,71
LF:12
LH:9
BRDA:11,0,0,0
BRDA:11,0,1,71
BRDA:22,1,0,71
BRDA:22,1,1,0
BRDA:23,2,0,71
BRDA:23,2,1,0
BRDA:24,3,0,71
BRDA:24,3,1,0
BRDA:31,4,0,71
BRDA:31,4,1,0
BRF:10
BRH:5
end_of_record
TN:
SF:config\database.js
FN:7,validateDatabaseEnv
FN:33,(anonymous_1)
FN:37,(anonymous_2)
FN:42,createRolesTable
FN:71,createUsersTable
FN:82,(anonymous_5)
FN:122,createDashboardStatsTable
FN:170,createMasterDataTables
FN:237,createReimbursementTables
FN:276,(anonymous_9)
FN:303,createIndexes
FN:312,assignDefaultRoles
FN:341,validateIdColumnDef
FN:349,validateFkType
FN:357,initializeDatabase
FNF:15
FNH:14
FNDA:21,validateDatabaseEnv
FNDA:2,(anonymous_1)
FNDA:1,(anonymous_2)
FNDA:7,createRolesTable
FNDA:7,createUsersTable
FNDA:72,(anonymous_5)
FNDA:6,createDashboardStatsTable
FNDA:6,createMasterDataTables
FNDA:6,createReimbursementTables
FNDA:0,(anonymous_9)
FNDA:6,createIndexes
FNDA:6,assignDefaultRoles
FNDA:39,validateIdColumnDef
FNDA:26,validateFkType
FNDA:14,initializeDatabase
DA:1,21
DA:2,21
DA:3,21
DA:4,21
DA:8,21
DA:9,0
DA:11,21
DA:14,21
DA:18,21
DA:19,21
DA:24,0
DA:33,21
DA:34,2
DA:37,21
DA:38,1
DA:43,7
DA:45,7
DA:53,7
DA:55,7
DA:63,7
DA:64,35
DA:72,7
DA:73,7
DA:75,7
DA:79,7
DA:80,6
DA:82,72
DA:84,6
DA:85,0
DA:86,0
DA:89,6
DA:90,0
DA:93,6
DA:94,0
DA:95,0
DA:99,0
DA:113,0
DA:116,6
DA:117,6
DA:118,6
DA:119,6
DA:123,6
DA:125,6
DA:139,6
DA:141,6
DA:142,6
DA:144,6
DA:155,6
DA:156,48
DA:161,48
DA:162,0
DA:171,6
DA:172,6
DA:175,6
DA:184,6
DA:186,6
DA:196,6
DA:198,6
DA:209,6
DA:211,6
DA:219,6
DA:221,6
DA:229,6
DA:230,30
DA:238,6
DA:239,6
DA:242,6
DA:255,6
DA:257,6
DA:274,6
DA:276,6
DA:278,6
DA:289,6
DA:291,6
DA:300,6
DA:304,6
DA:305,6
DA:306,6
DA:307,6
DA:308,6
DA:309,6
DA:313,6
DA:314,6
DA:315,6
DA:317,6
DA:318,6
DA:323,6
DA:331,21
DA:336,21
DA:342,39
DA:343,39
DA:344,0
DA:346,39
DA:350,26
DA:351,26
DA:352,0
DA:354,26
DA:358,14
DA:359,14
DA:361,14
DA:365,14
DA:366,7
DA:367,7
DA:369,7
DA:370,7
DA:371,6
DA:372,6
DA:373,6
DA:374,6
DA:375,6
DA:378,6
DA:380,8
DA:381,8
DA:385,21
LF:114
LH:102
BRDA:8,0,0,0
BRDA:8,0,1,21
BRDA:8,1,0,21
BRDA:8,1,1,0
BRDA:18,2,0,21
BRDA:18,2,1,0
BRDA:21,3,0,1
BRDA:21,3,1,20
BRDA:25,4,0,0
BRDA:25,4,1,0
BRDA:26,5,0,0
BRDA:26,5,1,0
BRDA:27,6,0,0
BRDA:27,6,1,0
BRDA:28,7,0,0
BRDA:28,7,1,0
BRDA:29,8,0,0
BRDA:29,8,1,0
BRDA:79,9,0,6
BRDA:79,9,1,0
BRDA:84,10,0,0
BRDA:84,10,1,6
BRDA:89,11,0,0
BRDA:89,11,1,6
BRDA:93,12,0,0
BRDA:93,12,1,6
BRDA:161,13,0,0
BRDA:161,13,1,48
BRDA:164,14,0,0
BRDA:164,14,1,0
BRDA:313,15,0,6
BRDA:313,15,1,6
BRDA:317,16,0,6
BRDA:317,16,1,0
BRDA:317,17,0,6
BRDA:317,17,1,6
BRDA:343,18,0,0
BRDA:343,18,1,39
BRDA:351,19,0,0
BRDA:351,19,1,26
BRDA:365,20,0,14
BRDA:365,20,1,7
BRDA:366,21,0,7
BRDA:366,21,1,0
BRDA:367,22,0,7
BRDA:367,22,1,0
BRF:46
BRH:21
end_of_record
TN:
SF:middleware\auth.js
FN:12,(anonymous_0)
FNF:1
FNH:1
FNDA:94,(anonymous_0)
DA:12,17
DA:13,94
DA:14,93
DA:16,1
DA:19,17
LF:5
LH:5
BRDA:13,0,0,93
BRDA:13,0,1,1
BRF:2
BRH:2
end_of_record
TN:
SF:middleware\roleChecks.js
FN:4,createRoleCheckMiddleware
FN:5,(anonymous_1)
FNF:2
FNH:2
FNDA:33,createRoleCheckMiddleware
FNDA:51,(anonymous_1)
DA:2,6
DA:5,33
DA:6,51
DA:7,2
DA:10,49
DA:11,49
DA:12,49
DA:14,48
DA:15,38
DA:21,10
DA:22,10
DA:24,1
DA:25,1
DA:30,6
DA:31,6
DA:32,6
DA:33,6
DA:35,6
LF:18
LH:18
BRDA:6,0,0,2
BRDA:6,0,1,49
BRDA:12,1,0,49
BRDA:12,1,1,1
BRDA:14,2,0,38
BRDA:14,2,1,10
BRDA:14,3,0,48
BRDA:14,3,1,12
BRF:8
BRH:8
end_of_record
TN:
SF:middleware\upload.js
FN:13,(anonymous_0)
FN:16,(anonymous_1)
FN:26,(anonymous_2)
FNF:3
FNH:2
FNDA:0,(anonymous_0)
FNDA:1,(anonymous_1)
FNDA:16,(anonymous_2)
DA:1,49
DA:2,49
DA:3,49
DA:4,49
DA:6,49
DA:8,49
DA:9,13
DA:12,49
DA:14,0
DA:18,1
DA:19,1
DA:20,1
DA:21,1
DA:22,1
DA:26,49
DA:27,16
DA:28,16
DA:29,16
DA:31,16
DA:32,7
DA:34,9
DA:38,49
DA:46,49
LF:23
LH:22
BRDA:8,0,0,13
BRDA:8,0,1,36
BRDA:31,1,0,7
BRDA:31,1,1,9
BRDA:31,2,0,16
BRDA:31,2,1,10
BRF:6
BRH:6
end_of_record
TN:
SF:models\Role.js
FN:4,(anonymous_0)
FN:13,(anonymous_1)
FN:22,(anonymous_2)
FN:25,(anonymous_3)
FN:32,(anonymous_4)
FN:45,(anonymous_5)
FNF:6
FNH:5
FNDA:4,(anonymous_0)
FNDA:0,(anonymous_1)
FNDA:1,(anonymous_2)
FNDA:2,(anonymous_3)
FNDA:3,(anonymous_4)
FNDA:2,(anonymous_5)
DA:1,7
DA:5,4
DA:6,4
DA:7,4
DA:8,4
DA:9,4
DA:10,4
DA:14,0
DA:23,1
DA:24,1
DA:25,2
DA:27,0
DA:28,0
DA:33,3
DA:34,3
DA:35,2
DA:36,1
DA:38,1
DA:40,1
DA:41,1
DA:46,2
DA:47,2
DA:48,2
DA:49,1
DA:51,1
DA:53,0
DA:54,0
DA:59,7
LF:28
LH:23
BRDA:7,0,0,4
BRDA:7,0,1,0
BRDA:9,1,0,4
BRDA:9,1,1,4
BRDA:10,2,0,4
BRDA:10,2,1,4
BRDA:35,3,0,1
BRDA:35,3,1,1
BRDA:48,4,0,1
BRDA:48,4,1,1
BRF:10
BRH:9
end_of_record
TN:
SF:models\User.js
FN:5,(anonymous_0)
FN:18,(anonymous_1)
FN:32,(anonymous_2)
FN:79,(anonymous_3)
FN:107,(anonymous_4)
FN:115,(anonymous_5)
FN:131,(anonymous_6)
FN:146,(anonymous_7)
FN:160,(anonymous_8)
FN:178,(anonymous_9)
FN:211,(anonymous_10)
FN:223,(anonymous_11)
FN:235,(anonymous_12)
FN:250,(anonymous_13)
FNF:14
FNH:14
FNDA:83,(anonymous_0)
FNDA:4,(anonymous_1)
FNDA:6,(anonymous_2)
FNDA:46,(anonymous_3)
FNDA:1,(anonymous_4)
FNDA:2,(anonymous_5)
FNDA:2,(anonymous_6)
FNDA:8,(anonymous_7)
FNDA:7,(anonymous_8)
FNDA:6,(anonymous_9)
FNDA:9,(anonymous_10)
FNDA:3,(anonymous_11)
FNDA:9,(anonymous_12)
FNDA:5,(anonymous_13)
DA:1,18
DA:2,18
DA:6,83
DA:7,83
DA:8,83
DA:9,83
DA:10,83
DA:11,83
DA:12,83
DA:13,83
DA:14,83
DA:15,83
DA:19,4
DA:33,6
DA:34,6
DA:35,6
DA:36,6
DA:38,6
DA:39,3
DA:40,3
DA:42,6
DA:43,4
DA:44,4
DA:46,6
DA:47,0
DA:48,0
DA:51,6
DA:52,1
DA:55,5
DA:56,5
DA:58,5
DA:60,5
DA:61,1
DA:64,4
DA:65,4
DA:66,4
DA:67,2
DA:72,4
DA:74,0
DA:75,0
DA:80,46
DA:81,46
DA:88,46
DA:89,5
DA:92,41
DA:93,41
DA:94,41
DA:95,1
DA:100,41
DA:102,0
DA:103,0
DA:108,1
DA:109,1
DA:115,1
DA:116,2
DA:117,2
DA:118,2
DA:123,2
DA:126,0
DA:127,0
DA:132,2
DA:140,2
DA:141,2
DA:143,2
DA:147,8
DA:148,1
DA:151,7
DA:152,3
DA:153,3
DA:156,4
DA:157,4
DA:161,7
DA:162,4
DA:165,3
DA:166,3
DA:167,1
DA:170,2
DA:175,2
DA:179,6
DA:181,6
DA:198,6
DA:199,5
DA:201,5
DA:202,1
DA:208,5
DA:212,9
DA:213,2
DA:215,7
DA:216,1
DA:218,6
DA:219,1
DA:224,3
DA:225,3
DA:227,3
DA:228,2
DA:229,2
DA:230,2
DA:232,2
DA:236,9
DA:237,9
DA:239,5
DA:240,2
DA:243,3
DA:245,5
DA:246,5
DA:251,5
DA:252,5
DA:253,2
DA:256,3
DA:257,2
DA:260,1
DA:268,1
DA:269,0
DA:272,1
DA:273,1
DA:275,4
DA:276,4
DA:281,18
LF:118
LH:109
BRDA:6,0,0,83
BRDA:6,0,1,43
BRDA:7,1,0,83
BRDA:7,1,1,68
BRDA:8,2,0,83
BRDA:8,2,1,66
BRDA:10,3,0,83
BRDA:10,3,1,79
BRDA:11,4,0,83
BRDA:11,4,1,81
BRDA:12,5,0,83
BRDA:12,5,1,81
BRDA:13,6,0,83
BRDA:13,6,1,82
BRDA:14,7,0,83
BRDA:14,7,1,83
BRDA:15,8,0,83
BRDA:15,8,1,83
BRDA:38,9,0,3
BRDA:38,9,1,3
BRDA:42,10,0,4
BRDA:42,10,1,2
BRDA:46,11,0,0
BRDA:46,11,1,6
BRDA:51,12,0,1
BRDA:51,12,1,5
BRDA:60,13,0,1
BRDA:60,13,1,4
BRDA:66,14,0,2
BRDA:66,14,1,2
BRDA:88,15,0,5
BRDA:88,15,1,41
BRDA:94,16,0,1
BRDA:94,16,1,40
BRDA:117,17,0,2
BRDA:117,17,1,0
BRDA:140,18,0,2
BRDA:140,18,1,0
BRDA:147,19,0,1
BRDA:147,19,1,7
BRDA:151,20,0,3
BRDA:151,20,1,4
BRDA:153,21,0,3
BRDA:153,21,1,1
BRDA:157,22,0,4
BRDA:157,22,1,1
BRDA:161,23,0,4
BRDA:161,23,1,3
BRDA:161,24,0,7
BRDA:161,24,1,4
BRDA:166,25,0,1
BRDA:166,25,1,2
BRDA:175,26,0,1
BRDA:175,26,1,1
BRDA:179,27,0,6
BRDA:179,27,1,5
BRDA:189,28,0,6
BRDA:189,28,1,4
BRDA:194,29,0,6
BRDA:194,29,1,6
BRDA:198,30,0,5
BRDA:198,30,1,0
BRDA:201,31,0,1
BRDA:201,31,1,4
BRDA:201,32,0,5
BRDA:201,32,1,1
BRDA:212,33,0,2
BRDA:212,33,1,7
BRDA:215,34,0,1
BRDA:215,34,1,6
BRDA:218,35,0,1
BRDA:218,35,1,5
BRDA:224,36,0,3
BRDA:224,36,1,0
BRDA:239,37,0,2
BRDA:239,37,1,3
BRDA:252,38,0,2
BRDA:252,38,1,3
BRDA:256,39,0,2
BRDA:256,39,1,1
BRDA:268,40,0,0
BRDA:268,40,1,1
BRF:82
BRH:76
end_of_record
TN:
SF:routes\approvals-enrichment-helpers.js
FN:4,enrichItemWithApprovalsAndAttachments
FN:18,(anonymous_1)
FN:24,(anonymous_2)
FN:33,enrichItemsWithApprovalsAndAttachments
FN:34,(anonymous_4)
FNF:5
FNH:5
FNDA:13,enrichItemWithApprovalsAndAttachments
FNDA:2,(anonymous_1)
FNDA:2,(anonymous_2)
FNDA:9,enrichItemsWithApprovalsAndAttachments
FNDA:9,(anonymous_4)
DA:2,5
DA:5,13
DA:17,13
DA:18,13
DA:20,13
DA:24,2
DA:26,13
DA:34,9
DA:37,5
LF:9
LH:9
BRDA:4,0,0,3
BRDA:5,1,0,3
BRDA:5,1,1,10
BRDA:17,2,0,3
BRDA:17,2,1,10
BRDA:28,3,0,13
BRDA:28,3,1,0
BRDA:29,4,0,13
BRDA:29,4,1,0
BRDA:33,5,0,7
BRF:10
BRH:8
end_of_record
TN:
SF:routes\approvals-finance-helpers.js
FN:2,processFinanceApproval
FN:18,(anonymous_1)
FN:21,(anonymous_2)
FNF:3
FNH:3
FNDA:16,processFinanceApproval
FNDA:23,(anonymous_1)
FNDA:23,(anonymous_2)
DA:3,16
DA:9,16
DA:14,16
DA:18,16
DA:19,23
DA:21,16
DA:22,23
DA:25,16
DA:26,16
DA:33,3
LF:10
LH:10
BRDA:12,0,0,16
BRDA:12,0,1,4
BRDA:19,1,0,23
BRDA:19,1,1,13
BRDA:25,2,0,9
BRDA:25,2,1,7
BRDA:25,3,0,16
BRDA:25,3,1,9
BRF:8
BRH:8
end_of_record
TN:
SF:routes\approvals-get-helpers.js
FN:8,handlePendingItemsRequest
FN:20,handleApprovedItemsRequest
FNF:2
FNH:2
FNDA:3,handlePendingItemsRequest
FNDA:2,handleApprovedItemsRequest
DA:2,2
DA:3,2
DA:4,2
DA:5,2
DA:6,2
DA:9,3
DA:10,3
DA:11,3
DA:12,2
DA:13,2
DA:15,1
DA:16,1
DA:21,2
DA:22,2
DA:23,2
DA:24,2
DA:25,2
DA:27,0
DA:28,0
DA:32,2
LF:20
LH:18
BRDA:8,0,0,1
BRDA:20,1,0,0
BRDA:20,2,0,0
BRF:3
BRH:1
end_of_record
TN:
SF:routes\approvals-helpers.js
FN:44,enrichItemsWithDetails
FN:50,handleApproval
FN:72,handleRejection
FN:94,validateItemForAction
FN:113,(anonymous_4)
FNF:5
FNH:5
FNDA:1,enrichItemsWithDetails
FNDA:3,handleApproval
FNDA:2,handleRejection
FNDA:11,validateItemForAction
FNDA:11,(anonymous_4)
DA:2,8
DA:3,8
DA:6,8
DA:45,1
DA:46,1
DA:51,3
DA:53,3
DA:59,3
DA:64,3
DA:73,2
DA:75,2
DA:81,2
DA:86,2
DA:95,11
DA:101,11
DA:103,11
DA:104,5
DA:105,5
DA:107,6
DA:108,6
DA:111,11
DA:112,4
DA:113,11
DA:114,4
DA:115,4
DA:118,11
DA:119,11
DA:122,8
LF:28
LH:28
BRDA:62,0,0,3
BRDA:62,0,1,2
BRDA:94,1,0,0
BRDA:103,2,0,5
BRDA:103,2,1,6
BRDA:111,3,0,4
BRDA:111,3,1,7
BRDA:111,4,0,11
BRDA:111,4,1,10
BRDA:119,5,0,11
BRDA:119,5,1,3
BRF:11
BRH:10
end_of_record
TN:
SF:routes\approvals-query-helpers.js
FN:4,buildPendingItemsQuery
FN:32,buildApprovedItemsQuery
FN:56,buildSuperAdminQuery
FNF:3
FNH:3
FNDA:9,buildPendingItemsQuery
FNDA:9,buildApprovedItemsQuery
FNDA:14,buildSuperAdminQuery
DA:2,3
DA:5,9
DA:6,9
DA:8,9
DA:10,3
DA:13,3
DA:14,3
DA:16,2
DA:18,2
DA:20,2
DA:23,2
DA:25,2
DA:28,9
DA:29,9
DA:33,9
DA:34,9
DA:36,9
DA:38,3
DA:40,3
DA:41,3
DA:43,2
DA:44,2
DA:46,2
DA:47,2
DA:49,2
DA:52,9
DA:53,9
DA:57,14
DA:58,14
DA:60,14
DA:62,5
DA:63,2
DA:64,2
DA:65,3
DA:66,1
DA:71,1
DA:72,2
DA:73,1
DA:74,1
DA:76,5
DA:78,4
DA:79,1
DA:85,1
DA:86,3
DA:87,1
DA:93,1
DA:94,2
DA:95,1
DA:96,1
DA:98,4
DA:100,4
DA:101,1
DA:102,1
DA:103,3
DA:104,1
DA:105,1
DA:106,2
DA:107,1
DA:108,1
DA:110,4
DA:113,14
DA:114,14
DA:117,3
LF:63
LH:63
BRDA:4,0,0,6
BRDA:8,1,0,3
BRDA:8,1,1,2
BRDA:8,1,2,2
BRDA:8,1,3,2
BRDA:32,2,0,1
BRDA:32,3,0,1
BRDA:36,4,0,3
BRDA:36,4,1,2
BRDA:36,4,2,2
BRDA:36,4,3,2
BRDA:60,5,0,5
BRDA:60,5,1,4
BRDA:60,5,2,4
BRDA:62,6,0,2
BRDA:62,6,1,3
BRDA:65,7,0,1
BRDA:65,7,1,2
BRDA:72,8,0,1
BRDA:72,8,1,1
BRDA:78,9,0,1
BRDA:78,9,1,3
BRDA:86,10,0,1
BRDA:86,10,1,2
BRDA:94,11,0,1
BRDA:94,11,1,1
BRDA:100,12,0,1
BRDA:100,12,1,3
BRDA:103,13,0,1
BRDA:103,13,1,2
BRDA:106,14,0,1
BRDA:106,14,1,1
BRF:32
BRH:32
end_of_record
TN:
SF:routes\approvals-superadmin-helpers.js
FN:7,handleSuperAdminApprovalRequest
FNF:1
FNH:1
FNDA:5,handleSuperAdminApprovalRequest
DA:2,1
DA:3,1
DA:4,1
DA:5,1
DA:8,5
DA:9,5
DA:10,5
DA:11,5
DA:12,1
DA:15,4
DA:16,4
DA:17,3
DA:19,3
DA:21,1
DA:22,1
DA:26,1
LF:16
LH:16
BRDA:11,0,0,1
BRDA:11,0,1,4
BRF:2
BRH:2
end_of_record
TN:
SF:routes\approvals-transaction-helpers.js
FN:7,handleApprovalTransaction
FN:62,handleRejectionTransaction
FNF:2
FNH:2
FNDA:10,handleApprovalTransaction
FNDA:7,handleRejectionTransaction
DA:2,3
DA:3,3
DA:4,3
DA:5,3
DA:17,10
DA:19,10
DA:20,10
DA:21,10
DA:23,10
DA:24,10
DA:26,10
DA:27,1
DA:28,1
DA:31,9
DA:32,7
DA:33,1
DA:34,1
DA:37,6
DA:38,2
DA:40,4
DA:51,5
DA:52,5
DA:54,3
DA:55,3
DA:56,3
DA:58,10
DA:72,7
DA:74,7
DA:75,7
DA:76,7
DA:78,7
DA:79,7
DA:81,7
DA:82,0
DA:83,0
DA:86,7
DA:87,2
DA:88,2
DA:91,5
DA:92,5
DA:93,0
DA:94,0
DA:97,5
DA:107,4
DA:108,4
DA:110,1
DA:111,1
DA:112,1
DA:114,7
DA:118,3
LF:50
LH:46
BRDA:26,0,0,1
BRDA:26,0,1,9
BRDA:32,1,0,1
BRDA:32,1,1,6
BRDA:37,2,0,2
BRDA:37,2,1,4
BRDA:37,3,0,6
BRDA:37,3,1,2
BRDA:81,4,0,0
BRDA:81,4,1,7
BRDA:86,5,0,2
BRDA:86,5,1,5
BRDA:86,6,0,7
BRDA:86,6,1,6
BRDA:92,7,0,0
BRDA:92,7,1,5
BRF:16
BRH:14
end_of_record
TN:
SF:routes\approvals.js
FN:18,(anonymous_0)
FN:23,(anonymous_1)
FN:37,(anonymous_2)
FN:51,(anonymous_3)
FN:56,(anonymous_4)
FN:61,(anonymous_5)
FN:75,(anonymous_6)
FN:89,(anonymous_7)
FN:94,(anonymous_8)
FN:99,(anonymous_9)
FN:113,(anonymous_10)
FN:127,(anonymous_11)
FN:132,(anonymous_12)
FN:180,(anonymous_13)
FN:206,(anonymous_14)
FN:212,(anonymous_15)
FN:218,(anonymous_16)
FNF:17
FNH:13
FNDA:2,(anonymous_0)
FNDA:2,(anonymous_1)
FNDA:2,(anonymous_2)
FNDA:2,(anonymous_3)
FNDA:1,(anonymous_4)
FNDA:0,(anonymous_5)
FNDA:0,(anonymous_6)
FNDA:1,(anonymous_7)
FNDA:1,(anonymous_8)
FNDA:0,(anonymous_9)
FNDA:0,(anonymous_10)
FNDA:1,(anonymous_11)
FNDA:2,(anonymous_12)
FNDA:3,(anonymous_13)
FNDA:1,(anonymous_14)
FNDA:1,(anonymous_15)
FNDA:1,(anonymous_16)
DA:1,5
DA:2,5
DA:3,5
DA:4,5
DA:5,5
DA:12,5
DA:15,5
DA:16,5
DA:18,5
DA:19,2
DA:20,2
DA:23,5
DA:24,2
DA:25,2
DA:37,5
DA:38,2
DA:39,2
DA:51,5
DA:52,2
DA:53,2
DA:56,5
DA:57,1
DA:58,1
DA:61,5
DA:62,0
DA:63,0
DA:75,5
DA:76,0
DA:77,0
DA:89,5
DA:90,1
DA:91,1
DA:94,5
DA:95,1
DA:96,1
DA:99,5
DA:100,0
DA:101,0
DA:113,5
DA:114,0
DA:115,0
DA:127,5
DA:128,1
DA:129,1
DA:132,5
DA:133,2
DA:134,2
DA:135,2
DA:137,2
DA:139,2
DA:140,0
DA:141,0
DA:144,2
DA:151,2
DA:152,0
DA:153,0
DA:156,2
DA:157,2
DA:158,2
DA:159,2
DA:161,2
DA:162,2
DA:163,0
DA:164,0
DA:170,2
DA:176,2
DA:180,3
DA:182,2
DA:183,2
DA:191,2
DA:193,2
DA:195,0
DA:196,0
DA:197,0
DA:199,2
DA:206,5
DA:207,1
DA:208,1
DA:212,5
DA:213,1
DA:214,1
DA:218,5
DA:219,1
DA:220,1
DA:223,5
LF:85
LH:68
BRDA:139,0,0,0
BRDA:139,0,1,2
BRDA:151,1,0,0
BRDA:151,1,1,2
BRDA:157,2,0,2
BRDA:157,2,1,0
BRDA:157,3,0,2
BRDA:157,3,1,2
BRDA:158,4,0,2
BRDA:158,4,1,0
BRDA:158,5,0,2
BRDA:158,5,1,2
BRDA:159,6,0,2
BRDA:159,6,1,0
BRDA:159,7,0,2
BRDA:159,7,1,2
BRDA:162,8,0,0
BRDA:162,8,1,2
BRDA:182,9,0,2
BRDA:182,9,1,0
BRF:20
BRH:13
end_of_record
TN:
SF:routes\auth-helpers.js
FN:6,extractAzureId
FN:20,buildUserDisplayName
FN:28,buildUserEmail
FN:36,findOrCreateUser
FN:61,buildUserResponse
FNF:5
FNH:5
FNDA:10,extractAzureId
FNDA:12,buildUserDisplayName
FNDA:9,buildUserEmail
FNDA:3,findOrCreateUser
FNDA:4,buildUserResponse
DA:2,2
DA:3,2
DA:4,2
DA:7,10
DA:9,10
DA:10,5
DA:13,10
DA:14,0
DA:17,10
DA:21,12
DA:29,9
DA:37,3
DA:39,3
DA:40,2
DA:41,2
DA:42,2
DA:45,1
DA:46,1
DA:47,1
DA:49,1
DA:57,1
DA:58,1
DA:62,4
DA:63,4
DA:76,2
LF:25
LH:24
BRDA:7,0,0,10
BRDA:7,0,1,7
BRDA:9,1,0,5
BRDA:9,1,1,5
BRDA:10,2,0,5
BRDA:10,2,1,3
BRDA:10,2,2,2
BRDA:13,3,0,0
BRDA:13,3,1,10
BRDA:13,4,0,10
BRDA:13,4,1,0
BRDA:21,5,0,12
BRDA:21,5,1,10
BRDA:21,5,2,6
BRDA:21,5,3,4
BRDA:21,5,4,2
BRDA:22,6,0,10
BRDA:22,6,1,6
BRDA:22,7,0,10
BRDA:22,7,1,6
BRDA:29,8,0,9
BRDA:29,8,1,6
BRDA:29,8,2,4
BRDA:29,8,3,3
BRDA:29,8,4,2
BRDA:39,9,0,2
BRDA:39,9,1,1
BRDA:47,10,0,1
BRDA:47,10,1,0
BRDA:47,10,2,0
BRDA:53,11,0,1
BRDA:53,11,1,0
BRDA:62,12,0,3
BRDA:62,12,1,1
BRDA:66,13,0,4
BRDA:66,13,1,2
BRDA:71,14,0,4
BRDA:71,14,1,2
BRF:38
BRH:33
end_of_record
TN:
SF:routes\auth-role-helpers.js
FN:6,assignManagerForRole
FN:29,setHRManagerSelf
FN:36,updateUserRoleWithManager
FNF:3
FNH:3
FNDA:27,assignManagerForRole
FNDA:8,setHRManagerSelf
FNDA:19,updateUserRoleWithManager
DA:2,3
DA:3,3
DA:4,3
DA:7,27
DA:8,9
DA:11,18
DA:12,17
DA:13,2
DA:16,11
DA:21,11
DA:22,9
DA:30,8
DA:37,19
DA:38,18
DA:40,13
DA:41,4
DA:42,9
DA:43,2
DA:47,3
LF:19
LH:19
BRDA:7,0,0,9
BRDA:7,0,1,18
BRDA:7,1,0,27
BRDA:7,1,1,14
BRDA:12,2,0,2
BRDA:12,2,1,11
BRDA:21,3,0,9
BRDA:21,3,1,2
BRDA:40,4,0,4
BRDA:40,4,1,9
BRDA:40,5,0,13
BRDA:40,5,1,11
BRDA:42,6,0,2
BRDA:42,6,1,7
BRF:14
BRH:14
end_of_record
TN:
SF:routes\auth.js
FN:23,(anonymous_0)
FN:61,(anonymous_1)
FN:69,(anonymous_2)
FN:85,(anonymous_3)
FN:108,(anonymous_4)
FN:119,(anonymous_5)
FN:123,(anonymous_6)
FN:134,(anonymous_7)
FN:138,(anonymous_8)
FN:158,(anonymous_9)
FN:185,(anonymous_10)
FN:204,(anonymous_11)
FN:253,(anonymous_12)
FN:258,(anonymous_13)
FN:266,(anonymous_14)
FN:285,(anonymous_15)
FN:301,(anonymous_16)
FN:329,(anonymous_17)
FN:361,(anonymous_18)
FN:374,(anonymous_19)
FN:394,(anonymous_20)
FN:441,(anonymous_21)
FN:504,(anonymous_22)
FN:505,(anonymous_23)
FN:509,(anonymous_24)
FNF:25
FNH:18
FNDA:0,(anonymous_0)
FNDA:0,(anonymous_1)
FNDA:0,(anonymous_2)
FNDA:34,(anonymous_3)
FNDA:2,(anonymous_4)
FNDA:1,(anonymous_5)
FNDA:2,(anonymous_6)
FNDA:1,(anonymous_7)
FNDA:5,(anonymous_8)
FNDA:0,(anonymous_9)
FNDA:0,(anonymous_10)
FNDA:10,(anonymous_11)
FNDA:6,(anonymous_12)
FNDA:4,(anonymous_13)
FNDA:7,(anonymous_14)
FNDA:3,(anonymous_15)
FNDA:17,(anonymous_16)
FNDA:4,(anonymous_17)
FNDA:1,(anonymous_18)
FNDA:1,(anonymous_19)
FNDA:0,(anonymous_20)
FNDA:0,(anonymous_21)
FNDA:9,(anonymous_22)
FNDA:6,(anonymous_23)
FNDA:6,(anonymous_24)
DA:1,17
DA:2,17
DA:3,17
DA:4,6
DA:5,6
DA:6,6
DA:7,6
DA:8,6
DA:9,6
DA:10,6
DA:12,6
DA:14,6
DA:15,6
DA:16,6
DA:21,6
DA:22,6
DA:23,6
DA:24,0
DA:25,0
DA:27,0
DA:28,0
DA:29,0
DA:32,0
DA:34,0
DA:35,0
DA:36,0
DA:38,0
DA:45,0
DA:48,0
DA:50,0
DA:51,0
DA:55,0
DA:58,0
DA:61,6
DA:62,0
DA:63,0
DA:64,0
DA:66,0
DA:69,6
DA:70,0
DA:71,0
DA:72,0
DA:74,0
DA:75,0
DA:76,0
DA:78,0
DA:80,0
DA:81,0
DA:85,6
DA:86,34
DA:87,0
DA:90,25
DA:91,25
DA:92,24
DA:93,7
DA:96,17
DA:97,16
DA:100,1
DA:101,1
DA:103,1
DA:104,1
DA:108,6
DA:109,2
DA:110,1
DA:115,1
DA:120,1
DA:123,6
DA:124,2
DA:125,1
DA:130,1
DA:135,1
DA:138,6
DA:139,5
DA:140,5
DA:142,5
DA:143,1
DA:146,4
DA:147,1
DA:153,3
DA:154,3
DA:155,3
DA:158,0
DA:159,0
DA:160,0
DA:161,0
DA:164,0
DA:166,0
DA:167,0
DA:173,0
DA:174,0
DA:176,0
DA:177,0
DA:183,0
DA:185,0
DA:186,0
DA:187,0
DA:188,0
DA:191,0
DA:194,0
DA:195,0
DA:199,0
DA:200,0
DA:204,6
DA:205,10
DA:206,10
DA:207,7
DA:209,7
DA:210,0
DA:216,7
DA:218,6
DA:219,1
DA:225,5
DA:226,5
DA:238,0
DA:244,4
DA:245,4
DA:253,6
DA:254,6
DA:255,6
DA:256,3
DA:258,4
DA:261,5
DA:262,5
DA:266,6
DA:267,7
DA:268,7
DA:269,3
DA:275,4
DA:283,3
DA:285,3
DA:296,1
DA:297,1
DA:301,6
DA:302,17
DA:303,17
DA:304,3
DA:310,14
DA:312,14
DA:313,3
DA:316,11
DA:317,11
DA:318,3
DA:321,8
DA:322,8
DA:323,3
DA:329,5
DA:330,4
DA:331,0
DA:332,0
DA:339,4
DA:340,4
DA:352,1
DA:353,1
DA:361,6
DA:362,1
DA:363,1
DA:372,1
DA:374,1
DA:389,0
DA:390,0
DA:394,6
DA:395,0
DA:396,0
DA:397,0
DA:399,0
DA:400,0
DA:403,0
DA:404,0
DA:405,0
DA:408,0
DA:409,0
DA:410,0
DA:411,0
DA:415,0
DA:420,0
DA:422,0
DA:432,0
DA:433,0
DA:441,6
DA:442,0
DA:443,0
DA:444,0
DA:446,0
DA:447,0
DA:450,0
DA:451,0
DA:454,0
DA:455,0
DA:456,0
DA:459,0
DA:460,0
DA:461,0
DA:464,0
DA:465,0
DA:468,0
DA:470,0
DA:471,0
DA:472,0
DA:473,0
DA:475,0
DA:478,0
DA:480,0
DA:481,0
DA:484,0
DA:495,0
DA:496,0
DA:504,6
DA:505,9
DA:506,6
DA:507,0
DA:509,6
DA:510,6
DA:511,0
DA:512,0
DA:514,6
DA:515,6
DA:520,6
LF:217
LH:113
BRDA:15,0,0,6
BRDA:15,0,1,0
BRDA:21,1,0,6
BRDA:21,1,1,0
BRDA:21,2,0,6
BRDA:21,2,1,6
BRDA:25,3,0,0
BRDA:25,3,1,0
BRDA:25,3,2,0
BRDA:25,3,3,0
BRDA:25,3,4,0
BRDA:27,4,0,0
BRDA:27,4,1,0
BRDA:34,5,0,0
BRDA:34,5,1,0
BRDA:40,6,0,0
BRDA:40,6,1,0
BRDA:40,6,2,0
BRDA:40,6,3,0
BRDA:40,7,0,0
BRDA:40,7,1,0
BRDA:40,8,0,0
BRDA:40,8,1,0
BRDA:41,9,0,0
BRDA:41,9,1,0
BRDA:41,9,2,0
BRDA:62,10,0,0
BRDA:62,10,1,0
BRDA:63,11,0,0
BRDA:63,11,1,0
BRDA:71,12,0,0
BRDA:71,12,1,0
BRDA:75,13,0,0
BRDA:75,13,1,0
BRDA:86,14,0,0
BRDA:86,14,1,25
BRDA:91,15,0,25
BRDA:91,15,1,0
BRDA:92,16,0,7
BRDA:92,16,1,17
BRDA:96,17,0,16
BRDA:96,17,1,1
BRDA:96,18,0,17
BRDA:96,18,1,3
BRDA:109,19,0,1
BRDA:109,19,1,1
BRDA:109,20,0,2
BRDA:109,20,1,1
BRDA:124,21,0,1
BRDA:124,21,1,1
BRDA:124,22,0,2
BRDA:124,22,1,1
BRDA:142,23,0,1
BRDA:142,23,1,4
BRDA:146,24,0,1
BRDA:146,24,1,3
BRDA:146,25,0,4
BRDA:146,25,1,3
BRDA:146,25,2,3
BRDA:154,26,0,3
BRDA:154,26,1,0
BRDA:159,27,0,0
BRDA:159,27,1,0
BRDA:164,28,0,0
BRDA:164,28,1,0
BRDA:176,29,0,0
BRDA:176,29,1,0
BRDA:186,30,0,0
BRDA:186,30,1,0
BRDA:206,31,0,7
BRDA:206,31,1,0
BRDA:207,32,0,7
BRDA:207,32,1,0
BRDA:207,32,2,0
BRDA:209,33,0,0
BRDA:209,33,1,7
BRDA:218,34,0,1
BRDA:218,34,1,5
BRDA:225,35,0,4
BRDA:225,35,1,1
BRDA:229,36,0,5
BRDA:229,36,1,0
BRDA:234,37,0,5
BRDA:234,37,1,0
BRDA:268,38,0,3
BRDA:268,38,1,4
BRDA:289,39,0,2
BRDA:289,39,1,1
BRDA:303,40,0,3
BRDA:303,40,1,14
BRDA:312,41,0,3
BRDA:312,41,1,11
BRDA:317,42,0,3
BRDA:317,42,1,8
BRDA:321,43,0,8
BRDA:321,43,1,3
BRDA:322,44,0,3
BRDA:322,44,1,5
BRDA:330,45,0,0
BRDA:330,45,1,4
BRDA:339,46,0,3
BRDA:339,46,1,1
BRDA:344,47,0,4
BRDA:344,47,1,0
BRDA:347,48,0,4
BRDA:347,48,1,2
BRDA:378,49,0,0
BRDA:378,49,1,1
BRDA:399,50,0,0
BRDA:399,50,1,0
BRDA:404,51,0,0
BRDA:404,51,1,0
BRDA:408,52,0,0
BRDA:408,52,1,0
BRDA:410,53,0,0
BRDA:410,53,1,0
BRDA:417,54,0,0
BRDA:417,54,1,0
BRDA:428,55,0,0
BRDA:428,55,1,0
BRDA:446,56,0,0
BRDA:446,56,1,0
BRDA:450,57,0,0
BRDA:450,57,1,0
BRDA:455,58,0,0
BRDA:455,58,1,0
BRDA:460,59,0,0
BRDA:460,59,1,0
BRDA:464,60,0,0
BRDA:464,60,1,0
BRDA:480,61,0,0
BRDA:480,61,1,0
BRDA:490,62,0,0
BRDA:490,62,1,0
BRDA:506,63,0,0
BRDA:506,63,1,6
BRDA:510,64,0,0
BRDA:510,64,1,6
BRF:138
BRH:60
end_of_record
TN:
SF:routes\dashboard-helpers.js
FN:6,getUserStats
FN:18,(anonymous_1)
FN:29,(anonymous_2)
FN:37,(anonymous_3)
FN:48,getFinancePendingApprovals
FN:56,(anonymous_5)
FN:57,(anonymous_6)
FN:64,getHRPendingApprovals
FN:72,(anonymous_8)
FN:73,(anonymous_9)
FN:80,getManagerPendingApprovals
FN:88,(anonymous_11)
FN:89,(anonymous_12)
FN:96,getSuperAdminPendingApprovals
FN:104,(anonymous_14)
FN:105,(anonymous_15)
FN:112,getPendingApprovalsStats
FN:142,getApprovedStats
FN:167,getRejectedStats
FN:178,(anonymous_19)
FN:187,(anonymous_20)
FN:198,(anonymous_21)
FN:209,buildRoleFilterQuery
FN:231,getMonthlyTrendData
FN:251,(anonymous_24)
FN:253,(anonymous_25)
FN:260,getStatusDistributionData
FN:297,(anonymous_27)
FN:299,(anonymous_28)
FN:306,getDepartmentWiseData
FN:328,(anonymous_30)
FN:330,(anonymous_31)
FN:337,getAmountTrendData
FN:357,(anonymous_33)
FN:359,(anonymous_34)
FN:366,getWeeklyTrendData
FN:387,(anonymous_36)
FN:389,(anonymous_37)
FN:397,getDailyData
FN:419,(anonymous_39)
FN:421,(anonymous_40)
FN:430,getCategoryWiseData
FN:452,(anonymous_42)
FN:454,(anonymous_43)
FNF:44
FNH:32
FNDA:8,getUserStats
FNDA:2,(anonymous_1)
FNDA:1,(anonymous_2)
FNDA:1,(anonymous_3)
FNDA:4,getFinancePendingApprovals
FNDA:0,(anonymous_5)
FNDA:2,(anonymous_6)
FNDA:2,getHRPendingApprovals
FNDA:0,(anonymous_8)
FNDA:1,(anonymous_9)
FNDA:3,getManagerPendingApprovals
FNDA:0,(anonymous_11)
FNDA:1,(anonymous_12)
FNDA:2,getSuperAdminPendingApprovals
FNDA:0,(anonymous_14)
FNDA:1,(anonymous_15)
FNDA:11,getPendingApprovalsStats
FNDA:9,getApprovedStats
FNDA:8,getRejectedStats
FNDA:2,(anonymous_19)
FNDA:0,(anonymous_20)
FNDA:0,(anonymous_21)
FNDA:45,buildRoleFilterQuery
FNDA:13,getMonthlyTrendData
FNDA:1,(anonymous_24)
FNDA:4,(anonymous_25)
FNDA:6,getStatusDistributionData
FNDA:0,(anonymous_27)
FNDA:3,(anonymous_28)
FNDA:6,getDepartmentWiseData
FNDA:0,(anonymous_30)
FNDA:3,(anonymous_31)
FNDA:6,getAmountTrendData
FNDA:0,(anonymous_33)
FNDA:3,(anonymous_34)
FNDA:6,getWeeklyTrendData
FNDA:0,(anonymous_36)
FNDA:3,(anonymous_37)
FNDA:4,getDailyData
FNDA:0,(anonymous_39)
FNDA:3,(anonymous_40)
FNDA:4,getCategoryWiseData
FNDA:0,(anonymous_42)
FNDA:3,(anonymous_43)
DA:2,8
DA:3,8
DA:4,8
DA:9,8
DA:10,8
DA:11,8
DA:18,2
DA:20,7
DA:21,7
DA:22,7
DA:29,1
DA:31,6
DA:32,6
DA:33,6
DA:37,1
DA:39,6
DA:49,4
DA:50,4
DA:56,0
DA:57,2
DA:58,4
DA:65,2
DA:66,2
DA:72,0
DA:73,1
DA:74,2
DA:81,3
DA:82,3
DA:88,0
DA:89,1
DA:90,3
DA:97,2
DA:98,2
DA:104,0
DA:105,1
DA:106,2
DA:113,11
DA:114,11
DA:116,11
DA:117,11
DA:118,11
DA:119,4
DA:120,4
DA:121,4
DA:122,7
DA:123,2
DA:124,2
DA:125,2
DA:126,5
DA:127,3
DA:128,3
DA:129,3
DA:131,2
DA:132,2
DA:133,2
DA:136,0
DA:139,11
DA:143,9
DA:144,9
DA:146,9
DA:147,9
DA:148,4
DA:149,2
DA:150,2
DA:151,5
DA:152,2
DA:153,2
DA:154,2
DA:155,3
DA:156,2
DA:157,2
DA:158,2
DA:161,2
DA:164,9
DA:168,8
DA:169,8
DA:171,8
DA:172,8
DA:173,4
DA:178,2
DA:179,4
DA:180,4
DA:181,4
DA:182,2
DA:187,0
DA:188,2
DA:189,2
DA:190,2
DA:191,1
DA:198,0
DA:199,1
DA:200,1
DA:203,0
DA:206,8
DA:210,45
DA:211,10
DA:213,35
DA:214,1
DA:219,34
DA:220,8
DA:225,26
DA:232,13
DA:233,13
DA:234,13
DA:236,13
DA:250,13
DA:251,13
DA:253,13
DA:261,6
DA:262,6
DA:263,6
DA:265,6
DA:296,6
DA:297,6
DA:299,6
DA:307,6
DA:308,6
DA:309,6
DA:311,6
DA:327,6
DA:328,6
DA:330,6
DA:338,6
DA:339,6
DA:340,6
DA:342,6
DA:356,6
DA:357,6
DA:359,6
DA:367,6
DA:368,6
DA:369,6
DA:371,6
DA:386,6
DA:387,6
DA:389,4
DA:398,4
DA:399,4
DA:400,4
DA:402,4
DA:418,4
DA:419,4
DA:421,4
DA:431,4
DA:432,4
DA:433,4
DA:435,4
DA:451,4
DA:452,4
DA:454,4
DA:461,8
LF:151
LH:143
BRDA:40,0,0,6
BRDA:40,0,1,3
BRDA:41,1,0,6
BRDA:41,1,1,3
BRDA:42,2,0,6
BRDA:42,2,1,3
BRDA:43,3,0,6
BRDA:43,3,1,3
BRDA:44,4,0,6
BRDA:44,4,1,3
BRDA:59,5,0,4
BRDA:59,5,1,2
BRDA:60,6,0,4
BRDA:60,6,1,2
BRDA:75,7,0,2
BRDA:75,7,1,1
BRDA:76,8,0,2
BRDA:76,8,1,1
BRDA:91,9,0,3
BRDA:91,9,1,1
BRDA:92,10,0,3
BRDA:92,10,1,1
BRDA:107,11,0,2
BRDA:107,11,1,1
BRDA:108,12,0,2
BRDA:108,12,1,1
BRDA:118,13,0,4
BRDA:118,13,1,7
BRDA:122,14,0,2
BRDA:122,14,1,5
BRDA:126,15,0,3
BRDA:126,15,1,2
BRDA:147,16,0,4
BRDA:147,16,1,5
BRDA:147,17,0,9
BRDA:147,17,1,5
BRDA:151,18,0,2
BRDA:151,18,1,3
BRDA:155,19,0,2
BRDA:155,19,1,1
BRDA:172,20,0,4
BRDA:172,20,1,4
BRDA:179,21,0,4
BRDA:179,21,1,3
BRDA:180,22,0,4
BRDA:180,22,1,3
BRDA:181,23,0,2
BRDA:181,23,1,2
BRDA:181,24,0,4
BRDA:181,24,1,2
BRDA:188,25,0,2
BRDA:188,25,1,0
BRDA:189,26,0,2
BRDA:189,26,1,0
BRDA:190,27,0,1
BRDA:190,27,1,1
BRDA:199,28,0,1
BRDA:199,28,1,0
BRDA:200,29,0,1
BRDA:200,29,1,0
BRDA:210,30,0,10
BRDA:210,30,1,35
BRDA:210,31,0,45
BRDA:210,31,1,43
BRDA:213,32,0,1
BRDA:213,32,1,34
BRDA:219,33,0,8
BRDA:219,33,1,26
BRDA:232,34,0,13
BRDA:232,34,1,11
BRDA:233,35,0,9
BRDA:233,35,1,4
BRDA:250,36,0,9
BRDA:250,36,1,4
BRDA:255,37,0,4
BRDA:255,37,1,0
BRDA:256,38,0,4
BRDA:256,38,1,0
BRDA:261,39,0,6
BRDA:261,39,1,6
BRDA:262,40,0,5
BRDA:262,40,1,1
BRDA:296,41,0,5
BRDA:296,41,1,1
BRDA:301,42,0,3
BRDA:301,42,1,0
BRDA:302,43,0,3
BRDA:302,43,1,0
BRDA:307,44,0,6
BRDA:307,44,1,6
BRDA:308,45,0,5
BRDA:308,45,1,1
BRDA:327,46,0,5
BRDA:327,46,1,1
BRDA:332,47,0,3
BRDA:332,47,1,0
BRDA:333,48,0,3
BRDA:333,48,1,0
BRDA:338,49,0,6
BRDA:338,49,1,6
BRDA:339,50,0,5
BRDA:339,50,1,1
BRDA:356,51,0,5
BRDA:356,51,1,1
BRDA:361,52,0,3
BRDA:361,52,1,0
BRDA:362,53,0,3
BRDA:362,53,1,0
BRDA:367,54,0,6
BRDA:367,54,1,6
BRDA:368,55,0,5
BRDA:368,55,1,1
BRDA:386,56,0,5
BRDA:386,56,1,1
BRDA:392,57,0,3
BRDA:392,57,1,0
BRDA:393,58,0,3
BRDA:393,58,1,0
BRDA:398,59,0,4
BRDA:398,59,1,4
BRDA:399,60,0,3
BRDA:399,60,1,1
BRDA:418,61,0,3
BRDA:418,61,1,1
BRDA:423,62,0,3
BRDA:423,62,1,0
BRDA:424,63,0,3
BRDA:424,63,1,0
BRDA:425,64,0,3
BRDA:425,64,1,0
BRDA:426,65,0,3
BRDA:426,65,1,0
BRDA:431,66,0,4
BRDA:431,66,1,4
BRDA:432,67,0,3
BRDA:432,67,1,1
BRDA:451,68,0,3
BRDA:451,68,1,1
BRDA:456,69,0,3
BRDA:456,69,1,0
BRDA:457,70,0,3
BRDA:457,70,1,0
BRF:142
BRH:122
end_of_record
TN:
SF:routes\dashboard-query-helpers.js
FN:5,executeStatsQuery
FN:7,(anonymous_1)
FN:14,getApprovedStatsByStatus
FN:17,(anonymous_3)
FNF:4
FNH:4
FNDA:11,executeStatsQuery
FNDA:2,(anonymous_1)
FNDA:7,getApprovedStatsByStatus
FNDA:9,(anonymous_3)
DA:2,7
DA:3,7
DA:6,11
DA:7,11
DA:8,11
DA:15,7
DA:16,7
DA:17,9
DA:19,7
DA:26,7
DA:29,7
LF:11
LH:11
BRDA:5,0,0,10
BRDA:6,1,0,11
BRDA:6,1,1,10
BRDA:9,2,0,11
BRDA:9,2,1,2
BRDA:10,3,0,11
BRDA:10,3,1,2
BRDA:14,4,0,0
BRDA:15,5,0,3
BRDA:15,5,1,4
BRDA:16,6,0,4
BRDA:16,6,1,3
BRF:12
BRH:11
end_of_record
TN:
SF:routes\dashboard-stats-helpers.js
FN:5,buildUserCards
FN:42,buildSuperAdminCards
FN:75,buildHRCards
FN:96,formatReimbursementRow
FN:115,formatPendingApprovalRow
FN:132,fetchRecentReimbursements
FN:180,(anonymous_6)
FN:188,fetchPendingApprovals
FN:216,(anonymous_8)
FNF:9
FNH:9
FNDA:9,buildUserCards
FNDA:2,buildSuperAdminCards
FNDA:4,buildHRCards
FNDA:6,formatReimbursementRow
FNDA:6,formatPendingApprovalRow
FNDA:8,fetchRecentReimbursements
FNDA:2,(anonymous_6)
FNDA:8,fetchPendingApprovals
FNDA:2,(anonymous_8)
DA:2,6
DA:3,6
DA:6,9
DA:7,9
DA:9,9
DA:10,8
DA:11,5
DA:20,8
DA:21,5
DA:30,8
DA:31,7
DA:43,2
DA:76,4
DA:77,2
DA:97,6
DA:98,6
DA:99,6
DA:100,6
DA:102,6
DA:116,6
DA:117,6
DA:118,6
DA:120,6
DA:133,8
DA:134,8
DA:178,8
DA:179,8
DA:181,2
DA:182,2
DA:185,8
DA:189,8
DA:190,8
DA:214,8
DA:215,8
DA:217,2
DA:218,2
DA:221,8
DA:224,6
LF:38
LH:38
BRDA:9,0,0,8
BRDA:9,0,1,1
BRDA:9,1,0,9
BRDA:9,1,1,8
BRDA:9,1,2,2
BRDA:10,2,0,5
BRDA:10,2,1,3
BRDA:10,3,0,8
BRDA:10,3,1,3
BRDA:20,4,0,5
BRDA:20,4,1,3
BRDA:20,5,0,8
BRDA:20,5,1,3
BRDA:30,6,0,7
BRDA:30,6,1,1
BRDA:76,7,0,2
BRDA:76,7,1,2
BRDA:97,8,0,6
BRDA:97,8,1,0
BRDA:97,8,2,0
BRDA:98,9,0,0
BRDA:98,9,1,6
BRDA:98,10,0,6
BRDA:98,10,1,0
BRDA:99,11,0,0
BRDA:99,11,1,6
BRDA:99,12,0,6
BRDA:99,12,1,0
BRDA:100,13,0,0
BRDA:100,13,1,6
BRDA:100,14,0,6
BRDA:100,14,1,0
BRDA:104,15,0,6
BRDA:104,15,1,0
BRDA:105,16,0,6
BRDA:105,16,1,0
BRDA:106,17,0,6
BRDA:106,17,1,0
BRDA:108,18,0,6
BRDA:108,18,1,0
BRDA:116,19,0,0
BRDA:116,19,1,6
BRDA:116,20,0,6
BRDA:116,20,1,0
BRDA:117,21,0,0
BRDA:117,21,1,6
BRDA:117,22,0,6
BRDA:117,22,1,0
BRDA:118,23,0,0
BRDA:118,23,1,6
BRDA:118,24,0,6
BRDA:118,24,1,0
BRDA:122,25,0,6
BRDA:122,25,1,0
BRDA:124,26,0,6
BRDA:124,26,1,0
BRDA:125,27,0,6
BRDA:125,27,1,0
BRDA:133,28,0,3
BRDA:133,28,1,5
BRDA:133,29,0,8
BRDA:133,29,1,6
BRDA:134,30,0,3
BRDA:134,30,1,5
BRDA:134,31,0,8
BRDA:134,31,1,6
BRDA:178,32,0,3
BRDA:178,32,1,5
BRDA:178,33,0,8
BRDA:178,33,1,6
BRDA:189,34,0,3
BRDA:189,34,1,5
BRDA:189,35,0,8
BRDA:189,35,1,8
BRDA:189,35,2,5
BRDA:189,35,3,5
BRDA:190,36,0,3
BRDA:190,36,1,5
BRDA:190,37,0,8
BRDA:190,37,1,8
BRDA:190,37,2,5
BRDA:190,37,3,5
BRDA:214,38,0,3
BRDA:214,38,1,5
BRDA:214,39,0,8
BRDA:214,39,1,8
BRDA:214,39,2,5
BRDA:214,39,3,5
BRF:88
BRH:67
end_of_record
TN:
SF:routes\dashboard-stats-query-helpers.js
FN:4,fetchTotalCounts
FN:6,(anonymous_1)
FN:7,(anonymous_2)
FN:8,(anonymous_3)
FN:9,(anonymous_4)
FN:10,(anonymous_5)
FN:11,(anonymous_6)
FN:12,(anonymous_7)
FN:26,buildApprovalCards
FN:71,calculateActivityStats
FNF:10
FNH:10
FNDA:15,fetchTotalCounts
FNDA:3,(anonymous_1)
FNDA:3,(anonymous_2)
FNDA:2,(anonymous_3)
FNDA:2,(anonymous_4)
FNDA:2,(anonymous_5)
FNDA:2,(anonymous_6)
FNDA:2,(anonymous_7)
FNDA:10,buildApprovalCards
FNDA:10,calculateActivityStats
DA:2,5
DA:5,15
DA:6,3
DA:7,3
DA:8,2
DA:9,2
DA:10,2
DA:11,2
DA:12,2
DA:15,9
DA:27,10
DA:28,10
DA:30,10
DA:31,3
DA:34,7
DA:38,6
DA:46,6
DA:48,6
DA:49,6
DA:58,6
DA:60,6
DA:61,6
DA:72,10
DA:73,10
DA:80,5
LF:25
LH:25
BRDA:16,0,0,9
BRDA:16,0,1,4
BRDA:17,1,0,8
BRDA:17,1,1,5
BRDA:18,2,0,8
BRDA:18,2,1,4
BRDA:19,3,0,8
BRDA:19,3,1,5
BRDA:20,4,0,8
BRDA:20,4,1,5
BRDA:21,5,0,8
BRDA:21,5,1,5
BRDA:22,6,0,8
BRDA:22,6,1,5
BRDA:30,7,0,3
BRDA:30,7,1,7
BRDA:30,8,0,10
BRDA:30,8,1,8
BRDA:30,8,2,7
BRDA:30,8,3,7
BRDA:48,9,0,6
BRDA:48,9,1,0
BRDA:48,10,0,6
BRDA:48,10,1,3
BRDA:48,10,2,2
BRDA:48,10,3,0
BRDA:48,10,4,0
BRDA:60,11,0,6
BRDA:60,11,1,0
BRDA:60,12,0,6
BRDA:60,12,1,4
BRDA:60,12,2,1
BRDA:60,12,3,1
BRDA:72,13,0,10
BRDA:72,13,1,4
BRF:35
BRH:31
end_of_record
TN:
SF:routes\dashboard.js
FN:27,buildDateFilterShared
FN:50,(anonymous_1)
FN:66,(anonymous_2)
FN:124,(anonymous_3)
FN:134,(anonymous_4)
FN:150,(anonymous_5)
FNF:6
FNH:5
FNDA:25,buildDateFilterShared
FNDA:12,(anonymous_1)
FNDA:1,(anonymous_2)
FNDA:0,(anonymous_3)
FNDA:8,(anonymous_4)
FNDA:24,(anonymous_5)
DA:1,3
DA:2,3
DA:3,3
DA:16,3
DA:23,3
DA:24,3
DA:28,25
DA:29,25
DA:30,25
DA:32,25
DA:33,5
DA:34,5
DA:35,5
DA:37,25
DA:38,5
DA:39,5
DA:40,5
DA:41,5
DA:42,5
DA:45,25
DA:48,3
DA:50,3
DA:51,12
DA:52,12
DA:53,12
DA:54,12
DA:55,12
DA:56,12
DA:57,12
DA:60,12
DA:61,12
DA:62,12
DA:63,12
DA:66,12
DA:68,12
DA:69,12
DA:70,12
DA:72,12
DA:84,12
DA:85,12
DA:86,6
DA:89,6
DA:90,3
DA:93,3
DA:96,3
DA:97,0
DA:101,3
DA:102,0
DA:106,3
DA:117,3
DA:120,3
DA:121,3
DA:123,3
DA:124,3
DA:126,3
DA:128,9
DA:129,9
DA:134,3
DA:135,8
DA:136,8
DA:137,8
DA:138,8
DA:139,8
DA:140,8
DA:141,8
DA:144,8
DA:145,8
DA:146,8
DA:147,8
DA:150,24
DA:152,8
DA:162,4
DA:164,4
DA:165,4
DA:169,3
LF:75
LH:73
BRDA:27,0,0,0
BRDA:32,1,0,5
BRDA:32,1,1,20
BRDA:37,2,0,5
BRDA:37,2,1,20
BRDA:53,3,0,12
BRDA:53,3,1,0
BRDA:62,4,0,10
BRDA:62,4,1,2
BRDA:62,5,0,12
BRDA:62,5,1,12
BRDA:62,5,2,2
BRDA:63,6,0,10
BRDA:63,6,1,2
BRDA:63,7,0,12
BRDA:63,7,1,12
BRDA:63,7,2,2
BRDA:66,8,0,0
BRDA:68,9,0,12
BRDA:68,9,1,10
BRDA:69,10,0,12
BRDA:69,10,1,10
BRDA:96,11,0,0
BRDA:96,11,1,3
BRDA:101,12,0,0
BRDA:101,12,1,3
BRDA:101,13,0,3
BRDA:101,13,1,3
BRDA:137,14,0,8
BRDA:137,14,1,0
BRDA:146,15,0,6
BRDA:146,15,1,2
BRDA:146,16,0,8
BRDA:146,16,1,8
BRDA:146,16,2,2
BRDA:147,17,0,6
BRDA:147,17,1,2
BRDA:147,18,0,8
BRDA:147,18,1,8
BRDA:147,18,2,2
BRDA:150,19,0,0
BRF:41
BRH:34
end_of_record
TN:
SF:routes\dashboardStats.js
FN:8,(anonymous_0)
FN:39,(anonymous_1)
FN:53,(anonymous_2)
FN:74,(anonymous_3)
FN:106,(anonymous_4)
FNF:5
FNH:5
FNDA:20,(anonymous_0)
FNDA:2,(anonymous_1)
FNDA:4,(anonymous_2)
FNDA:3,(anonymous_3)
FNDA:2,(anonymous_4)
DA:1,5
DA:2,5
DA:3,5
DA:4,5
DA:5,5
DA:6,5
DA:8,5
DA:9,20
DA:10,20
DA:11,20
DA:14,20
DA:15,0
DA:22,20
DA:30,16
DA:32,16
DA:34,4
DA:35,4
DA:39,5
DA:40,2
DA:41,2
DA:46,1
DA:48,1
DA:49,1
DA:53,5
DA:54,4
DA:55,4
DA:57,4
DA:58,1
DA:61,3
DA:67,2
DA:69,1
DA:70,1
DA:74,5
DA:75,3
DA:76,3
DA:77,3
DA:79,3
DA:95,2
DA:96,0
DA:99,2
DA:101,1
DA:102,1
DA:106,5
DA:107,2
DA:108,2
DA:110,2
DA:116,1
DA:117,0
DA:120,1
DA:122,1
DA:123,1
DA:127,5
LF:52
LH:49
BRDA:10,0,0,20
BRDA:10,0,1,0
BRDA:14,1,0,0
BRDA:14,1,1,20
BRDA:57,2,0,1
BRDA:57,2,1,3
BRDA:57,3,0,4
BRDA:57,3,1,4
BRDA:65,4,0,3
BRDA:65,4,1,2
BRDA:65,5,0,3
BRDA:65,5,1,2
BRDA:65,6,0,3
BRDA:65,6,1,2
BRDA:65,7,0,3
BRDA:65,7,1,2
BRDA:65,8,0,3
BRDA:65,8,1,2
BRDA:65,9,0,3
BRDA:65,9,1,2
BRDA:95,10,0,0
BRDA:95,10,1,2
BRDA:116,11,0,0
BRDA:116,11,1,1
BRF:24
BRH:20
end_of_record
TN:
SF:routes\masterData-crud-helpers.js
FN:7,handleGetRequest
FN:25,handlePostRequest
FN:49,handlePutRequest
FN:77,handleDeleteRequest
FNF:4
FNH:4
FNDA:10,handleGetRequest
FNDA:5,handlePostRequest
FNDA:4,handlePutRequest
FNDA:7,handleDeleteRequest
DA:2,4
DA:3,4
DA:4,4
DA:5,4
DA:8,10
DA:9,10
DA:10,10
DA:18,8
DA:20,2
DA:21,2
DA:26,5
DA:27,5
DA:28,5
DA:29,5
DA:31,5
DA:32,5
DA:33,2
DA:36,3
DA:37,3
DA:39,3
DA:40,1
DA:43,3
DA:45,0
DA:50,4
DA:51,4
DA:52,4
DA:53,4
DA:54,4
DA:56,4
DA:57,4
DA:58,0
DA:61,4
DA:62,4
DA:63,2
DA:66,2
DA:67,2
DA:68,0
DA:71,2
DA:73,0
DA:78,7
DA:79,7
DA:80,7
DA:86,4
DA:87,2
DA:89,2
DA:91,3
DA:92,2
DA:94,1
DA:95,1
DA:99,4
LF:50
LH:46
BRDA:11,0,0,10
BRDA:11,0,1,5
BRDA:12,1,0,10
BRDA:12,1,1,5
BRDA:13,2,0,10
BRDA:13,2,1,5
BRDA:14,3,0,10
BRDA:14,3,1,5
BRDA:15,4,0,10
BRDA:15,4,1,5
BRDA:18,5,0,8
BRDA:18,5,1,0
BRDA:29,6,0,0
BRDA:29,6,1,5
BRDA:32,7,0,2
BRDA:32,7,1,3
BRDA:39,8,0,1
BRDA:39,8,1,2
BRDA:54,9,0,0
BRDA:54,9,1,4
BRDA:57,10,0,0
BRDA:57,10,1,4
BRDA:62,11,0,2
BRDA:62,11,1,2
BRDA:67,12,0,0
BRDA:67,12,1,2
BRDA:83,13,0,7
BRDA:83,13,1,6
BRDA:84,14,0,7
BRDA:84,14,1,6
BRDA:86,15,0,2
BRDA:86,15,1,2
BRDA:91,16,0,2
BRDA:91,16,1,1
BRF:34
BRH:29
end_of_record
TN:
SF:routes\masterData-helpers.js
FN:7,validateNameAndCode
FN:22,detectAliasFromSelectFields
FN:28,detectAliasFromJoinClause
FN:37,determineTableAlias
FN:45,qualifyField
FN:50,buildFromClause
FN:55,addStatusFilter
FN:66,addSearchFilter
FN:71,(anonymous_8)
FN:78,addAdditionalFilters
FN:96,handleGetWithFilters
FN:111,(anonymous_11)
FN:143,handleCreate
FN:145,(anonymous_13)
FN:157,handleUpdate
FN:158,(anonymous_15)
FN:172,checkCanDelete
FN:189,handleSoftDelete
FNF:18
FNH:18
FNDA:16,validateNameAndCode
FNDA:18,detectAliasFromSelectFields
FNDA:16,detectAliasFromJoinClause
FNDA:24,determineTableAlias
FNDA:73,qualifyField
FNDA:24,buildFromClause
FNDA:24,addStatusFilter
FNDA:24,addSearchFilter
FNDA:9,(anonymous_8)
FNDA:24,addAdditionalFilters
FNDA:24,handleGetWithFilters
FNDA:47,(anonymous_11)
FNDA:6,handleCreate
FNDA:9,(anonymous_13)
FNDA:5,handleUpdate
FNDA:8,(anonymous_15)
FNDA:7,checkCanDelete
FNDA:10,handleSoftDelete
DA:2,6
DA:3,6
DA:4,6
DA:8,16
DA:9,16
DA:10,16
DA:12,16
DA:13,8
DA:14,5
DA:18,16
DA:23,18
DA:24,18
DA:29,16
DA:30,14
DA:32,2
DA:33,2
DA:38,24
DA:39,6
DA:41,18
DA:46,73
DA:51,24
DA:56,24
DA:57,16
DA:59,8
DA:60,8
DA:61,8
DA:62,8
DA:67,24
DA:68,19
DA:70,5
DA:71,9
DA:72,5
DA:73,5
DA:74,5
DA:79,24
DA:80,24
DA:81,24
DA:83,24
DA:84,25
DA:85,2
DA:86,2
DA:87,2
DA:88,2
DA:92,24
DA:106,24
DA:108,24
DA:109,24
DA:110,24
DA:111,47
DA:113,24
DA:114,24
DA:115,24
DA:117,24
DA:118,24
DA:119,24
DA:120,24
DA:122,24
DA:123,24
DA:124,24
DA:125,24
DA:127,24
DA:128,24
DA:129,24
DA:131,24
DA:132,8
DA:135,24
DA:136,8
DA:139,24
DA:144,6
DA:145,9
DA:147,6
DA:153,6
DA:158,8
DA:159,5
DA:161,5
DA:168,5
DA:173,7
DA:174,7
DA:178,7
DA:179,7
DA:181,7
DA:182,3
DA:183,3
DA:184,3
DA:190,10
DA:191,7
DA:194,7
DA:200,6
LF:88
LH:88
BRDA:7,0,0,10
BRDA:9,1,0,4
BRDA:9,1,1,12
BRDA:10,2,0,4
BRDA:10,2,1,12
BRDA:13,3,0,5
BRDA:13,3,1,3
BRDA:13,4,0,8
BRDA:13,4,1,8
BRDA:13,4,2,6
BRDA:24,5,0,2
BRDA:24,5,1,16
BRDA:29,6,0,14
BRDA:29,6,1,2
BRDA:33,7,0,2
BRDA:33,7,1,0
BRDA:38,8,0,6
BRDA:38,8,1,18
BRDA:41,9,0,18
BRDA:41,9,1,16
BRDA:46,10,0,30
BRDA:46,10,1,43
BRDA:51,11,0,10
BRDA:51,11,1,14
BRDA:56,12,0,16
BRDA:56,12,1,8
BRDA:56,13,0,24
BRDA:56,13,1,9
BRDA:67,14,0,19
BRDA:67,14,1,5
BRDA:84,15,0,2
BRDA:84,15,1,23
BRDA:84,16,0,25
BRDA:84,16,1,12
BRDA:84,16,2,3
BRDA:84,16,3,2
BRDA:96,17,0,0
BRDA:98,18,0,24
BRDA:99,19,0,21
BRDA:100,20,0,16
BRDA:101,21,0,16
BRDA:102,22,0,16
BRDA:103,23,0,2
BRDA:104,24,0,16
BRDA:105,25,0,18
BRDA:131,26,0,8
BRDA:131,26,1,16
BRDA:135,27,0,8
BRDA:135,27,1,16
BRDA:143,28,0,3
BRDA:157,29,0,4
BRDA:173,30,0,7
BRDA:173,30,1,7
BRDA:174,31,0,7
BRDA:174,31,1,0
BRDA:178,32,0,7
BRDA:178,32,1,0
BRDA:181,33,0,3
BRDA:181,33,1,4
BRDA:182,34,0,3
BRDA:182,34,1,0
BRDA:183,35,0,3
BRDA:183,35,1,0
BRDA:189,36,0,3
BRDA:189,37,0,3
BRDA:190,38,0,7
BRDA:190,38,1,3
BRDA:190,39,0,10
BRDA:190,39,1,7
BRF:69
BRH:63
end_of_record
TN:
SF:routes\masterData.js
FN:13,(anonymous_0)
FN:44,(anonymous_1)
FN:56,(anonymous_2)
FN:60,(anonymous_3)
FN:61,(anonymous_4)
FN:65,(anonymous_5)
FN:69,(anonymous_6)
FN:70,(anonymous_7)
FN:74,(anonymous_8)
FN:83,(anonymous_9)
FN:96,(anonymous_10)
FN:100,(anonymous_11)
FN:101,(anonymous_12)
FN:102,(anonymous_13)
FN:103,(anonymous_14)
FN:111,(anonymous_15)
FN:115,(anonymous_16)
FN:116,(anonymous_17)
FN:117,(anonymous_18)
FN:118,(anonymous_19)
FN:126,(anonymous_20)
FN:135,(anonymous_21)
FN:147,(anonymous_22)
FN:151,(anonymous_23)
FN:152,(anonymous_24)
FN:156,(anonymous_25)
FN:160,(anonymous_26)
FN:161,(anonymous_27)
FN:165,(anonymous_28)
FNF:29
FNH:6
FNDA:42,(anonymous_0)
FNDA:10,(anonymous_1)
FNDA:8,(anonymous_2)
FNDA:0,(anonymous_3)
FNDA:0,(anonymous_4)
FNDA:0,(anonymous_5)
FNDA:0,(anonymous_6)
FNDA:0,(anonymous_7)
FNDA:0,(anonymous_8)
FNDA:4,(anonymous_9)
FNDA:1,(anonymous_10)
FNDA:0,(anonymous_11)
FNDA:0,(anonymous_12)
FNDA:0,(anonymous_13)
FNDA:0,(anonymous_14)
FNDA:0,(anonymous_15)
FNDA:0,(anonymous_16)
FNDA:0,(anonymous_17)
FNDA:0,(anonymous_18)
FNDA:0,(anonymous_19)
FNDA:0,(anonymous_20)
FNDA:3,(anonymous_21)
FNDA:0,(anonymous_22)
FNDA:0,(anonymous_23)
FNDA:0,(anonymous_24)
FNDA:0,(anonymous_25)
FNDA:0,(anonymous_26)
FNDA:0,(anonymous_27)
FNDA:0,(anonymous_28)
DA:1,5
DA:2,5
DA:3,5
DA:4,5
DA:10,5
DA:11,5
DA:13,5
DA:14,42
DA:15,0
DA:18,42
DA:19,42
DA:20,42
DA:22,42
DA:23,0
DA:26,42
DA:27,39
DA:28,12
DA:31,27
DA:32,27
DA:33,18
DA:36,9
DA:37,9
DA:39,3
DA:40,3
DA:44,5
DA:45,10
DA:56,5
DA:57,8
DA:60,0
DA:61,0
DA:65,5
DA:66,0
DA:69,0
DA:70,0
DA:74,5
DA:75,0
DA:83,5
DA:84,4
DA:96,5
DA:97,1
DA:100,0
DA:101,0
DA:102,0
DA:104,0
DA:105,0
DA:106,0
DA:111,5
DA:112,0
DA:115,0
DA:116,0
DA:117,0
DA:119,0
DA:120,0
DA:121,0
DA:126,5
DA:127,0
DA:135,5
DA:136,3
DA:147,5
DA:148,0
DA:151,0
DA:152,0
DA:156,5
DA:157,0
DA:160,0
DA:161,0
DA:165,5
DA:166,0
DA:172,5
LF:69
LH:40
BRDA:14,0,0,0
BRDA:14,0,1,42
BRDA:20,1,0,42
BRDA:20,1,1,0
BRDA:20,1,2,0
BRDA:22,2,0,0
BRDA:22,2,1,42
BRDA:27,3,0,12
BRDA:27,3,1,27
BRDA:31,4,0,27
BRDA:31,4,1,15
BRDA:32,5,0,18
BRDA:32,5,1,9
BRDA:32,6,0,27
BRDA:32,6,1,26
BRDA:61,7,0,0
BRDA:61,7,1,0
BRDA:61,8,0,0
BRDA:61,8,1,0
BRDA:70,9,0,0
BRDA:70,9,1,0
BRDA:101,10,0,0
BRDA:101,10,1,0
BRDA:101,11,0,0
BRDA:101,11,1,0
BRDA:105,12,0,0
BRDA:105,12,1,0
BRDA:116,13,0,0
BRDA:116,13,1,0
BRDA:120,14,0,0
BRDA:120,14,1,0
BRDA:152,15,0,0
BRDA:152,15,1,0
BRDA:152,16,0,0
BRDA:152,16,1,0
BRDA:152,17,0,0
BRDA:152,17,1,0
BRDA:152,18,0,0
BRDA:152,18,1,0
BRDA:161,19,0,0
BRDA:161,19,1,0
BRDA:161,20,0,0
BRDA:161,20,1,0
BRDA:161,21,0,0
BRDA:161,21,1,0
BRF:45
BRH:11
end_of_record
TN:
SF:routes\reimbursements-get-helpers.js
FN:5,handleSimpleGetRequest
FNF:1
FNH:1
FNDA:9,handleSimpleGetRequest
DA:2,3
DA:3,3
DA:6,9
DA:7,9
DA:8,7
DA:10,2
DA:11,1
DA:12,1
DA:14,1
DA:15,1
DA:19,3
LF:11
LH:11
BRDA:5,0,0,7
BRDA:8,1,0,7
BRDA:8,1,1,0
BRDA:10,2,0,1
BRDA:10,2,1,1
BRF:5
BRH:4
end_of_record
TN:
SF:routes\reimbursements-helpers.js
FN:4,organizeItemFiles
FN:21,processReimbursementItem
FN:86,fetchReimbursementWithDetails
FNF:3
FNH:3
FNDA:8,organizeItemFiles
FNDA:11,processReimbursementItem
FNDA:8,fetchReimbursementWithDetails
DA:2,4
DA:5,8
DA:6,8
DA:7,3
DA:8,8
DA:9,8
DA:10,7
DA:11,7
DA:12,5
DA:14,7
DA:18,8
DA:22,11
DA:24,11
DA:25,2
DA:26,2
DA:29,9
DA:30,9
DA:31,2
DA:32,2
DA:35,7
DA:55,7
DA:58,7
DA:59,4
DA:60,4
DA:61,4
DA:76,2
DA:77,1
DA:83,7
DA:87,8
DA:88,8
DA:89,8
DA:91,8
DA:92,8
DA:104,7
DA:111,7
DA:112,7
DA:118,3
DA:119,1
DA:123,1
DA:126,8
DA:133,4
LF:41
LH:41
BRDA:6,0,0,3
BRDA:6,0,1,5
BRDA:6,1,0,8
BRDA:6,1,1,6
BRDA:9,2,0,7
BRDA:9,2,1,1
BRDA:11,3,0,5
BRDA:11,3,1,2
BRDA:24,4,0,2
BRDA:24,4,1,9
BRDA:24,5,0,11
BRDA:24,5,1,9
BRDA:24,5,2,9
BRDA:30,6,0,2
BRDA:30,6,1,7
BRDA:30,7,0,9
BRDA:30,7,1,9
BRDA:44,8,0,7
BRDA:44,8,1,6
BRDA:47,9,0,7
BRDA:47,9,1,3
BRDA:49,10,0,7
BRDA:49,10,1,7
BRDA:50,11,0,7
BRDA:50,11,1,7
BRDA:51,12,0,7
BRDA:51,12,1,7
BRDA:52,13,0,7
BRDA:52,13,1,7
BRDA:58,14,0,4
BRDA:58,14,1,3
BRDA:58,15,0,7
BRDA:58,15,1,4
BRDA:76,16,0,1
BRDA:76,16,1,1
BRDA:118,17,0,1
BRDA:118,17,1,2
BRDA:127,18,0,8
BRDA:127,18,1,3
BRDA:128,19,0,8
BRDA:128,19,1,0
BRDA:129,20,0,7
BRDA:129,20,1,0
BRF:43
BRH:41
end_of_record
TN:
SF:routes\reimbursements-process-helpers.js
FN:4,processAllItems
FN:14,recalculateAndUpdateTotal
FNF:2
FNH:2
FNDA:8,processAllItems
FNDA:13,recalculateAndUpdateTotal
DA:2,4
DA:5,8
DA:6,12
DA:7,12
DA:8,2
DA:11,6
DA:15,13
DA:19,13
DA:20,11
DA:21,4
DA:28,11
DA:31,4
LF:12
LH:12
BRDA:7,0,0,2
BRDA:7,0,1,10
BRDA:20,1,0,4
BRDA:20,1,1,7
BRF:4
BRH:4
end_of_record
TN:
SF:routes\reimbursements-validation-helpers.js
FN:4,parseRequestData
FN:17,validateItems
FN:24,calculateTotalAmount
FN:25,(anonymous_3)
FN:40,determineReimbursementStatus
FNF:5
FNH:5
FNDA:10,parseRequestData
FNDA:11,validateItems
FNDA:13,calculateTotalAmount
FNDA:20,(anonymous_3)
FNDA:12,determineReimbursementStatus
DA:2,3
DA:7,10
DA:8,10
DA:10,3
DA:11,3
DA:14,10
DA:18,11
DA:19,7
DA:21,4
DA:25,13
DA:26,20
DA:27,20
DA:28,4
DA:30,16
DA:33,9
DA:34,2
DA:37,7
DA:41,12
DA:44,3
LF:19
LH:19
BRDA:8,0,0,8
BRDA:8,0,1,2
BRDA:18,1,0,7
BRDA:18,1,1,4
BRDA:18,2,0,11
BRDA:18,2,1,8
BRDA:18,2,2,6
BRDA:26,3,0,20
BRDA:26,3,1,3
BRDA:27,4,0,4
BRDA:27,4,1,16
BRDA:27,5,0,20
BRDA:27,5,1,18
BRDA:33,6,0,2
BRDA:33,6,1,7
BRDA:41,7,0,2
BRDA:41,7,1,10
BRF:17
BRH:17
end_of_record
TN:
SF:routes\reimbursements.js
FN:15,(anonymous_0)
FN:24,(anonymous_1)
FN:43,(anonymous_2)
FN:52,(anonymous_3)
FN:60,(anonymous_4)
FN:133,(anonymous_5)
FN:162,(anonymous_6)
FNF:7
FNH:7
FNDA:3,(anonymous_0)
FNDA:3,(anonymous_1)
FNDA:2,(anonymous_2)
FNDA:2,(anonymous_3)
FNDA:18,(anonymous_4)
FNDA:13,(anonymous_5)
FNDA:9,(anonymous_6)
DA:1,5
DA:2,5
DA:3,5
DA:4,5
DA:5,5
DA:6,5
DA:11,5
DA:12,5
DA:13,5
DA:15,5
DA:16,3
DA:24,5
DA:25,3
DA:26,3
DA:32,3
DA:34,3
DA:35,1
DA:36,1
DA:39,3
DA:40,3
DA:43,5
DA:44,2
DA:52,5
DA:53,2
DA:60,5
DA:61,18
DA:62,17
DA:63,17
DA:65,17
DA:66,17
DA:68,17
DA:69,17
DA:71,17
DA:72,17
DA:73,3
DA:74,3
DA:77,14
DA:78,13
DA:79,1
DA:80,1
DA:82,12
DA:84,12
DA:86,12
DA:92,10
DA:95,10
DA:98,10
DA:99,10
DA:100,10
DA:101,2
DA:102,2
DA:106,8
DA:108,5
DA:111,5
DA:113,4
DA:122,7
DA:123,7
DA:124,0
DA:126,7
DA:127,7
DA:129,17
DA:133,5
DA:134,13
DA:135,13
DA:136,13
DA:138,13
DA:151,13
DA:153,13
DA:154,13
DA:155,13
DA:158,13
DA:160,13
DA:162,10
DA:163,9
DA:164,9
DA:172,7
DA:177,2
DA:178,2
DA:185,10
DA:187,3
DA:188,2
DA:189,2
DA:191,1
DA:192,1
DA:196,5
LF:84
LH:83
BRDA:34,0,0,1
BRDA:34,0,1,2
BRDA:69,1,0,13
BRDA:72,2,0,3
BRDA:72,2,1,14
BRDA:78,3,0,1
BRDA:78,3,1,12
BRDA:90,4,0,12
BRDA:90,4,1,8
BRDA:90,5,0,12
BRDA:90,5,1,8
BRDA:90,6,0,12
BRDA:90,6,1,8
BRDA:90,7,0,12
BRDA:90,7,1,8
BRDA:100,8,0,2
BRDA:100,8,1,8
BRDA:116,9,0,4
BRDA:116,9,1,0
BRDA:123,10,0,0
BRDA:123,10,1,7
BRDA:136,11,0,13
BRDA:136,11,1,13
BRDA:153,12,0,13
BRDA:153,12,1,0
BRDA:153,13,0,13
BRDA:153,13,1,13
BRDA:174,14,0,7
BRDA:174,14,1,0
BRDA:185,15,0,10
BRDA:185,15,1,0
BRDA:187,16,0,2
BRDA:187,16,1,1
BRF:33
BRH:28
end_of_record
TN:
SF:utils\common-helpers.js
FN:10,buildWhereClause
FN:35,buildDateFilter
FN:61,parseSearchParam
FN:76,handleDatabaseError
FN:93,validateRequiredFields
FN:109,buildPagination
FNF:6
FNH:6
FNDA:8,buildWhereClause
FNDA:9,buildDateFilter
FNDA:21,parseSearchParam
FNDA:3,handleDatabaseError
FNDA:8,validateRequiredFields
FNDA:11,buildPagination
DA:2,10
DA:11,8
DA:12,8
DA:13,8
DA:15,8
DA:16,14
DA:17,9
DA:18,9
DA:19,9
DA:23,8
DA:24,8
DA:36,9
DA:37,9
DA:38,9
DA:40,9
DA:41,7
DA:42,7
DA:43,7
DA:45,9
DA:46,6
DA:47,6
DA:48,6
DA:49,6
DA:50,6
DA:53,9
DA:62,21
DA:63,6
DA:65,15
DA:77,3
DA:78,1
DA:80,2
DA:81,1
DA:83,1
DA:84,1
DA:94,8
DA:95,8
DA:96,17
DA:97,7
DA:100,8
DA:110,11
DA:111,11
DA:112,11
DA:113,11
DA:116,10
LF:44
LH:44
BRDA:10,0,0,3
BRDA:16,1,0,9
BRDA:16,1,1,5
BRDA:16,2,0,14
BRDA:16,2,1,12
BRDA:16,2,2,10
BRDA:23,3,0,6
BRDA:23,3,1,2
BRDA:35,4,0,3
BRDA:35,5,0,4
BRDA:40,6,0,7
BRDA:40,6,1,2
BRDA:45,7,0,6
BRDA:45,7,1,3
BRDA:62,8,0,6
BRDA:62,8,1,15
BRDA:62,9,0,21
BRDA:62,9,1,19
BRDA:62,9,2,10
BRDA:77,10,0,1
BRDA:77,10,1,2
BRDA:80,11,0,1
BRDA:80,11,1,1
BRDA:96,12,0,7
BRDA:96,12,1,10
BRDA:96,13,0,17
BRDA:96,13,1,12
BRDA:96,13,2,12
BRDA:109,14,0,10
BRDA:110,15,0,11
BRDA:110,15,1,7
BRDA:111,16,0,11
BRDA:111,16,1,8
BRF:33
BRH:33
end_of_record
TN:
SF:utils\logger.js
FN:14,(anonymous_0)
FN:32,(anonymous_1)
FN:48,(anonymous_2)
FNF:3
FNH:3
FNDA:35,(anonymous_0)
FNDA:56,(anonymous_1)
FNDA:14,(anonymous_2)
DA:6,75
DA:8,75
DA:15,35
DA:16,5
DA:18,1
DA:21,4
DA:33,56
DA:35,49
DA:38,7
DA:49,14
DA:50,5
DA:52,1
DA:55,4
DA:61,75
LF:14
LH:14
BRDA:14,0,0,32
BRDA:15,1,0,5
BRDA:15,1,1,30
BRDA:16,2,0,1
BRDA:16,2,1,4
BRDA:32,3,0,6
BRDA:33,4,0,49
BRDA:33,4,1,7
BRDA:48,5,0,8
BRDA:49,6,0,5
BRDA:49,6,1,9
BRDA:50,7,0,1
BRDA:50,7,1,4
BRF:13
BRH:13
end_of_record
